Flow report for lab2_1
Thu Apr 23 16:26:28 2020
Quartus Prime Version 16.1.0 Build 196 10/24/2016 SJ Lite Edition


---------------------
; Table of Contents ;
---------------------
  1. Legal Notice
  2. Flow Summary
  3. Flow Settings
  4. Flow Non-Default Global Settings
  5. Flow Elapsed Time
  6. Flow OS Summary
  7. Flow Log
  8. Flow Messages
  9. Flow Suppressed Messages



----------------
; Legal Notice ;
----------------
Copyright (C) 2016  Intel Corporation. All rights reserved.
Your use of Intel Corporation's design tools, logic functions 
and other software and tools, and its AMPP partner logic 
functions, and any output files from any of the foregoing 
(including device programming or simulation files), and any 
associated documentation or information are expressly subject 
to the terms and conditions of the Intel Program License 
Subscription Agreement, the Intel Quartus Prime License Agreement,
the Intel MegaCore Function License Agreement, or other 
applicable license agreement, including, without limitation, 
that your use is for the sole purpose of programming logic 
devices manufactured by Intel and sold by Intel or its 
authorized distributors.  Please refer to the applicable 
agreement for further details.



+----------------------------------------------------------------------------------+
; Flow Summary                                                                     ;
+------------------------------------+---------------------------------------------+
; Flow Status                        ; Successful - Thu Apr 23 16:26:28 2020       ;
; Quartus Prime Version              ; 16.1.0 Build 196 10/24/2016 SJ Lite Edition ;
; Revision Name                      ; lab2_1                                      ;
; Top-level Entity Name              ; lab2_1                                      ;
; Family                             ; Cyclone IV E                                ;
; Device                             ; EP4CE115F29C7                               ;
; Timing Models                      ; Final                                       ;
; Total logic elements               ; 6,599 / 114,480 ( 6 % )                     ;
;     Total combinational functions  ; 5,761 / 114,480 ( 5 % )                     ;
;     Dedicated logic registers      ; 4,144 / 114,480 ( 4 % )                     ;
; Total registers                    ; 4263                                        ;
; Total pins                         ; 180 / 529 ( 34 % )                          ;
; Total virtual pins                 ; 0                                           ;
; Total memory bits                  ; 85,952 / 3,981,312 ( 2 % )                  ;
; Embedded Multiplier 9-bit elements ; 6 / 532 ( 1 % )                             ;
; Total PLLs                         ; 1 / 4 ( 25 % )                              ;
+------------------------------------+---------------------------------------------+


+-----------------------------------------+
; Flow Settings                           ;
+-------------------+---------------------+
; Option            ; Setting             ;
+-------------------+---------------------+
; Start date & time ; 04/23/2020 16:24:42 ;
; Main task         ; Compilation         ;
; Revision Name     ; lab2_1              ;
+-------------------+---------------------+


+-------------------------------------------------------------------------------------------------------------------------------------------------------------------+
; Flow Non-Default Global Settings                                                                                                                                  ;
+-------------------------------------+-----------------------------------------------------------+--------------------------------------+-------------+------------+
; Assignment Name                     ; Value                                                     ; Default Value                        ; Entity Name ; Section Id ;
+-------------------------------------+-----------------------------------------------------------+--------------------------------------+-------------+------------+
; COMPILER_SIGNATURE_ID               ; 5334173172051.158768428214144                             ; --                                   ; --          ; --         ;
; MAX_CORE_JUNCTION_TEMP              ; 85                                                        ; --                                   ; --          ; --         ;
; MIN_CORE_JUNCTION_TEMP              ; 0                                                         ; --                                   ; --          ; --         ;
; MISC_FILE                           ; niosSys/synthesis/../niosSys.cmp                          ; --                                   ; --          ; --         ;
; MISC_FILE                           ; niosSys/synthesis/../../niosSys.qsys                      ; --                                   ; --          ; --         ;
; NUM_PARALLEL_PROCESSORS             ; All                                                       ; --                                   ; --          ; --         ;
; OUTPUT_IO_TIMING_FAR_END_VMEAS      ; Half Signal Swing                                         ; --                                   ; --          ; --         ;
; OUTPUT_IO_TIMING_FAR_END_VMEAS      ; Half Signal Swing                                         ; --                                   ; --          ; --         ;
; OUTPUT_IO_TIMING_NEAR_END_VMEAS     ; Half Vccio                                                ; --                                   ; --          ; --         ;
; OUTPUT_IO_TIMING_NEAR_END_VMEAS     ; Half Vccio                                                ; --                                   ; --          ; --         ;
; PARTITION_COLOR                     ; -- (Not supported for targeted family)                    ; --                                   ; --          ; Top        ;
; PARTITION_FITTER_PRESERVATION_LEVEL ; -- (Not supported for targeted family)                    ; --                                   ; --          ; Top        ;
; PARTITION_NETLIST_TYPE              ; -- (Not supported for targeted family)                    ; --                                   ; --          ; Top        ;
; POWER_BOARD_THERMAL_MODEL           ; None (CONSERVATIVE)                                       ; --                                   ; --          ; --         ;
; POWER_PRESET_COOLING_SOLUTION       ; 23 MM HEAT SINK WITH 200 LFPM AIRFLOW                     ; --                                   ; --          ; --         ;
; PROJECT_IP_REGENERATION_POLICY      ; ALWAYS_REGENERATE_IP                                      ; SKIP_REGENERATING_IP_IF_HDL_MODIFIED ; --          ; --         ;
; PROJECT_OUTPUT_DIRECTORY            ; output_files                                              ; --                                   ; --          ; --         ;
; SLD_FILE                            ; niosSys/synthesis/niosSys.regmap                          ; --                                   ; --          ; --         ;
; SLD_FILE                            ; niosSys/synthesis/niosSys.debuginfo                       ; --                                   ; --          ; --         ;
; SLD_INFO                            ; QSYS_NAME niosSys HAS_SOPCINFO 1 GENERATION_ID 1587683138 ; --                                   ; niosSys     ; --         ;
; SOPCINFO_FILE                       ; niosSys/synthesis/../../niosSys.sopcinfo                  ; --                                   ; --          ; --         ;
; SYNTHESIS_ONLY_QIP                  ; On                                                        ; --                                   ; --          ; --         ;
+-------------------------------------+-----------------------------------------------------------+--------------------------------------+-------------+------------+


+-------------------------------------------------------------------------------------------------------------------------------+
; Flow Elapsed Time                                                                                                             ;
+---------------------------+--------------+-------------------------+---------------------+------------------------------------+
; Module Name               ; Elapsed Time ; Average Processors Used ; Peak Virtual Memory ; Total CPU Time (on all processors) ;
+---------------------------+--------------+-------------------------+---------------------+------------------------------------+
; Analysis & Synthesis      ; 00:00:43     ; 1.0                     ; 5107 MB             ; 00:00:58                           ;
; Fitter                    ; 00:00:24     ; 1.1                     ; 6428 MB             ; 00:00:41                           ;
; Assembler                 ; 00:00:03     ; 1.0                     ; 4720 MB             ; 00:00:03                           ;
; TimeQuest Timing Analyzer ; 00:00:04     ; 1.5                     ; 5023 MB             ; 00:00:04                           ;
; Total                     ; 00:01:14     ; --                      ; --                  ; 00:01:46                           ;
+---------------------------+--------------+-------------------------+---------------------+------------------------------------+


+-----------------------------------------------------------------------------------------+
; Flow OS Summary                                                                         ;
+---------------------------+------------------+------------+------------+----------------+
; Module Name               ; Machine Hostname ; OS Name    ; OS Version ; Processor type ;
+---------------------------+------------------+------------+------------+----------------+
; Analysis & Synthesis      ; HanzDesktop      ; Windows 10 ; 10.0       ; x86_64         ;
; Fitter                    ; HanzDesktop      ; Windows 10 ; 10.0       ; x86_64         ;
; Assembler                 ; HanzDesktop      ; Windows 10 ; 10.0       ; x86_64         ;
; TimeQuest Timing Analyzer ; HanzDesktop      ; Windows 10 ; 10.0       ; x86_64         ;
+---------------------------+------------------+------------+------------+----------------+


------------
; Flow Log ;
------------
quartus_map --read_settings_files=on --write_settings_files=off lab2_1 -c lab2_1
quartus_fit --read_settings_files=off --write_settings_files=off lab2_1 -c lab2_1
quartus_asm --read_settings_files=off --write_settings_files=off lab2_1 -c lab2_1
quartus_sta lab2_1 -c lab2_1
quartus_eda --read_settings_files=on --write_settings_files=off lab2_1 -c lab2_1



