Design Assistant report for lab2_1
Mon Feb 10 23:44:47 2020
Quartus Prime Version 16.1.0 Build 196 10/24/2016 SJ Lite Edition


---------------------
; Table of Contents ;
---------------------
  1. Legal Notice
  2. Design Assistant Summary
  3. Design Assistant Settings
  4. Information only Violations
  5. Design Assistant Messages



----------------
; Legal Notice ;
----------------
Copyright (C) 2016  Intel Corporation. All rights reserved.
Your use of Intel Corporation's design tools, logic functions 
and other software and tools, and its AMPP partner logic 
functions, and any output files from any of the foregoing 
(including device programming or simulation files), and any 
associated documentation or information are expressly subject 
to the terms and conditions of the Intel Program License 
Subscription Agreement, the Intel Quartus Prime License Agreement,
the Intel MegaCore Function License Agreement, or other 
applicable license agreement, including, without limitation, 
that your use is for the sole purpose of programming logic 
devices manufactured by Intel and sold by Intel or its 
authorized distributors.  Please refer to the applicable 
agreement for further details.



+-------------------------------------------------------------------------+
; Design Assistant Summary                                                ;
+-----------------------------------+-------------------------------------+
; Design Assistant Status           ; Analyzed - Mon Feb 10 23:44:47 2020 ;
; Revision Name                     ; lab2_1                              ;
; Top-level Entity Name             ; lab2_1                              ;
; Family                            ; Cyclone IV E                        ;
; Total Critical Violations         ; 0                                   ;
; Total High Violations             ; 0                                   ;
; Total Medium Violations           ; 0                                   ;
; Total Information only Violations ; 107                                 ;
; - Rule T101                       ; 57                                  ;
; - Rule T102                       ; 50                                  ;
+-----------------------------------+-------------------------------------+


+------------------------------------------------------------------------------------------------------------------------------------------------------------------------------------------------+
; Design Assistant Settings                                                                                                                                                                      ;
+----------------------------------------------------------------------------------------------------------------------------------------------------------------------+--------------+----------+
; Option                                                                                                                                                               ; Setting      ; To       ;
+----------------------------------------------------------------------------------------------------------------------------------------------------------------------+--------------+----------+
; Design Assistant mode                                                                                                                                                ; Post-Fitting ;          ;
; Threshold value for clock net not mapped to clock spines rule                                                                                                        ; 25           ;          ;
; Minimum number of clock port feed by gated clocks                                                                                                                    ; 30           ;          ;
; Minimum number of node fan-out                                                                                                                                       ; 30           ;          ;
; Maximum number of nodes to report                                                                                                                                    ; 50           ;          ;
; Rule C101: Gated clock should be implemented according to the Intel FPGA standard scheme                                                                             ; On           ;          ;
; Rule C102: Logic cell should not be used to generate an inverted clock signal                                                                                        ; On           ;          ;
; Rule C103: Gated clock does not feed at least a pre-defined number of clock ports to effectively save power                                                          ; On           ;          ;
; Rule C104: Clock signal source should drive only clock input ports                                                                                                   ; On           ;          ;
; Rule C105: Clock signal should be a global signal                                                                                                                    ; On           ;          ;
; Rule C106: Clock signal source should not drive registers triggered by different clock edges                                                                         ; On           ;          ;
; Rule R101: Combinational logic used as a reset signal should be synchronized                                                                                         ; On           ;          ;
; Rule R102: External reset signals should be synchronized using two cascaded registers                                                                                ; On           ;          ;
; Rule R103: External reset signal should be correctly synchronized                                                                                                    ; On           ;          ;
; Rule R104: The reset signal that is generated in one clock domain and used in another clock domain should be correctly synchronized                                  ; On           ;          ;
; Rule R105: The reset signal that is generated in one clock domain and used in another clock domain should be synchronized                                            ; On           ;          ;
; Rule T101: Nodes with more than the specified number of fan-outs                                                                                                     ; On           ;          ;
; Rule T102: Top nodes with the highest number of fan-outs                                                                                                             ; On           ;          ;
; Rule A101: Design should not contain combinational loops                                                                                                             ; On           ;          ;
; Rule A102: Register output should not drive its own control signal directly or through combinational logic                                                           ; On           ;          ;
; Rule A103: Design should not contain delay chains                                                                                                                    ; On           ;          ;
; Rule A104: Design should not contain ripple clock structures                                                                                                         ; On           ;          ;
; Rule A105: Pulses should not be implemented asynchronously                                                                                                           ; On           ;          ;
; Rule A106: Multiple pulses should not be generated in design                                                                                                         ; On           ;          ;
; Rule A107: Design should not contain SR latches                                                                                                                      ; On           ;          ;
; Rule A108: Design should not contain latches                                                                                                                         ; On           ;          ;
; Rule S101: Output enable and input of the same tri-state node should not be driven by same signal source                                                             ; On           ;          ;
; Rule S102: Synchronous port and asynchronous port of the same register should not be driven by the same signal source                                                ; On           ;          ;
; Rule S103: More than one asynchronous port of a register should not be driven by the same signal source                                                              ; On           ;          ;
; Rule S104: Clock port and any other port of a register should not be driven by the same signal source                                                                ; On           ;          ;
; Rule D101: Data bits are not synchronized when transferred between asynchronous clock domains                                                                        ; On           ;          ;
; Rule D102: Multiple data bits that are transferred across asynchronous clock domains are synchronized, but not all bits may be aligned in the receiving clock domain ; On           ;          ;
; Rule D103: Data bits are not correctly synchronized when transferred between asynchronous clock domains                                                              ; On           ;          ;
; Rule D102: Multiple data bits that are transferred across asynchronous clock domains are synchronized, but not all bits may be aligned in the receiving clock domain ; Off          ; wdata[7] ;
; Rule D102: Multiple data bits that are transferred across asynchronous clock domains are synchronized, but not all bits may be aligned in the receiving clock domain ; Off          ; wdata[6] ;
; Rule D102: Multiple data bits that are transferred across asynchronous clock domains are synchronized, but not all bits may be aligned in the receiving clock domain ; Off          ; wdata[5] ;
; Rule D102: Multiple data bits that are transferred across asynchronous clock domains are synchronized, but not all bits may be aligned in the receiving clock domain ; Off          ; wdata[4] ;
; Rule D102: Multiple data bits that are transferred across asynchronous clock domains are synchronized, but not all bits may be aligned in the receiving clock domain ; Off          ; wdata[3] ;
; Rule D102: Multiple data bits that are transferred across asynchronous clock domains are synchronized, but not all bits may be aligned in the receiving clock domain ; Off          ; wdata[2] ;
; Rule D102: Multiple data bits that are transferred across asynchronous clock domains are synchronized, but not all bits may be aligned in the receiving clock domain ; Off          ; wdata[1] ;
; Rule D102: Multiple data bits that are transferred across asynchronous clock domains are synchronized, but not all bits may be aligned in the receiving clock domain ; Off          ; wdata[0] ;
+----------------------------------------------------------------------------------------------------------------------------------------------------------------------+--------------+----------+


+----------------------------------------------------------------------------------------------------------------------------------------------------------------------------------------------------------------------------------------------------------------------------------------------------------------------------------------------------------------------------------------------------------------------------------+
; Information only Violations                                                                                                                                                                                                                                                                                                                                                                                                      ;
+------------------------------------------------------------------+-----------------------------------------------------------------------------------------------------------------------------------------------------------------------------------------------------------------------------------------------------------------------------------------------------------------------------------------------------+---------+
; Rule name                                                        ; Name                                                                                                                                                                                                                                                                                                                                                ; Fan-Out ;
+------------------------------------------------------------------+-----------------------------------------------------------------------------------------------------------------------------------------------------------------------------------------------------------------------------------------------------------------------------------------------------------------------------------------------------+---------+
; Rule T101: Nodes with more than the specified number of fan-outs ; niosSys:instSys|niosSys_myCPU:mycpu|niosSys_myCPU_cpu:cpu|niosSys_myCPU_cpu_nios2_oci:the_niosSys_myCPU_cpu_nios2_oci|niosSys_myCPU_cpu_debug_slave_wrapper:the_niosSys_myCPU_cpu_debug_slave_wrapper|sld_virtual_jtag_basic:niosSys_myCPU_cpu_debug_slave_phy|virtual_state_sdr~0                                                                  ; 39      ;
; Rule T101: Nodes with more than the specified number of fan-outs ; sld_hub:auto_hub|alt_sld_fab_with_jtag_input:\instrumentation_fabric_with_node_gen:fabric_gen_new_way:with_jtag_input_gen:instrumentation_fabric|alt_sld_fab:instrumentation_fabric|alt_sld_fab_alt_sld_fab:alt_sld_fab|alt_sld_fab_alt_sld_fab_sldfabric:sldfabric|sld_jtag_hub:\jtag_hub_gen:real_sld_jtag_hub|virtual_ir_scan_reg                ; 32      ;
; Rule T101: Nodes with more than the specified number of fan-outs ; sld_hub:auto_hub|alt_sld_fab_with_jtag_input:\instrumentation_fabric_with_node_gen:fabric_gen_new_way:with_jtag_input_gen:instrumentation_fabric|alt_sld_fab:instrumentation_fabric|alt_sld_fab_alt_sld_fab:alt_sld_fab|alt_sld_fab_alt_sld_fab_sldfabric:sldfabric|sld_jtag_hub:\jtag_hub_gen:real_sld_jtag_hub|sld_shadow_jsm:shadow_jsm|state[3] ; 34      ;
; Rule T101: Nodes with more than the specified number of fan-outs ; altera_internal_jtag~TCKUTAPclkctrl                                                                                                                                                                                                                                                                                                                 ; 171     ;
; Rule T101: Nodes with more than the specified number of fan-outs ; sld_hub:auto_hub|alt_sld_fab_with_jtag_input:\instrumentation_fabric_with_node_gen:fabric_gen_new_way:with_jtag_input_gen:instrumentation_fabric|alt_sld_fab:instrumentation_fabric|alt_sld_fab_alt_sld_fab:alt_sld_fab|alt_sld_fab_alt_sld_fab_sldfabric:sldfabric|sld_jtag_hub:\jtag_hub_gen:real_sld_jtag_hub|sld_shadow_jsm:shadow_jsm|state[4] ; 49      ;
; Rule T101: Nodes with more than the specified number of fan-outs ; ~GND                                                                                                                                                                                                                                                                                                                                                ; 33      ;
; Rule T101: Nodes with more than the specified number of fan-outs ; sld_hub:auto_hub|alt_sld_fab_with_jtag_input:\instrumentation_fabric_with_node_gen:fabric_gen_new_way:with_jtag_input_gen:instrumentation_fabric|alt_sld_fab:instrumentation_fabric|alt_sld_fab_alt_sld_fab:alt_sld_fab|alt_sld_fab_alt_sld_fab_sldfabric:sldfabric|sld_jtag_hub:\jtag_hub_gen:real_sld_jtag_hub|clr_reg                            ; 59      ;
; Rule T101: Nodes with more than the specified number of fan-outs ; niosSys:instSys|niosSys_mm_interconnect_0:mm_interconnect_0|niosSys_mm_interconnect_0_cmd_mux_002:cmd_mux_002|saved_grant[0]                                                                                                                                                                                                                        ; 52      ;
; Rule T101: Nodes with more than the specified number of fan-outs ; niosSys:instSys|niosSys_myCPU:mycpu|niosSys_myCPU_cpu:cpu|A_mem_stall                                                                                                                                                                                                                                                                               ; 744     ;
; Rule T101: Nodes with more than the specified number of fan-outs ; niosSys:instSys|niosSys_myCPU:mycpu|niosSys_myCPU_cpu:cpu|A_dc_fill_active                                                                                                                                                                                                                                                                          ; 81      ;
; Rule T101: Nodes with more than the specified number of fan-outs ; niosSys:instSys|niosSys_myCPU:mycpu|niosSys_myCPU_cpu:cpu|E_ctrl_alu_subtract                                                                                                                                                                                                                                                                       ; 34      ;
; Rule T101: Nodes with more than the specified number of fan-outs ; niosSys:instSys|niosSys_myCPU:mycpu|niosSys_myCPU_cpu:cpu|F_stall~0                                                                                                                                                                                                                                                                                 ; 134     ;
; Rule T101: Nodes with more than the specified number of fan-outs ; niosSys:instSys|altera_reset_controller:rst_controller|r_sync_rst~clkctrl                                                                                                                                                                                                                                                                           ; 1317    ;
; Rule T101: Nodes with more than the specified number of fan-outs ; niosSys:instSys|niosSys_myCPU:mycpu|niosSys_myCPU_cpu:cpu|niosSys_myCPU_cpu_nios2_oci:the_niosSys_myCPU_cpu_nios2_oci|niosSys_myCPU_cpu_debug_slave_wrapper:the_niosSys_myCPU_cpu_debug_slave_wrapper|niosSys_myCPU_cpu_debug_slave_sysclk:the_niosSys_myCPU_cpu_debug_slave_sysclk|update_jdo_strobe                                               ; 39      ;
; Rule T101: Nodes with more than the specified number of fan-outs ; clk_clk~inputclkctrl                                                                                                                                                                                                                                                                                                                                ; 1579    ;
; Rule T101: Nodes with more than the specified number of fan-outs ; sld_hub:auto_hub|alt_sld_fab_with_jtag_input:\instrumentation_fabric_with_node_gen:fabric_gen_new_way:with_jtag_input_gen:instrumentation_fabric|alt_sld_fab:instrumentation_fabric|alt_sld_fab_alt_sld_fab:alt_sld_fab|alt_sld_fab_alt_sld_fab_sldfabric:sldfabric|sld_jtag_hub:\jtag_hub_gen:real_sld_jtag_hub|irf_reg[2][1]                      ; 41      ;
; Rule T101: Nodes with more than the specified number of fan-outs ; niosSys:instSys|niosSys_myCPU:mycpu|niosSys_myCPU_cpu:cpu|F_pc[10]                                                                                                                                                                                                                                                                                  ; 45      ;
; Rule T101: Nodes with more than the specified number of fan-outs ; niosSys:instSys|niosSys_myCPU:mycpu|niosSys_myCPU_cpu:cpu|D_ctrl_src2_choose_imm                                                                                                                                                                                                                                                                    ; 35      ;
; Rule T101: Nodes with more than the specified number of fan-outs ; niosSys:instSys|niosSys_myCPU:mycpu|niosSys_myCPU_cpu:cpu|niosSys_myCPU_cpu_nios2_oci:the_niosSys_myCPU_cpu_nios2_oci|niosSys_myCPU_cpu_nios2_avalon_reg:the_niosSys_myCPU_cpu_nios2_avalon_reg|oci_ienable[0]                                                                                                                                      ; 31      ;
; Rule T101: Nodes with more than the specified number of fan-outs ; niosSys:instSys|niosSys_myCPU:mycpu|niosSys_myCPU_cpu:cpu|d_writedata[4]~32                                                                                                                                                                                                                                                                         ; 32      ;
; Rule T101: Nodes with more than the specified number of fan-outs ; niosSys:instSys|niosSys_myCPU:mycpu|niosSys_myCPU_cpu:cpu|D_iw[14]                                                                                                                                                                                                                                                                                  ; 32      ;
; Rule T101: Nodes with more than the specified number of fan-outs ; niosSys:instSys|niosSys_myCPU:mycpu|niosSys_myCPU_cpu:cpu|niosSys_myCPU_cpu_nios2_oci:the_niosSys_myCPU_cpu_nios2_oci|niosSys_myCPU_cpu_nios2_avalon_reg:the_niosSys_myCPU_cpu_nios2_avalon_reg|Equal1~0                                                                                                                                            ; 33      ;
; Rule T101: Nodes with more than the specified number of fan-outs ; niosSys:instSys|niosSys_myCPU:mycpu|niosSys_myCPU_cpu:cpu|niosSys_myCPU_cpu_nios2_oci:the_niosSys_myCPU_cpu_nios2_oci|niosSys_myCPU_cpu_nios2_ocimem:the_niosSys_myCPU_cpu_nios2_ocimem|jtag_ram_access                                                                                                                                             ; 49      ;
; Rule T101: Nodes with more than the specified number of fan-outs ; niosSys:instSys|niosSys_myCPU:mycpu|niosSys_myCPU_cpu:cpu|niosSys_myCPU_cpu_nios2_oci:the_niosSys_myCPU_cpu_nios2_oci|niosSys_myCPU_cpu_nios2_ocimem:the_niosSys_myCPU_cpu_nios2_ocimem|MonDReg[0]~11                                                                                                                                               ; 31      ;
; Rule T101: Nodes with more than the specified number of fan-outs ; niosSys:instSys|niosSys_myCPU:mycpu|niosSys_myCPU_cpu:cpu|niosSys_myCPU_cpu_nios2_oci:the_niosSys_myCPU_cpu_nios2_oci|niosSys_myCPU_cpu_debug_slave_wrapper:the_niosSys_myCPU_cpu_debug_slave_wrapper|niosSys_myCPU_cpu_debug_slave_sysclk:the_niosSys_myCPU_cpu_debug_slave_sysclk|take_action_ocimem_b                                            ; 37      ;
; Rule T101: Nodes with more than the specified number of fan-outs ; niosSys:instSys|niosSys_myCPU:mycpu|niosSys_myCPU_cpu:cpu|niosSys_myCPU_cpu_nios2_oci:the_niosSys_myCPU_cpu_nios2_oci|niosSys_myCPU_cpu_nios2_ocimem:the_niosSys_myCPU_cpu_nios2_ocimem|jtag_ram_rd_d1                                                                                                                                              ; 33      ;
; Rule T101: Nodes with more than the specified number of fan-outs ; niosSys:instSys|niosSys_myCPU:mycpu|niosSys_myCPU_cpu:cpu|niosSys_myCPU_cpu_nios2_oci:the_niosSys_myCPU_cpu_nios2_oci|niosSys_myCPU_cpu_nios2_oci_break:the_niosSys_myCPU_cpu_nios2_oci_break|break_readreg[3]~1                                                                                                                                    ; 61      ;
; Rule T101: Nodes with more than the specified number of fan-outs ; niosSys:instSys|niosSys_myCPU:mycpu|niosSys_myCPU_cpu:cpu|niosSys_myCPU_cpu_nios2_oci:the_niosSys_myCPU_cpu_nios2_oci|niosSys_myCPU_cpu_debug_slave_wrapper:the_niosSys_myCPU_cpu_debug_slave_wrapper|niosSys_myCPU_cpu_debug_slave_sysclk:the_niosSys_myCPU_cpu_debug_slave_sysclk|jdo[37]                                                         ; 32      ;
; Rule T101: Nodes with more than the specified number of fan-outs ; niosSys:instSys|niosSys_myCPU:mycpu|niosSys_myCPU_cpu:cpu|niosSys_myCPU_cpu_nios2_oci:the_niosSys_myCPU_cpu_nios2_oci|niosSys_myCPU_cpu_debug_slave_wrapper:the_niosSys_myCPU_cpu_debug_slave_wrapper|niosSys_myCPU_cpu_debug_slave_sysclk:the_niosSys_myCPU_cpu_debug_slave_sysclk|jdo[36]                                                         ; 32      ;
; Rule T101: Nodes with more than the specified number of fan-outs ; niosSys:instSys|niosSys_myCPU:mycpu|niosSys_myCPU_cpu:cpu|niosSys_myCPU_cpu_nios2_oci:the_niosSys_myCPU_cpu_nios2_oci|address[8]                                                                                                                                                                                                                    ; 36      ;
; Rule T101: Nodes with more than the specified number of fan-outs ; niosSys:instSys|niosSys_myCPU:mycpu|niosSys_myCPU_cpu:cpu|A_mem_bypass_pending                                                                                                                                                                                                                                                                      ; 40      ;
; Rule T101: Nodes with more than the specified number of fan-outs ; niosSys:instSys|niosSys_myCPU:mycpu|niosSys_myCPU_cpu:cpu|D_iw[12]                                                                                                                                                                                                                                                                                  ; 32      ;
; Rule T101: Nodes with more than the specified number of fan-outs ; niosSys:instSys|niosSys_myCPU:mycpu|niosSys_myCPU_cpu:cpu|D_src2_hazard_E                                                                                                                                                                                                                                                                           ; 71      ;
; Rule T101: Nodes with more than the specified number of fan-outs ; niosSys:instSys|niosSys_myCPU:mycpu|niosSys_myCPU_cpu:cpu|D_src2_reg[0]~24                                                                                                                                                                                                                                                                          ; 48      ;
; Rule T101: Nodes with more than the specified number of fan-outs ; niosSys:instSys|niosSys_myCPU:mycpu|niosSys_myCPU_cpu:cpu|A_wr_data_unfiltered[3]~2                                                                                                                                                                                                                                                                 ; 43      ;
; Rule T101: Nodes with more than the specified number of fan-outs ; niosSys:instSys|niosSys_myCPU:mycpu|niosSys_myCPU_cpu:cpu|E_logic_op[1]                                                                                                                                                                                                                                                                             ; 32      ;
; Rule T101: Nodes with more than the specified number of fan-outs ; niosSys:instSys|niosSys_myCPU:mycpu|niosSys_myCPU_cpu:cpu|E_src1[21]~1                                                                                                                                                                                                                                                                              ; 47      ;
; Rule T101: Nodes with more than the specified number of fan-outs ; niosSys:instSys|niosSys_myCPU:mycpu|niosSys_myCPU_cpu:cpu|E_src1[21]~0                                                                                                                                                                                                                                                                              ; 49      ;
; Rule T101: Nodes with more than the specified number of fan-outs ; niosSys:instSys|niosSys_myCPU:mycpu|niosSys_myCPU_cpu:cpu|E_ctrl_logic                                                                                                                                                                                                                                                                              ; 51      ;
; Rule T101: Nodes with more than the specified number of fan-outs ; niosSys:instSys|niosSys_myCPU:mycpu|niosSys_myCPU_cpu:cpu|E_alu_result~0                                                                                                                                                                                                                                                                            ; 50      ;
; Rule T101: Nodes with more than the specified number of fan-outs ; niosSys:instSys|niosSys_myCPU:mycpu|niosSys_myCPU_cpu:cpu|E_logic_op[0]                                                                                                                                                                                                                                                                             ; 32      ;
; Rule T101: Nodes with more than the specified number of fan-outs ; niosSys:instSys|niosSys_myCPU:mycpu|niosSys_myCPU_cpu:cpu|D_src2_reg[0]~25                                                                                                                                                                                                                                                                          ; 48      ;
; Rule T101: Nodes with more than the specified number of fan-outs ; niosSys:instSys|niosSys_myCPU:mycpu|niosSys_myCPU_cpu:cpu|A_wr_data_unfiltered[11]~3                                                                                                                                                                                                                                                                ; 37      ;
; Rule T101: Nodes with more than the specified number of fan-outs ; niosSys:instSys|niosSys_myCPU:mycpu|niosSys_myCPU_cpu:cpu|D_src1_reg[31]~1                                                                                                                                                                                                                                                                          ; 32      ;
; Rule T101: Nodes with more than the specified number of fan-outs ; niosSys:instSys|niosSys_myCPU:mycpu|niosSys_myCPU_cpu:cpu|D_src1_reg[31]~0                                                                                                                                                                                                                                                                          ; 32      ;
; Rule T101: Nodes with more than the specified number of fan-outs ; niosSys:instSys|niosSys_myCPU:mycpu|niosSys_myCPU_cpu:cpu|A_slow_inst_result_en~0                                                                                                                                                                                                                                                                   ; 32      ;
; Rule T101: Nodes with more than the specified number of fan-outs ; niosSys:instSys|niosSys_myCPU:mycpu|niosSys_myCPU_cpu:cpu|A_inst_result[19]~0                                                                                                                                                                                                                                                                       ; 31      ;
; Rule T101: Nodes with more than the specified number of fan-outs ; niosSys:instSys|niosSys_mm_interconnect_0:mm_interconnect_0|altera_merlin_slave_translator:tcm_s2_translator|read_latency_shift_reg[0]                                                                                                                                                                                                              ; 37      ;
; Rule T101: Nodes with more than the specified number of fan-outs ; niosSys:instSys|niosSys_myCPU:mycpu|niosSys_myCPU_cpu:cpu|A_dc_wb_update_av_writedata                                                                                                                                                                                                                                                               ; 32      ;
; Rule T101: Nodes with more than the specified number of fan-outs ; niosSys:instSys|niosSys_myCPU:mycpu|niosSys_myCPU_cpu:cpu|M_ctrl_dc_index_nowb_inv                                                                                                                                                                                                                                                                  ; 33      ;
; Rule T101: Nodes with more than the specified number of fan-outs ; niosSys:instSys|niosSys_myCPU:mycpu|niosSys_myCPU_cpu:cpu|M_rot_fill_bit                                                                                                                                                                                                                                                                            ; 32      ;
; Rule T101: Nodes with more than the specified number of fan-outs ; niosSys:instSys|niosSys_myCPU:mycpu|niosSys_myCPU_cpu:cpu|M_rot_rn[3]                                                                                                                                                                                                                                                                               ; 64      ;
; Rule T101: Nodes with more than the specified number of fan-outs ; niosSys:instSys|niosSys_myCPU:mycpu|niosSys_myCPU_cpu:cpu|Add10~5                                                                                                                                                                                                                                                                                   ; 32      ;
; Rule T101: Nodes with more than the specified number of fan-outs ; niosSys:instSys|niosSys_myCPU:mycpu|niosSys_myCPU_cpu:cpu|Add10~1                                                                                                                                                                                                                                                                                   ; 32      ;
; Rule T101: Nodes with more than the specified number of fan-outs ; niosSys:instSys|niosSys_myCPU:mycpu|niosSys_myCPU_cpu:cpu|A_ctrl_ld_signed                                                                                                                                                                                                                                                                          ; 42      ;
; Rule T101: Nodes with more than the specified number of fan-outs ; niosSys:instSys|niosSys_myCPU:mycpu|niosSys_myCPU_cpu:cpu|Add10~3                                                                                                                                                                                                                                                                                   ; 32      ;
; Rule T101: Nodes with more than the specified number of fan-outs ; niosSys:instSys|niosSys_myCPU:mycpu|niosSys_myCPU_cpu:cpu|M_rot_rn[4]                                                                                                                                                                                                                                                                               ; 64      ;
; Rule T102: Top nodes with the highest number of fan-outs         ; clk_clk~inputclkctrl                                                                                                                                                                                                                                                                                                                                ; 1579    ;
; Rule T102: Top nodes with the highest number of fan-outs         ; niosSys:instSys|altera_reset_controller:rst_controller|r_sync_rst~clkctrl                                                                                                                                                                                                                                                                           ; 1317    ;
; Rule T102: Top nodes with the highest number of fan-outs         ; niosSys:instSys|niosSys_myCPU:mycpu|niosSys_myCPU_cpu:cpu|A_mem_stall                                                                                                                                                                                                                                                                               ; 744     ;
; Rule T102: Top nodes with the highest number of fan-outs         ; altera_internal_jtag~TCKUTAPclkctrl                                                                                                                                                                                                                                                                                                                 ; 171     ;
; Rule T102: Top nodes with the highest number of fan-outs         ; niosSys:instSys|niosSys_myCPU:mycpu|niosSys_myCPU_cpu:cpu|F_stall~0                                                                                                                                                                                                                                                                                 ; 134     ;
; Rule T102: Top nodes with the highest number of fan-outs         ; niosSys:instSys|niosSys_myCPU:mycpu|niosSys_myCPU_cpu:cpu|A_dc_fill_active                                                                                                                                                                                                                                                                          ; 81      ;
; Rule T102: Top nodes with the highest number of fan-outs         ; niosSys:instSys|niosSys_myCPU:mycpu|niosSys_myCPU_cpu:cpu|D_src2_hazard_E                                                                                                                                                                                                                                                                           ; 71      ;
; Rule T102: Top nodes with the highest number of fan-outs         ; niosSys:instSys|niosSys_myCPU:mycpu|niosSys_myCPU_cpu:cpu|M_rot_rn[3]                                                                                                                                                                                                                                                                               ; 64      ;
; Rule T102: Top nodes with the highest number of fan-outs         ; niosSys:instSys|niosSys_myCPU:mycpu|niosSys_myCPU_cpu:cpu|M_rot_rn[4]                                                                                                                                                                                                                                                                               ; 64      ;
; Rule T102: Top nodes with the highest number of fan-outs         ; niosSys:instSys|niosSys_myCPU:mycpu|niosSys_myCPU_cpu:cpu|niosSys_myCPU_cpu_nios2_oci:the_niosSys_myCPU_cpu_nios2_oci|niosSys_myCPU_cpu_nios2_oci_break:the_niosSys_myCPU_cpu_nios2_oci_break|break_readreg[3]~1                                                                                                                                    ; 61      ;
; Rule T102: Top nodes with the highest number of fan-outs         ; sld_hub:auto_hub|alt_sld_fab_with_jtag_input:\instrumentation_fabric_with_node_gen:fabric_gen_new_way:with_jtag_input_gen:instrumentation_fabric|alt_sld_fab:instrumentation_fabric|alt_sld_fab_alt_sld_fab:alt_sld_fab|alt_sld_fab_alt_sld_fab_sldfabric:sldfabric|sld_jtag_hub:\jtag_hub_gen:real_sld_jtag_hub|clr_reg                            ; 59      ;
; Rule T102: Top nodes with the highest number of fan-outs         ; niosSys:instSys|niosSys_mm_interconnect_0:mm_interconnect_0|niosSys_mm_interconnect_0_cmd_mux_002:cmd_mux_002|saved_grant[0]                                                                                                                                                                                                                        ; 52      ;
; Rule T102: Top nodes with the highest number of fan-outs         ; niosSys:instSys|niosSys_myCPU:mycpu|niosSys_myCPU_cpu:cpu|E_ctrl_logic                                                                                                                                                                                                                                                                              ; 51      ;
; Rule T102: Top nodes with the highest number of fan-outs         ; niosSys:instSys|niosSys_myCPU:mycpu|niosSys_myCPU_cpu:cpu|E_alu_result~0                                                                                                                                                                                                                                                                            ; 50      ;
; Rule T102: Top nodes with the highest number of fan-outs         ; niosSys:instSys|niosSys_myCPU:mycpu|niosSys_myCPU_cpu:cpu|E_src1[21]~0                                                                                                                                                                                                                                                                              ; 49      ;
; Rule T102: Top nodes with the highest number of fan-outs         ; sld_hub:auto_hub|alt_sld_fab_with_jtag_input:\instrumentation_fabric_with_node_gen:fabric_gen_new_way:with_jtag_input_gen:instrumentation_fabric|alt_sld_fab:instrumentation_fabric|alt_sld_fab_alt_sld_fab:alt_sld_fab|alt_sld_fab_alt_sld_fab_sldfabric:sldfabric|sld_jtag_hub:\jtag_hub_gen:real_sld_jtag_hub|sld_shadow_jsm:shadow_jsm|state[4] ; 49      ;
; Rule T102: Top nodes with the highest number of fan-outs         ; niosSys:instSys|niosSys_myCPU:mycpu|niosSys_myCPU_cpu:cpu|niosSys_myCPU_cpu_nios2_oci:the_niosSys_myCPU_cpu_nios2_oci|niosSys_myCPU_cpu_nios2_ocimem:the_niosSys_myCPU_cpu_nios2_ocimem|jtag_ram_access                                                                                                                                             ; 49      ;
; Rule T102: Top nodes with the highest number of fan-outs         ; niosSys:instSys|niosSys_myCPU:mycpu|niosSys_myCPU_cpu:cpu|D_src2_reg[0]~24                                                                                                                                                                                                                                                                          ; 48      ;
; Rule T102: Top nodes with the highest number of fan-outs         ; niosSys:instSys|niosSys_myCPU:mycpu|niosSys_myCPU_cpu:cpu|D_src2_reg[0]~25                                                                                                                                                                                                                                                                          ; 48      ;
; Rule T102: Top nodes with the highest number of fan-outs         ; niosSys:instSys|niosSys_myCPU:mycpu|niosSys_myCPU_cpu:cpu|E_src1[21]~1                                                                                                                                                                                                                                                                              ; 47      ;
; Rule T102: Top nodes with the highest number of fan-outs         ; niosSys:instSys|niosSys_myCPU:mycpu|niosSys_myCPU_cpu:cpu|F_pc[10]                                                                                                                                                                                                                                                                                  ; 45      ;
; Rule T102: Top nodes with the highest number of fan-outs         ; niosSys:instSys|niosSys_myCPU:mycpu|niosSys_myCPU_cpu:cpu|A_wr_data_unfiltered[3]~2                                                                                                                                                                                                                                                                 ; 43      ;
; Rule T102: Top nodes with the highest number of fan-outs         ; niosSys:instSys|niosSys_myCPU:mycpu|niosSys_myCPU_cpu:cpu|A_ctrl_ld_signed                                                                                                                                                                                                                                                                          ; 42      ;
; Rule T102: Top nodes with the highest number of fan-outs         ; sld_hub:auto_hub|alt_sld_fab_with_jtag_input:\instrumentation_fabric_with_node_gen:fabric_gen_new_way:with_jtag_input_gen:instrumentation_fabric|alt_sld_fab:instrumentation_fabric|alt_sld_fab_alt_sld_fab:alt_sld_fab|alt_sld_fab_alt_sld_fab_sldfabric:sldfabric|sld_jtag_hub:\jtag_hub_gen:real_sld_jtag_hub|irf_reg[2][1]                      ; 41      ;
; Rule T102: Top nodes with the highest number of fan-outs         ; niosSys:instSys|niosSys_myCPU:mycpu|niosSys_myCPU_cpu:cpu|A_mem_bypass_pending                                                                                                                                                                                                                                                                      ; 40      ;
; Rule T102: Top nodes with the highest number of fan-outs         ; niosSys:instSys|niosSys_myCPU:mycpu|niosSys_myCPU_cpu:cpu|niosSys_myCPU_cpu_nios2_oci:the_niosSys_myCPU_cpu_nios2_oci|niosSys_myCPU_cpu_debug_slave_wrapper:the_niosSys_myCPU_cpu_debug_slave_wrapper|sld_virtual_jtag_basic:niosSys_myCPU_cpu_debug_slave_phy|virtual_state_sdr~0                                                                  ; 39      ;
; Rule T102: Top nodes with the highest number of fan-outs         ; niosSys:instSys|niosSys_myCPU:mycpu|niosSys_myCPU_cpu:cpu|niosSys_myCPU_cpu_nios2_oci:the_niosSys_myCPU_cpu_nios2_oci|niosSys_myCPU_cpu_debug_slave_wrapper:the_niosSys_myCPU_cpu_debug_slave_wrapper|niosSys_myCPU_cpu_debug_slave_sysclk:the_niosSys_myCPU_cpu_debug_slave_sysclk|update_jdo_strobe                                               ; 39      ;
; Rule T102: Top nodes with the highest number of fan-outs         ; niosSys:instSys|niosSys_myCPU:mycpu|niosSys_myCPU_cpu:cpu|niosSys_myCPU_cpu_nios2_oci:the_niosSys_myCPU_cpu_nios2_oci|niosSys_myCPU_cpu_debug_slave_wrapper:the_niosSys_myCPU_cpu_debug_slave_wrapper|niosSys_myCPU_cpu_debug_slave_sysclk:the_niosSys_myCPU_cpu_debug_slave_sysclk|take_action_ocimem_b                                            ; 37      ;
; Rule T102: Top nodes with the highest number of fan-outs         ; niosSys:instSys|niosSys_myCPU:mycpu|niosSys_myCPU_cpu:cpu|A_wr_data_unfiltered[11]~3                                                                                                                                                                                                                                                                ; 37      ;
; Rule T102: Top nodes with the highest number of fan-outs         ; niosSys:instSys|niosSys_mm_interconnect_0:mm_interconnect_0|altera_merlin_slave_translator:tcm_s2_translator|read_latency_shift_reg[0]                                                                                                                                                                                                              ; 37      ;
; Rule T102: Top nodes with the highest number of fan-outs         ; niosSys:instSys|niosSys_myCPU:mycpu|niosSys_myCPU_cpu:cpu|niosSys_myCPU_cpu_nios2_oci:the_niosSys_myCPU_cpu_nios2_oci|address[8]                                                                                                                                                                                                                    ; 36      ;
; Rule T102: Top nodes with the highest number of fan-outs         ; niosSys:instSys|niosSys_myCPU:mycpu|niosSys_myCPU_cpu:cpu|D_ctrl_src2_choose_imm                                                                                                                                                                                                                                                                    ; 35      ;
; Rule T102: Top nodes with the highest number of fan-outs         ; sld_hub:auto_hub|alt_sld_fab_with_jtag_input:\instrumentation_fabric_with_node_gen:fabric_gen_new_way:with_jtag_input_gen:instrumentation_fabric|alt_sld_fab:instrumentation_fabric|alt_sld_fab_alt_sld_fab:alt_sld_fab|alt_sld_fab_alt_sld_fab_sldfabric:sldfabric|sld_jtag_hub:\jtag_hub_gen:real_sld_jtag_hub|sld_shadow_jsm:shadow_jsm|state[3] ; 34      ;
; Rule T102: Top nodes with the highest number of fan-outs         ; niosSys:instSys|niosSys_myCPU:mycpu|niosSys_myCPU_cpu:cpu|E_ctrl_alu_subtract                                                                                                                                                                                                                                                                       ; 34      ;
; Rule T102: Top nodes with the highest number of fan-outs         ; niosSys:instSys|niosSys_myCPU:mycpu|niosSys_myCPU_cpu:cpu|niosSys_myCPU_cpu_nios2_oci:the_niosSys_myCPU_cpu_nios2_oci|niosSys_myCPU_cpu_nios2_ocimem:the_niosSys_myCPU_cpu_nios2_ocimem|jtag_ram_rd_d1                                                                                                                                              ; 33      ;
; Rule T102: Top nodes with the highest number of fan-outs         ; ~GND                                                                                                                                                                                                                                                                                                                                                ; 33      ;
; Rule T102: Top nodes with the highest number of fan-outs         ; niosSys:instSys|niosSys_myCPU:mycpu|niosSys_myCPU_cpu:cpu|M_ctrl_dc_index_nowb_inv                                                                                                                                                                                                                                                                  ; 33      ;
; Rule T102: Top nodes with the highest number of fan-outs         ; niosSys:instSys|niosSys_myCPU:mycpu|niosSys_myCPU_cpu:cpu|niosSys_myCPU_cpu_nios2_oci:the_niosSys_myCPU_cpu_nios2_oci|niosSys_myCPU_cpu_nios2_avalon_reg:the_niosSys_myCPU_cpu_nios2_avalon_reg|Equal1~0                                                                                                                                            ; 33      ;
; Rule T102: Top nodes with the highest number of fan-outs         ; niosSys:instSys|niosSys_myCPU:mycpu|niosSys_myCPU_cpu:cpu|d_writedata[4]~32                                                                                                                                                                                                                                                                         ; 32      ;
; Rule T102: Top nodes with the highest number of fan-outs         ; sld_hub:auto_hub|alt_sld_fab_with_jtag_input:\instrumentation_fabric_with_node_gen:fabric_gen_new_way:with_jtag_input_gen:instrumentation_fabric|alt_sld_fab:instrumentation_fabric|alt_sld_fab_alt_sld_fab:alt_sld_fab|alt_sld_fab_alt_sld_fab_sldfabric:sldfabric|sld_jtag_hub:\jtag_hub_gen:real_sld_jtag_hub|virtual_ir_scan_reg                ; 32      ;
; Rule T102: Top nodes with the highest number of fan-outs         ; niosSys:instSys|niosSys_myCPU:mycpu|niosSys_myCPU_cpu:cpu|E_logic_op[1]                                                                                                                                                                                                                                                                             ; 32      ;
; Rule T102: Top nodes with the highest number of fan-outs         ; niosSys:instSys|niosSys_myCPU:mycpu|niosSys_myCPU_cpu:cpu|Add10~5                                                                                                                                                                                                                                                                                   ; 32      ;
; Rule T102: Top nodes with the highest number of fan-outs         ; niosSys:instSys|niosSys_myCPU:mycpu|niosSys_myCPU_cpu:cpu|A_dc_wb_update_av_writedata                                                                                                                                                                                                                                                               ; 32      ;
; Rule T102: Top nodes with the highest number of fan-outs         ; niosSys:instSys|niosSys_myCPU:mycpu|niosSys_myCPU_cpu:cpu|M_rot_fill_bit                                                                                                                                                                                                                                                                            ; 32      ;
; Rule T102: Top nodes with the highest number of fan-outs         ; niosSys:instSys|niosSys_myCPU:mycpu|niosSys_myCPU_cpu:cpu|D_iw[14]                                                                                                                                                                                                                                                                                  ; 32      ;
; Rule T102: Top nodes with the highest number of fan-outs         ; niosSys:instSys|niosSys_myCPU:mycpu|niosSys_myCPU_cpu:cpu|D_iw[12]                                                                                                                                                                                                                                                                                  ; 32      ;
; Rule T102: Top nodes with the highest number of fan-outs         ; niosSys:instSys|niosSys_myCPU:mycpu|niosSys_myCPU_cpu:cpu|Add10~3                                                                                                                                                                                                                                                                                   ; 32      ;
; Rule T102: Top nodes with the highest number of fan-outs         ; niosSys:instSys|niosSys_myCPU:mycpu|niosSys_myCPU_cpu:cpu|A_slow_inst_result_en~0                                                                                                                                                                                                                                                                   ; 32      ;
; Rule T102: Top nodes with the highest number of fan-outs         ; niosSys:instSys|niosSys_myCPU:mycpu|niosSys_myCPU_cpu:cpu|niosSys_myCPU_cpu_nios2_oci:the_niosSys_myCPU_cpu_nios2_oci|niosSys_myCPU_cpu_debug_slave_wrapper:the_niosSys_myCPU_cpu_debug_slave_wrapper|niosSys_myCPU_cpu_debug_slave_sysclk:the_niosSys_myCPU_cpu_debug_slave_sysclk|jdo[37]                                                         ; 32      ;
; Rule T102: Top nodes with the highest number of fan-outs         ; niosSys:instSys|niosSys_myCPU:mycpu|niosSys_myCPU_cpu:cpu|E_logic_op[0]                                                                                                                                                                                                                                                                             ; 32      ;
+------------------------------------------------------------------+-----------------------------------------------------------------------------------------------------------------------------------------------------------------------------------------------------------------------------------------------------------------------------------------------------------------------------------------------------+---------+


+---------------------------+
; Design Assistant Messages ;
+---------------------------+
Info: *******************************************************************
Info: Running Quartus Prime Design Assistant
    Info: Version 16.1.0 Build 196 10/24/2016 SJ Lite Edition
    Info: Processing started: Mon Feb 10 23:44:46 2020
Info: Command: quartus_drc --read_settings_files=on --write_settings_files=off lab2_1 -c lab2_1
Info (332164): Evaluating HDL-embedded SDC commands
    Info (332165): Entity alt_jtag_atlantic
        Info (332166): set_false_path -from [get_registers {*|alt_jtag_atlantic:*|jupdate}] -to [get_registers {*|alt_jtag_atlantic:*|jupdate1*}] 
        Info (332166): set_false_path -from [get_registers {*|alt_jtag_atlantic:*|rdata[*]}] -to [get_registers {*|alt_jtag_atlantic*|td_shift[*]}]
        Info (332166): set_false_path -from [get_registers {*|alt_jtag_atlantic:*|rdata[*]}] -to [get_registers {*|alt_jtag_atlantic*|td_shift[*]}]
        Info (332166): set_false_path -from [get_registers {*|alt_jtag_atlantic:*|rdata[*]}] -to [get_registers {*|alt_jtag_atlantic*|td_shift[*]}]
        Info (332166): set_false_path -from [get_registers {*|alt_jtag_atlantic:*|rdata[*]}] -to [get_registers {*|alt_jtag_atlantic*|td_shift[*]}]
        Info (332166): set_false_path -from [get_registers {*|alt_jtag_atlantic:*|rdata[*]}] -to [get_registers {*|alt_jtag_atlantic*|td_shift[*]}]
        Info (332166): set_false_path -from [get_registers {*|alt_jtag_atlantic:*|rdata[*]}] -to [get_registers {*|alt_jtag_atlantic*|td_shift[*]}]
        Info (332166): set_false_path -from [get_registers {*|alt_jtag_atlantic:*|rdata[*]}] -to [get_registers {*|alt_jtag_atlantic*|td_shift[*]}]
        Info (332166): set_false_path -from [get_registers {*|alt_jtag_atlantic:*|rdata[*]}] -to [get_registers {*|alt_jtag_atlantic*|td_shift[*]}]
        Info (332166): set_false_path -from [get_registers {*|alt_jtag_atlantic:*|read}] -to [get_registers {*|alt_jtag_atlantic:*|read1*}] 
        Info (332166): set_false_path -from [get_registers {*|alt_jtag_atlantic:*|read_req}]
        Info (332166): set_false_path -from [get_registers {*|alt_jtag_atlantic:*|rvalid}] -to [get_registers {*|alt_jtag_atlantic*|td_shift[*]}]
        Info (332166): set_false_path -from [get_registers {*|t_dav}] -to [get_registers {*|alt_jtag_atlantic:*|tck_t_dav}]
        Info (332166): set_false_path -from [get_registers {*|alt_jtag_atlantic:*|user_saw_rvalid}] -to [get_registers {*|alt_jtag_atlantic:*|rvalid0*}]
        Info (332166): set_false_path -from [get_registers {*|alt_jtag_atlantic:*|wdata[*]}] -to [get_registers {*}]
        Info (332166): set_false_path -from [get_registers {*|alt_jtag_atlantic:*|wdata[*]}] -to [get_registers {*}]
        Info (332166): set_false_path -from [get_registers {*|alt_jtag_atlantic:*|wdata[*]}] -to [get_registers {*}]
        Info (332166): set_false_path -from [get_registers {*|alt_jtag_atlantic:*|wdata[*]}] -to [get_registers {*}]
        Info (332166): set_false_path -from [get_registers {*|alt_jtag_atlantic:*|wdata[*]}] -to [get_registers {*}]
        Info (332166): set_false_path -from [get_registers {*|alt_jtag_atlantic:*|wdata[*]}] -to [get_registers {*}]
        Info (332166): set_false_path -from [get_registers {*|alt_jtag_atlantic:*|wdata[*]}] -to [get_registers {*}]
        Info (332166): set_false_path -from [get_registers {*|alt_jtag_atlantic:*|wdata[*]}] -to [get_registers {*}]
        Info (332166): set_false_path -from [get_registers {*|alt_jtag_atlantic:*|write}] -to [get_registers {*|alt_jtag_atlantic:*|write1*}] 
        Info (332166): set_false_path -from [get_registers {*|alt_jtag_atlantic:*|write_stalled}] -to [get_registers {*|alt_jtag_atlantic:*|t_ena*}]
        Info (332166): set_false_path -from [get_registers {*|alt_jtag_atlantic:*|write_stalled}] -to [get_registers {*|alt_jtag_atlantic:*|t_pause*}]
        Info (332166): set_false_path -from [get_registers {*|alt_jtag_atlantic:*|write_valid}]
    Info (332165): Entity altera_std_synchronizer
        Info (332166): set_false_path -to [get_keepers {*altera_std_synchronizer:*|din_s1}]
    Info (332165): Entity sld_hub
        Info (332166): create_clock -name altera_reserved_tck [get_ports {altera_reserved_tck}] -period 10MHz   
        Info (332166): set_clock_groups -asynchronous -group {altera_reserved_tck}
Info (332104): Reading SDC File: 'niosSys/synthesis/submodules/altera_reset_controller.sdc'
Info (332104): Reading SDC File: 'niosSys/synthesis/submodules/niosSys_myCPU_cpu.sdc'
Warning (332060): Node: clk_clk was determined to be a clock but was found without an associated clock assignment.
    Info (13166): Register niosSys:instSys|niosSys_myCPU:mycpu|niosSys_myCPU_cpu:cpu|niosSys_myCPU_cpu_nios2_oci:the_niosSys_myCPU_cpu_nios2_oci|niosSys_myCPU_cpu_nios2_oci_debug:the_niosSys_myCPU_cpu_nios2_oci_debug|monitor_ready is being clocked by clk_clk
Critical Warning (332168): The following clock transfers have no clock uncertainty assignment. For more accurate results, apply clock uncertainty assignments or use the derive_clock_uncertainty command.
    Critical Warning (332169): From altera_reserved_tck (Rise) to altera_reserved_tck (Rise) (setup and hold)
    Critical Warning (332169): From altera_reserved_tck (Rise) to altera_reserved_tck (Fall) (setup and hold)
    Critical Warning (332169): From altera_reserved_tck (Fall) to altera_reserved_tck (Fall) (setup and hold)
Info (308046): (Information) Rule T101: Nodes with more than the specified number of fan-outs. (Value defined:30). Found 57 node(s) with highest fan-out.
    Info (308011): Node  "niosSys:instSys|niosSys_myCPU:mycpu|niosSys_myCPU_cpu:cpu|niosSys_myCPU_cpu_nios2_oci:the_niosSys_myCPU_cpu_nios2_oci|niosSys_myCPU_cpu_debug_slave_wrapper:the_niosSys_myCPU_cpu_debug_slave_wrapper|sld_virtual_jtag_basic:niosSys_myCPU_cpu_debug_slave_phy|virtual_state_sdr~0" File: c:/intelfpga_lite/16.1/quartus/libraries/megafunctions/sld_virtual_jtag_basic.v Line: 92
    Info (308011): Node  "sld_hub:auto_hub|alt_sld_fab_with_jtag_input:\instrumentation_fabric_with_node_gen:fabric_gen_new_way:with_jtag_input_gen:instrumentation_fabric|alt_sld_fab:instrumentation_fabric|alt_sld_fab_alt_sld_fab:alt_sld_fab|alt_sld_fab_alt_sld_fab_sldfabric:sldfabric|sld_jtag_hub:\jtag_hub_gen:real_sld_jtag_hub|virtual_ir_scan_reg" File: c:/intelfpga_lite/16.1/quartus/libraries/megafunctions/sld_jtag_hub.vhd Line: 247
    Info (308011): Node  "sld_hub:auto_hub|alt_sld_fab_with_jtag_input:\instrumentation_fabric_with_node_gen:fabric_gen_new_way:with_jtag_input_gen:instrumentation_fabric|alt_sld_fab:instrumentation_fabric|alt_sld_fab_alt_sld_fab:alt_sld_fab|alt_sld_fab_alt_sld_fab_sldfabric:sldfabric|sld_jtag_hub:\jtag_hub_gen:real_sld_jtag_hub|sld_shadow_jsm:shadow_jsm|state[3]" File: c:/intelfpga_lite/16.1/quartus/libraries/megafunctions/sld_hub.vhd Line: 1584
    Info (308011): Node  "altera_internal_jtag~TCKUTAPclkctrl"
    Info (308011): Node  "sld_hub:auto_hub|alt_sld_fab_with_jtag_input:\instrumentation_fabric_with_node_gen:fabric_gen_new_way:with_jtag_input_gen:instrumentation_fabric|alt_sld_fab:instrumentation_fabric|alt_sld_fab_alt_sld_fab:alt_sld_fab|alt_sld_fab_alt_sld_fab_sldfabric:sldfabric|sld_jtag_hub:\jtag_hub_gen:real_sld_jtag_hub|sld_shadow_jsm:shadow_jsm|state[4]" File: c:/intelfpga_lite/16.1/quartus/libraries/megafunctions/sld_hub.vhd Line: 1584
    Info (308011): Node  "~GND"
    Info (308011): Node  "sld_hub:auto_hub|alt_sld_fab_with_jtag_input:\instrumentation_fabric_with_node_gen:fabric_gen_new_way:with_jtag_input_gen:instrumentation_fabric|alt_sld_fab:instrumentation_fabric|alt_sld_fab_alt_sld_fab:alt_sld_fab|alt_sld_fab_alt_sld_fab_sldfabric:sldfabric|sld_jtag_hub:\jtag_hub_gen:real_sld_jtag_hub|clr_reg" File: c:/intelfpga_lite/16.1/quartus/libraries/megafunctions/sld_jtag_hub.vhd Line: 255
    Info (308011): Node  "niosSys:instSys|niosSys_mm_interconnect_0:mm_interconnect_0|niosSys_mm_interconnect_0_cmd_mux_002:cmd_mux_002|saved_grant[0]" File: C:/Users/Hannselthill Camacho/Desktop/Spring2020/ECE178/Lab2_1/niosSys/synthesis/submodules/niosSys_mm_interconnect_0_cmd_mux_002.sv Line: 245
    Info (308011): Node  "niosSys:instSys|niosSys_myCPU:mycpu|niosSys_myCPU_cpu:cpu|A_mem_stall" File: C:/Users/Hannselthill Camacho/Desktop/Spring2020/ECE178/Lab2_1/niosSys/synthesis/submodules/niosSys_myCPU_cpu.v Line: 3866
    Info (308011): Node  "niosSys:instSys|niosSys_myCPU:mycpu|niosSys_myCPU_cpu:cpu|A_dc_fill_active" File: C:/Users/Hannselthill Camacho/Desktop/Spring2020/ECE178/Lab2_1/niosSys/synthesis/submodules/niosSys_myCPU_cpu.v Line: 3714
    Info (308011): Node  "niosSys:instSys|niosSys_myCPU:mycpu|niosSys_myCPU_cpu:cpu|E_ctrl_alu_subtract" File: C:/Users/Hannselthill Camacho/Desktop/Spring2020/ECE178/Lab2_1/niosSys/synthesis/submodules/niosSys_myCPU_cpu.v Line: 4388
    Info (308011): Node  "niosSys:instSys|niosSys_myCPU:mycpu|niosSys_myCPU_cpu:cpu|F_stall~0" File: C:/Users/Hannselthill Camacho/Desktop/Spring2020/ECE178/Lab2_1/niosSys/synthesis/submodules/niosSys_myCPU_cpu.v Line: 4953
    Info (308011): Node  "niosSys:instSys|altera_reset_controller:rst_controller|r_sync_rst~clkctrl" File: C:/Users/Hannselthill Camacho/Desktop/Spring2020/ECE178/Lab2_1/niosSys/synthesis/submodules/altera_reset_controller.v Line: 288
    Info (308011): Node  "niosSys:instSys|niosSys_myCPU:mycpu|niosSys_myCPU_cpu:cpu|niosSys_myCPU_cpu_nios2_oci:the_niosSys_myCPU_cpu_nios2_oci|niosSys_myCPU_cpu_debug_slave_wrapper:the_niosSys_myCPU_cpu_debug_slave_wrapper|niosSys_myCPU_cpu_debug_slave_sysclk:the_niosSys_myCPU_cpu_debug_slave_sysclk|update_jdo_strobe" File: C:/Users/Hannselthill Camacho/Desktop/Spring2020/ECE178/Lab2_1/niosSys/synthesis/submodules/niosSys_myCPU_cpu_debug_slave_sysclk.v Line: 82
    Info (308011): Node  "clk_clk~inputclkctrl" File: C:/Users/Hannselthill Camacho/Desktop/Spring2020/ECE178/Lab2_1/lab2_1.v Line: 2
    Info (308011): Node  "sld_hub:auto_hub|alt_sld_fab_with_jtag_input:\instrumentation_fabric_with_node_gen:fabric_gen_new_way:with_jtag_input_gen:instrumentation_fabric|alt_sld_fab:instrumentation_fabric|alt_sld_fab_alt_sld_fab:alt_sld_fab|alt_sld_fab_alt_sld_fab_sldfabric:sldfabric|sld_jtag_hub:\jtag_hub_gen:real_sld_jtag_hub|irf_reg[2][1]" File: c:/intelfpga_lite/16.1/quartus/libraries/megafunctions/sld_jtag_hub.vhd Line: 791
    Info (308011): Node  "niosSys:instSys|niosSys_myCPU:mycpu|niosSys_myCPU_cpu:cpu|F_pc[10]" File: C:/Users/Hannselthill Camacho/Desktop/Spring2020/ECE178/Lab2_1/niosSys/synthesis/submodules/niosSys_myCPU_cpu.v Line: 6966
    Info (308011): Node  "niosSys:instSys|niosSys_myCPU:mycpu|niosSys_myCPU_cpu:cpu|D_ctrl_src2_choose_imm" File: C:/Users/Hannselthill Camacho/Desktop/Spring2020/ECE178/Lab2_1/niosSys/synthesis/submodules/niosSys_myCPU_cpu.v Line: 4131
    Info (308011): Node  "niosSys:instSys|niosSys_myCPU:mycpu|niosSys_myCPU_cpu:cpu|niosSys_myCPU_cpu_nios2_oci:the_niosSys_myCPU_cpu_nios2_oci|niosSys_myCPU_cpu_nios2_avalon_reg:the_niosSys_myCPU_cpu_nios2_avalon_reg|oci_ienable[0]" File: C:/Users/Hannselthill Camacho/Desktop/Spring2020/ECE178/Lab2_1/niosSys/synthesis/submodules/niosSys_myCPU_cpu.v Line: 2618
    Info (308011): Node  "niosSys:instSys|niosSys_myCPU:mycpu|niosSys_myCPU_cpu:cpu|d_writedata[4]~32" File: C:/Users/Hannselthill Camacho/Desktop/Spring2020/ECE178/Lab2_1/niosSys/synthesis/submodules/niosSys_myCPU_cpu.v Line: 9782
    Info (308011): Node  "niosSys:instSys|niosSys_myCPU:mycpu|niosSys_myCPU_cpu:cpu|D_iw[14]" File: C:/Users/Hannselthill Camacho/Desktop/Spring2020/ECE178/Lab2_1/niosSys/synthesis/submodules/niosSys_myCPU_cpu.v Line: 7432
    Info (308011): Node  "niosSys:instSys|niosSys_myCPU:mycpu|niosSys_myCPU_cpu:cpu|niosSys_myCPU_cpu_nios2_oci:the_niosSys_myCPU_cpu_nios2_oci|niosSys_myCPU_cpu_nios2_avalon_reg:the_niosSys_myCPU_cpu_nios2_avalon_reg|Equal1~0" File: C:/Users/Hannselthill Camacho/Desktop/Spring2020/ECE178/Lab2_1/niosSys/synthesis/submodules/niosSys_myCPU_cpu.v Line: 2593
    Info (308011): Node  "niosSys:instSys|niosSys_myCPU:mycpu|niosSys_myCPU_cpu:cpu|niosSys_myCPU_cpu_nios2_oci:the_niosSys_myCPU_cpu_nios2_oci|niosSys_myCPU_cpu_nios2_ocimem:the_niosSys_myCPU_cpu_nios2_ocimem|jtag_ram_access" File: C:/Users/Hannselthill Camacho/Desktop/Spring2020/ECE178/Lab2_1/niosSys/synthesis/submodules/niosSys_myCPU_cpu.v Line: 2748
    Info (308011): Node  "niosSys:instSys|niosSys_myCPU:mycpu|niosSys_myCPU_cpu:cpu|niosSys_myCPU_cpu_nios2_oci:the_niosSys_myCPU_cpu_nios2_oci|niosSys_myCPU_cpu_nios2_ocimem:the_niosSys_myCPU_cpu_nios2_ocimem|MonDReg[0]~11" File: C:/Users/Hannselthill Camacho/Desktop/Spring2020/ECE178/Lab2_1/niosSys/synthesis/submodules/niosSys_myCPU_cpu.v Line: 2778
    Info (308011): Node  "niosSys:instSys|niosSys_myCPU:mycpu|niosSys_myCPU_cpu:cpu|niosSys_myCPU_cpu_nios2_oci:the_niosSys_myCPU_cpu_nios2_oci|niosSys_myCPU_cpu_debug_slave_wrapper:the_niosSys_myCPU_cpu_debug_slave_wrapper|niosSys_myCPU_cpu_debug_slave_sysclk:the_niosSys_myCPU_cpu_debug_slave_sysclk|take_action_ocimem_b" File: C:/Users/Hannselthill Camacho/Desktop/Spring2020/ECE178/Lab2_1/niosSys/synthesis/submodules/niosSys_myCPU_cpu_debug_slave_sysclk.v Line: 49
    Info (308011): Node  "niosSys:instSys|niosSys_myCPU:mycpu|niosSys_myCPU_cpu:cpu|niosSys_myCPU_cpu_nios2_oci:the_niosSys_myCPU_cpu_nios2_oci|niosSys_myCPU_cpu_nios2_ocimem:the_niosSys_myCPU_cpu_nios2_ocimem|jtag_ram_rd_d1" File: C:/Users/Hannselthill Camacho/Desktop/Spring2020/ECE178/Lab2_1/niosSys/synthesis/submodules/niosSys_myCPU_cpu.v Line: 2750
    Info (308011): Node  "niosSys:instSys|niosSys_myCPU:mycpu|niosSys_myCPU_cpu:cpu|niosSys_myCPU_cpu_nios2_oci:the_niosSys_myCPU_cpu_nios2_oci|niosSys_myCPU_cpu_nios2_oci_break:the_niosSys_myCPU_cpu_nios2_oci_break|break_readreg[3]~1" File: C:/Users/Hannselthill Camacho/Desktop/Spring2020/ECE178/Lab2_1/niosSys/synthesis/submodules/niosSys_myCPU_cpu.v Line: 893
    Info (308011): Node  "niosSys:instSys|niosSys_myCPU:mycpu|niosSys_myCPU_cpu:cpu|niosSys_myCPU_cpu_nios2_oci:the_niosSys_myCPU_cpu_nios2_oci|niosSys_myCPU_cpu_debug_slave_wrapper:the_niosSys_myCPU_cpu_debug_slave_wrapper|niosSys_myCPU_cpu_debug_slave_sysclk:the_niosSys_myCPU_cpu_debug_slave_sysclk|jdo[37]" File: C:/Users/Hannselthill Camacho/Desktop/Spring2020/ECE178/Lab2_1/niosSys/synthesis/submodules/niosSys_myCPU_cpu_debug_slave_sysclk.v Line: 151
    Info (308011): Node  "niosSys:instSys|niosSys_myCPU:mycpu|niosSys_myCPU_cpu:cpu|niosSys_myCPU_cpu_nios2_oci:the_niosSys_myCPU_cpu_nios2_oci|niosSys_myCPU_cpu_debug_slave_wrapper:the_niosSys_myCPU_cpu_debug_slave_wrapper|niosSys_myCPU_cpu_debug_slave_sysclk:the_niosSys_myCPU_cpu_debug_slave_sysclk|jdo[36]" File: C:/Users/Hannselthill Camacho/Desktop/Spring2020/ECE178/Lab2_1/niosSys/synthesis/submodules/niosSys_myCPU_cpu_debug_slave_sysclk.v Line: 151
    Info (308011): Node  "niosSys:instSys|niosSys_myCPU:mycpu|niosSys_myCPU_cpu:cpu|niosSys_myCPU_cpu_nios2_oci:the_niosSys_myCPU_cpu_nios2_oci|address[8]" File: C:/Users/Hannselthill Camacho/Desktop/Spring2020/ECE178/Lab2_1/niosSys/synthesis/submodules/niosSys_myCPU_cpu.v Line: 3313
    Info (308002): Truncated list of Design Assistant messages to 30 messages. Go to sections under Design Assistant section of Compilation Report for complete lists of Design Assistant messages generated.
Info (308044): (Information) Rule T102: Top nodes with the highest number of fan-outs. (Value defined:50). Found 50 node(s) with highest fan-out.
    Info (308011): Node  "clk_clk~inputclkctrl" File: C:/Users/Hannselthill Camacho/Desktop/Spring2020/ECE178/Lab2_1/lab2_1.v Line: 2
    Info (308011): Node  "niosSys:instSys|altera_reset_controller:rst_controller|r_sync_rst~clkctrl" File: C:/Users/Hannselthill Camacho/Desktop/Spring2020/ECE178/Lab2_1/niosSys/synthesis/submodules/altera_reset_controller.v Line: 288
    Info (308011): Node  "niosSys:instSys|niosSys_myCPU:mycpu|niosSys_myCPU_cpu:cpu|A_mem_stall" File: C:/Users/Hannselthill Camacho/Desktop/Spring2020/ECE178/Lab2_1/niosSys/synthesis/submodules/niosSys_myCPU_cpu.v Line: 3866
    Info (308011): Node  "altera_internal_jtag~TCKUTAPclkctrl"
    Info (308011): Node  "niosSys:instSys|niosSys_myCPU:mycpu|niosSys_myCPU_cpu:cpu|F_stall~0" File: C:/Users/Hannselthill Camacho/Desktop/Spring2020/ECE178/Lab2_1/niosSys/synthesis/submodules/niosSys_myCPU_cpu.v Line: 4953
    Info (308011): Node  "niosSys:instSys|niosSys_myCPU:mycpu|niosSys_myCPU_cpu:cpu|A_dc_fill_active" File: C:/Users/Hannselthill Camacho/Desktop/Spring2020/ECE178/Lab2_1/niosSys/synthesis/submodules/niosSys_myCPU_cpu.v Line: 3714
    Info (308011): Node  "niosSys:instSys|niosSys_myCPU:mycpu|niosSys_myCPU_cpu:cpu|D_src2_hazard_E" File: C:/Users/Hannselthill Camacho/Desktop/Spring2020/ECE178/Lab2_1/niosSys/synthesis/submodules/niosSys_myCPU_cpu.v Line: 4348
    Info (308011): Node  "niosSys:instSys|niosSys_myCPU:mycpu|niosSys_myCPU_cpu:cpu|M_rot_rn[3]" File: C:/Users/Hannselthill Camacho/Desktop/Spring2020/ECE178/Lab2_1/niosSys/synthesis/submodules/niosSys_myCPU_cpu.v Line: 8714
    Info (308011): Node  "niosSys:instSys|niosSys_myCPU:mycpu|niosSys_myCPU_cpu:cpu|M_rot_rn[4]" File: C:/Users/Hannselthill Camacho/Desktop/Spring2020/ECE178/Lab2_1/niosSys/synthesis/submodules/niosSys_myCPU_cpu.v Line: 8714
    Info (308011): Node  "niosSys:instSys|niosSys_myCPU:mycpu|niosSys_myCPU_cpu:cpu|niosSys_myCPU_cpu_nios2_oci:the_niosSys_myCPU_cpu_nios2_oci|niosSys_myCPU_cpu_nios2_oci_break:the_niosSys_myCPU_cpu_nios2_oci_break|break_readreg[3]~1" File: C:/Users/Hannselthill Camacho/Desktop/Spring2020/ECE178/Lab2_1/niosSys/synthesis/submodules/niosSys_myCPU_cpu.v Line: 893
    Info (308011): Node  "sld_hub:auto_hub|alt_sld_fab_with_jtag_input:\instrumentation_fabric_with_node_gen:fabric_gen_new_way:with_jtag_input_gen:instrumentation_fabric|alt_sld_fab:instrumentation_fabric|alt_sld_fab_alt_sld_fab:alt_sld_fab|alt_sld_fab_alt_sld_fab_sldfabric:sldfabric|sld_jtag_hub:\jtag_hub_gen:real_sld_jtag_hub|clr_reg" File: c:/intelfpga_lite/16.1/quartus/libraries/megafunctions/sld_jtag_hub.vhd Line: 255
    Info (308011): Node  "niosSys:instSys|niosSys_mm_interconnect_0:mm_interconnect_0|niosSys_mm_interconnect_0_cmd_mux_002:cmd_mux_002|saved_grant[0]" File: C:/Users/Hannselthill Camacho/Desktop/Spring2020/ECE178/Lab2_1/niosSys/synthesis/submodules/niosSys_mm_interconnect_0_cmd_mux_002.sv Line: 245
    Info (308011): Node  "niosSys:instSys|niosSys_myCPU:mycpu|niosSys_myCPU_cpu:cpu|E_ctrl_logic" File: C:/Users/Hannselthill Camacho/Desktop/Spring2020/ECE178/Lab2_1/niosSys/synthesis/submodules/niosSys_myCPU_cpu.v Line: 4471
    Info (308011): Node  "niosSys:instSys|niosSys_myCPU:mycpu|niosSys_myCPU_cpu:cpu|E_alu_result~0" File: C:/Users/Hannselthill Camacho/Desktop/Spring2020/ECE178/Lab2_1/niosSys/synthesis/submodules/niosSys_myCPU_cpu.v Line: 4362
    Info (308011): Node  "niosSys:instSys|niosSys_myCPU:mycpu|niosSys_myCPU_cpu:cpu|E_src1[21]~0" File: C:/Users/Hannselthill Camacho/Desktop/Spring2020/ECE178/Lab2_1/niosSys/synthesis/submodules/niosSys_myCPU_cpu.v Line: 8491
    Info (308011): Node  "sld_hub:auto_hub|alt_sld_fab_with_jtag_input:\instrumentation_fabric_with_node_gen:fabric_gen_new_way:with_jtag_input_gen:instrumentation_fabric|alt_sld_fab:instrumentation_fabric|alt_sld_fab_alt_sld_fab:alt_sld_fab|alt_sld_fab_alt_sld_fab_sldfabric:sldfabric|sld_jtag_hub:\jtag_hub_gen:real_sld_jtag_hub|sld_shadow_jsm:shadow_jsm|state[4]" File: c:/intelfpga_lite/16.1/quartus/libraries/megafunctions/sld_hub.vhd Line: 1584
    Info (308011): Node  "niosSys:instSys|niosSys_myCPU:mycpu|niosSys_myCPU_cpu:cpu|niosSys_myCPU_cpu_nios2_oci:the_niosSys_myCPU_cpu_nios2_oci|niosSys_myCPU_cpu_nios2_ocimem:the_niosSys_myCPU_cpu_nios2_ocimem|jtag_ram_access" File: C:/Users/Hannselthill Camacho/Desktop/Spring2020/ECE178/Lab2_1/niosSys/synthesis/submodules/niosSys_myCPU_cpu.v Line: 2748
    Info (308011): Node  "niosSys:instSys|niosSys_myCPU:mycpu|niosSys_myCPU_cpu:cpu|D_src2_reg[0]~24" File: C:/Users/Hannselthill Camacho/Desktop/Spring2020/ECE178/Lab2_1/niosSys/synthesis/submodules/niosSys_myCPU_cpu.v Line: 4355
    Info (308011): Node  "niosSys:instSys|niosSys_myCPU:mycpu|niosSys_myCPU_cpu:cpu|D_src2_reg[0]~25" File: C:/Users/Hannselthill Camacho/Desktop/Spring2020/ECE178/Lab2_1/niosSys/synthesis/submodules/niosSys_myCPU_cpu.v Line: 4355
    Info (308011): Node  "niosSys:instSys|niosSys_myCPU:mycpu|niosSys_myCPU_cpu:cpu|E_src1[21]~1" File: C:/Users/Hannselthill Camacho/Desktop/Spring2020/ECE178/Lab2_1/niosSys/synthesis/submodules/niosSys_myCPU_cpu.v Line: 8491
    Info (308011): Node  "niosSys:instSys|niosSys_myCPU:mycpu|niosSys_myCPU_cpu:cpu|F_pc[10]" File: C:/Users/Hannselthill Camacho/Desktop/Spring2020/ECE178/Lab2_1/niosSys/synthesis/submodules/niosSys_myCPU_cpu.v Line: 6966
    Info (308011): Node  "niosSys:instSys|niosSys_myCPU:mycpu|niosSys_myCPU_cpu:cpu|A_wr_data_unfiltered[3]~2" File: C:/Users/Hannselthill Camacho/Desktop/Spring2020/ECE178/Lab2_1/niosSys/synthesis/submodules/niosSys_myCPU_cpu.v Line: 4050
    Info (308011): Node  "niosSys:instSys|niosSys_myCPU:mycpu|niosSys_myCPU_cpu:cpu|A_ctrl_ld_signed" File: C:/Users/Hannselthill Camacho/Desktop/Spring2020/ECE178/Lab2_1/niosSys/synthesis/submodules/niosSys_myCPU_cpu.v Line: 3602
    Info (308011): Node  "sld_hub:auto_hub|alt_sld_fab_with_jtag_input:\instrumentation_fabric_with_node_gen:fabric_gen_new_way:with_jtag_input_gen:instrumentation_fabric|alt_sld_fab:instrumentation_fabric|alt_sld_fab_alt_sld_fab:alt_sld_fab|alt_sld_fab_alt_sld_fab_sldfabric:sldfabric|sld_jtag_hub:\jtag_hub_gen:real_sld_jtag_hub|irf_reg[2][1]" File: c:/intelfpga_lite/16.1/quartus/libraries/megafunctions/sld_jtag_hub.vhd Line: 791
    Info (308011): Node  "niosSys:instSys|niosSys_myCPU:mycpu|niosSys_myCPU_cpu:cpu|A_mem_bypass_pending" File: C:/Users/Hannselthill Camacho/Desktop/Spring2020/ECE178/Lab2_1/niosSys/synthesis/submodules/niosSys_myCPU_cpu.v Line: 3864
    Info (308011): Node  "niosSys:instSys|niosSys_myCPU:mycpu|niosSys_myCPU_cpu:cpu|niosSys_myCPU_cpu_nios2_oci:the_niosSys_myCPU_cpu_nios2_oci|niosSys_myCPU_cpu_debug_slave_wrapper:the_niosSys_myCPU_cpu_debug_slave_wrapper|sld_virtual_jtag_basic:niosSys_myCPU_cpu_debug_slave_phy|virtual_state_sdr~0" File: c:/intelfpga_lite/16.1/quartus/libraries/megafunctions/sld_virtual_jtag_basic.v Line: 92
    Info (308011): Node  "niosSys:instSys|niosSys_myCPU:mycpu|niosSys_myCPU_cpu:cpu|niosSys_myCPU_cpu_nios2_oci:the_niosSys_myCPU_cpu_nios2_oci|niosSys_myCPU_cpu_debug_slave_wrapper:the_niosSys_myCPU_cpu_debug_slave_wrapper|niosSys_myCPU_cpu_debug_slave_sysclk:the_niosSys_myCPU_cpu_debug_slave_sysclk|update_jdo_strobe" File: C:/Users/Hannselthill Camacho/Desktop/Spring2020/ECE178/Lab2_1/niosSys/synthesis/submodules/niosSys_myCPU_cpu_debug_slave_sysclk.v Line: 82
    Info (308011): Node  "niosSys:instSys|niosSys_myCPU:mycpu|niosSys_myCPU_cpu:cpu|niosSys_myCPU_cpu_nios2_oci:the_niosSys_myCPU_cpu_nios2_oci|niosSys_myCPU_cpu_debug_slave_wrapper:the_niosSys_myCPU_cpu_debug_slave_wrapper|niosSys_myCPU_cpu_debug_slave_sysclk:the_niosSys_myCPU_cpu_debug_slave_sysclk|take_action_ocimem_b" File: C:/Users/Hannselthill Camacho/Desktop/Spring2020/ECE178/Lab2_1/niosSys/synthesis/submodules/niosSys_myCPU_cpu_debug_slave_sysclk.v Line: 49
    Info (308011): Node  "niosSys:instSys|niosSys_myCPU:mycpu|niosSys_myCPU_cpu:cpu|A_wr_data_unfiltered[11]~3" File: C:/Users/Hannselthill Camacho/Desktop/Spring2020/ECE178/Lab2_1/niosSys/synthesis/submodules/niosSys_myCPU_cpu.v Line: 4050
    Info (308011): Node  "niosSys:instSys|niosSys_mm_interconnect_0:mm_interconnect_0|altera_merlin_slave_translator:tcm_s2_translator|read_latency_shift_reg[0]" File: C:/Users/Hannselthill Camacho/Desktop/Spring2020/ECE178/Lab2_1/niosSys/synthesis/submodules/altera_merlin_slave_translator.sv Line: 392
    Info (308002): Truncated list of Design Assistant messages to 30 messages. Go to sections under Design Assistant section of Compilation Report for complete lists of Design Assistant messages generated.
Info (308007): Design Assistant information: finished post-fitting analysis of current design -- generated 107 information messages and 0 warning messages
Info: Quartus Prime Design Assistant was successful. 0 errors, 5 warnings
    Info: Peak virtual memory: 4676 megabytes
    Info: Processing ended: Mon Feb 10 23:44:47 2020
    Info: Elapsed time: 00:00:01
    Info: Total CPU time (on all processors): 00:00:01


