16:30:03 **** Build of configuration Nios II for project PasswordCheckerV2 ****
make all 
Info: Building ../PasswordCheckerV2_bsp/
C:/intelFPGA_lite/16.1/nios2eds/bin/gnu/H-x86_64-mingw32/bin/make --no-print-directory -C ../PasswordCheckerV2_bsp/
Compiling alt_alarm_start.c...
nios2-elf-gcc -xc -MP -MMD -c  -I./HAL/inc -I. -I./drivers/inc -pipe -D__hal__ -DALT_NO_C_PLUS_PLUS -DALT_NO_CLEAN_EXIT -D'exit(a)=_exit(a)' -DALT_NO_EXIT -DALT_USE_DIRECT_DRIVERS -DALT_NO_INSTRUCTION_EMULATION -DALT_USE_SMALL_DRIVERS -DSMALL_C_LIB -DALT_SINGLE_THREADED    '-Os' -g -Wall  -mno-hw-div -mhw-mul -mno-hw-mulx -mgpopt=global   -o obj/HAL/src/alt_alarm_start.o HAL/src/alt_alarm_start.c
Compiling alt_busy_sleep.c...
nios2-elf-gcc -xc -MP -MMD -c  -I./HAL/inc -I. -I./drivers/inc -pipe -D__hal__ -DALT_NO_C_PLUS_PLUS -DALT_NO_CLEAN_EXIT -D'exit(a)=_exit(a)' -DALT_NO_EXIT -DALT_USE_DIRECT_DRIVERS -DALT_NO_INSTRUCTION_EMULATION -DALT_USE_SMALL_DRIVERS -DSMALL_C_LIB -DALT_SINGLE_THREADED    '-Os' -g -Wall  -mno-hw-div -mhw-mul -mno-hw-mulx -mgpopt=global   -o obj/HAL/src/alt_busy_sleep.o HAL/src/alt_busy_sleep.c
Compiling alt_close.c...
nios2-elf-gcc -xc -MP -MMD -c  -I./HAL/inc -I. -I./drivers/inc -pipe -D__hal__ -DALT_NO_C_PLUS_PLUS -DALT_NO_CLEAN_EXIT -D'exit(a)=_exit(a)' -DALT_NO_EXIT -DALT_USE_DIRECT_DRIVERS -DALT_NO_INSTRUCTION_EMULATION -DALT_USE_SMALL_DRIVERS -DSMALL_C_LIB -DALT_SINGLE_THREADED    '-Os' -g -Wall  -mno-hw-div -mhw-mul -mno-hw-mulx -mgpopt=global   -o obj/HAL/src/alt_close.o HAL/src/alt_close.c
Compiling alt_dcache_flush.c...
nios2-elf-gcc -xc -MP -MMD -c  -I./HAL/inc -I. -I./drivers/inc -pipe -D__hal__ -DALT_NO_C_PLUS_PLUS -DALT_NO_CLEAN_EXIT -D'exit(a)=_exit(a)' -DALT_NO_EXIT -DALT_USE_DIRECT_DRIVERS -DALT_NO_INSTRUCTION_EMULATION -DALT_USE_SMALL_DRIVERS -DSMALL_C_LIB -DALT_SINGLE_THREADED    '-Os' -g -Wall  -mno-hw-div -mhw-mul -mno-hw-mulx -mgpopt=global   -o obj/HAL/src/alt_dcache_flush.o HAL/src/alt_dcache_flush.c
Compiling alt_dcache_flush_all.c...
nios2-elf-gcc -xc -MP -MMD -c  -I./HAL/inc -I. -I./drivers/inc -pipe -D__hal__ -DALT_NO_C_PLUS_PLUS -DALT_NO_CLEAN_EXIT -D'exit(a)=_exit(a)' -DALT_NO_EXIT -DALT_USE_DIRECT_DRIVERS -DALT_NO_INSTRUCTION_EMULATION -DALT_USE_SMALL_DRIVERS -DSMALL_C_LIB -DALT_SINGLE_THREADED    '-Os' -g -Wall  -mno-hw-div -mhw-mul -mno-hw-mulx -mgpopt=global   -o obj/HAL/src/alt_dcache_flush_all.o HAL/src/alt_dcache_flush_all.c
Compiling alt_dcache_flush_no_writeback.c...
nios2-elf-gcc -xc -MP -MMD -c  -I./HAL/inc -I. -I./drivers/inc -pipe -D__hal__ -DALT_NO_C_PLUS_PLUS -DALT_NO_CLEAN_EXIT -D'exit(a)=_exit(a)' -DALT_NO_EXIT -DALT_USE_DIRECT_DRIVERS -DALT_NO_INSTRUCTION_EMULATION -DALT_USE_SMALL_DRIVERS -DSMALL_C_LIB -DALT_SINGLE_THREADED    '-Os' -g -Wall  -mno-hw-div -mhw-mul -mno-hw-mulx -mgpopt=global   -o obj/HAL/src/alt_dcache_flush_no_writeback.o HAL/src/alt_dcache_flush_no_writeback.c
Compiling alt_dev.c...
nios2-elf-gcc -xc -MP -MMD -c  -I./HAL/inc -I. -I./drivers/inc -pipe -D__hal__ -DALT_NO_C_PLUS_PLUS -DALT_NO_CLEAN_EXIT -D'exit(a)=_exit(a)' -DALT_NO_EXIT -DALT_USE_DIRECT_DRIVERS -DALT_NO_INSTRUCTION_EMULATION -DALT_USE_SMALL_DRIVERS -DSMALL_C_LIB -DALT_SINGLE_THREADED    '-Os' -g -Wall  -mno-hw-div -mhw-mul -mno-hw-mulx -mgpopt=global   -o obj/HAL/src/alt_dev.o HAL/src/alt_dev.c
Compiling alt_dma_rxchan_open.c...
nios2-elf-gcc -xc -MP -MMD -c  -I./HAL/inc -I. -I./drivers/inc -pipe -D__hal__ -DALT_NO_C_PLUS_PLUS -DALT_NO_CLEAN_EXIT -D'exit(a)=_exit(a)' -DALT_NO_EXIT -DALT_USE_DIRECT_DRIVERS -DALT_NO_INSTRUCTION_EMULATION -DALT_USE_SMALL_DRIVERS -DSMALL_C_LIB -DALT_SINGLE_THREADED    '-Os' -g -Wall  -mno-hw-div -mhw-mul -mno-hw-mulx -mgpopt=global   -o obj/HAL/src/alt_dma_rxchan_open.o HAL/src/alt_dma_rxchan_open.c
Compiling alt_dma_txchan_open.c...
nios2-elf-gcc -xc -MP -MMD -c  -I./HAL/inc -I. -I./drivers/inc -pipe -D__hal__ -DALT_NO_C_PLUS_PLUS -DALT_NO_CLEAN_EXIT -D'exit(a)=_exit(a)' -DALT_NO_EXIT -DALT_USE_DIRECT_DRIVERS -DALT_NO_INSTRUCTION_EMULATION -DALT_USE_SMALL_DRIVERS -DSMALL_C_LIB -DALT_SINGLE_THREADED    '-Os' -g -Wall  -mno-hw-div -mhw-mul -mno-hw-mulx -mgpopt=global   -o obj/HAL/src/alt_dma_txchan_open.o HAL/src/alt_dma_txchan_open.c
Compiling alt_ecc_fatal_exception.c...
nios2-elf-gcc -xc -MP -MMD -c  -I./HAL/inc -I. -I./drivers/inc -pipe -D__hal__ -DALT_NO_C_PLUS_PLUS -DALT_NO_CLEAN_EXIT -D'exit(a)=_exit(a)' -DALT_NO_EXIT -DALT_USE_DIRECT_DRIVERS -DALT_NO_INSTRUCTION_EMULATION -DALT_USE_SMALL_DRIVERS -DSMALL_C_LIB -DALT_SINGLE_THREADED    '-Os' -g -Wall  -mno-hw-div -mhw-mul -mno-hw-mulx -mgpopt=global   -o obj/HAL/src/alt_ecc_fatal_exception.o HAL/src/alt_ecc_fatal_exception.c
Compiling alt_exception_entry.S...
nios2-elf-gcc -MP -MMD -c   '-Os' -g -Wall  -mno-hw-div -mhw-mul -mno-hw-mulx -mgpopt=global    -I./HAL/inc -I. -I./drivers/inc -pipe -D__hal__ -DALT_NO_C_PLUS_PLUS -DALT_NO_CLEAN_EXIT -D'exit(a)=_exit(a)' -DALT_NO_EXIT -DALT_USE_DIRECT_DRIVERS -DALT_NO_INSTRUCTION_EMULATION -DALT_USE_SMALL_DRIVERS -DSMALL_C_LIB -DALT_SINGLE_THREADED  -Wa,-gdwarf2  -o obj/HAL/src/alt_exception_entry.o HAL/src/alt_exception_entry.S
Compiling alt_exit.c...
nios2-elf-gcc -xc -MP -MMD -c  -I./HAL/inc -I. -I./drivers/inc -pipe -D__hal__ -DALT_NO_C_PLUS_PLUS -DALT_NO_CLEAN_EXIT -D'exit(a)=_exit(a)' -DALT_NO_EXIT -DALT_USE_DIRECT_DRIVERS -DALT_NO_INSTRUCTION_EMULATION -DALT_USE_SMALL_DRIVERS -DSMALL_C_LIB -DALT_SINGLE_THREADED    '-Os' -g -Wall  -mno-hw-div -mhw-mul -mno-hw-mulx -mgpopt=global   -o obj/HAL/src/alt_exit.o HAL/src/alt_exit.c
Compiling alt_fcntl.c...
nios2-elf-gcc -xc -MP -MMD -c  -I./HAL/inc -I. -I./drivers/inc -pipe -D__hal__ -DALT_NO_C_PLUS_PLUS -DALT_NO_CLEAN_EXIT -D'exit(a)=_exit(a)' -DALT_NO_EXIT -DALT_USE_DIRECT_DRIVERS -DALT_NO_INSTRUCTION_EMULATION -DALT_USE_SMALL_DRIVERS -DSMALL_C_LIB -DALT_SINGLE_THREADED    '-Os' -g -Wall  -mno-hw-div -mhw-mul -mno-hw-mulx -mgpopt=global   -o obj/HAL/src/alt_fcntl.o HAL/src/alt_fcntl.c
Compiling alt_fd_lock.c...
nios2-elf-gcc -xc -MP -MMD -c  -I./HAL/inc -I. -I./drivers/inc -pipe -D__hal__ -DALT_NO_C_PLUS_PLUS -DALT_NO_CLEAN_EXIT -D'exit(a)=_exit(a)' -DALT_NO_EXIT -DALT_USE_DIRECT_DRIVERS -DALT_NO_INSTRUCTION_EMULATION -DALT_USE_SMALL_DRIVERS -DSMALL_C_LIB -DALT_SINGLE_THREADED    '-Os' -g -Wall  -mno-hw-div -mhw-mul -mno-hw-mulx -mgpopt=global   -o obj/HAL/src/alt_fd_lock.o HAL/src/alt_fd_lock.c
Compiling alt_fd_unlock.c...
nios2-elf-gcc -xc -MP -MMD -c  -I./HAL/inc -I. -I./drivers/inc -pipe -D__hal__ -DALT_NO_C_PLUS_PLUS -DALT_NO_CLEAN_EXIT -D'exit(a)=_exit(a)' -DALT_NO_EXIT -DALT_USE_DIRECT_DRIVERS -DALT_NO_INSTRUCTION_EMULATION -DALT_USE_SMALL_DRIVERS -DSMALL_C_LIB -DALT_SINGLE_THREADED    '-Os' -g -Wall  -mno-hw-div -mhw-mul -mno-hw-mulx -mgpopt=global   -o obj/HAL/src/alt_fd_unlock.o HAL/src/alt_fd_unlock.c
Compiling alt_find_dev.c...
nios2-elf-gcc -xc -MP -MMD -c  -I./HAL/inc -I. -I./drivers/inc -pipe -D__hal__ -DALT_NO_C_PLUS_PLUS -DALT_NO_CLEAN_EXIT -D'exit(a)=_exit(a)' -DALT_NO_EXIT -DALT_USE_DIRECT_DRIVERS -DALT_NO_INSTRUCTION_EMULATION -DALT_USE_SMALL_DRIVERS -DSMALL_C_LIB -DALT_SINGLE_THREADED    '-Os' -g -Wall  -mno-hw-div -mhw-mul -mno-hw-mulx -mgpopt=global   -o obj/HAL/src/alt_find_dev.o HAL/src/alt_find_dev.c
Compiling alt_find_file.c...
nios2-elf-gcc -xc -MP -MMD -c  -I./HAL/inc -I. -I./drivers/inc -pipe -D__hal__ -DALT_NO_C_PLUS_PLUS -DALT_NO_CLEAN_EXIT -D'exit(a)=_exit(a)' -DALT_NO_EXIT -DALT_USE_DIRECT_DRIVERS -DALT_NO_INSTRUCTION_EMULATION -DALT_USE_SMALL_DRIVERS -DSMALL_C_LIB -DALT_SINGLE_THREADED    '-Os' -g -Wall  -mno-hw-div -mhw-mul -mno-hw-mulx -mgpopt=global   -o obj/HAL/src/alt_find_file.o HAL/src/alt_find_file.c
Compiling alt_flash_dev.c...
nios2-elf-gcc -xc -MP -MMD -c  -I./HAL/inc -I. -I./drivers/inc -pipe -D__hal__ -DALT_NO_C_PLUS_PLUS -DALT_NO_CLEAN_EXIT -D'exit(a)=_exit(a)' -DALT_NO_EXIT -DALT_USE_DIRECT_DRIVERS -DALT_NO_INSTRUCTION_EMULATION -DALT_USE_SMALL_DRIVERS -DSMALL_C_LIB -DALT_SINGLE_THREADED    '-Os' -g -Wall  -mno-hw-div -mhw-mul -mno-hw-mulx -mgpopt=global   -o obj/HAL/src/alt_flash_dev.o HAL/src/alt_flash_dev.c
Compiling alt_fs_reg.c...
nios2-elf-gcc -xc -MP -MMD -c  -I./HAL/inc -I. -I./drivers/inc -pipe -D__hal__ -DALT_NO_C_PLUS_PLUS -DALT_NO_CLEAN_EXIT -D'exit(a)=_exit(a)' -DALT_NO_EXIT -DALT_USE_DIRECT_DRIVERS -DALT_NO_INSTRUCTION_EMULATION -DALT_USE_SMALL_DRIVERS -DSMALL_C_LIB -DALT_SINGLE_THREADED    '-Os' -g -Wall  -mno-hw-div -mhw-mul -mno-hw-mulx -mgpopt=global   -o obj/HAL/src/alt_fs_reg.o HAL/src/alt_fs_reg.c
Compiling alt_fstat.c...
nios2-elf-gcc -xc -MP -MMD -c  -I./HAL/inc -I. -I./drivers/inc -pipe -D__hal__ -DALT_NO_C_PLUS_PLUS -DALT_NO_CLEAN_EXIT -D'exit(a)=_exit(a)' -DALT_NO_EXIT -DALT_USE_DIRECT_DRIVERS -DALT_NO_INSTRUCTION_EMULATION -DALT_USE_SMALL_DRIVERS -DSMALL_C_LIB -DALT_SINGLE_THREADED    '-Os' -g -Wall  -mno-hw-div -mhw-mul -mno-hw-mulx -mgpopt=global   -o obj/HAL/src/alt_fstat.o HAL/src/alt_fstat.c
Compiling alt_get_fd.c...
nios2-elf-gcc -xc -MP -MMD -c  -I./HAL/inc -I. -I./drivers/inc -pipe -D__hal__ -DALT_NO_C_PLUS_PLUS -DALT_NO_CLEAN_EXIT -D'exit(a)=_exit(a)' -DALT_NO_EXIT -DALT_USE_DIRECT_DRIVERS -DALT_NO_INSTRUCTION_EMULATION -DALT_USE_SMALL_DRIVERS -DSMALL_C_LIB -DALT_SINGLE_THREADED    '-Os' -g -Wall  -mno-hw-div -mhw-mul -mno-hw-mulx -mgpopt=global   -o obj/HAL/src/alt_get_fd.o HAL/src/alt_get_fd.c
Compiling alt_getchar.c...
nios2-elf-gcc -xc -MP -MMD -c  -I./HAL/inc -I. -I./drivers/inc -pipe -D__hal__ -DALT_NO_C_PLUS_PLUS -DALT_NO_CLEAN_EXIT -D'exit(a)=_exit(a)' -DALT_NO_EXIT -DALT_USE_DIRECT_DRIVERS -DALT_NO_INSTRUCTION_EMULATION -DALT_USE_SMALL_DRIVERS -DSMALL_C_LIB -DALT_SINGLE_THREADED    '-Os' -g -Wall  -mno-hw-div -mhw-mul -mno-hw-mulx -mgpopt=global   -o obj/HAL/src/alt_getchar.o HAL/src/alt_getchar.c
Compiling alt_gmon.c...
nios2-elf-gcc -xc -MP -MMD -c  -I./HAL/inc -I. -I./drivers/inc -pipe -D__hal__ -DALT_NO_C_PLUS_PLUS -DALT_NO_CLEAN_EXIT -D'exit(a)=_exit(a)' -DALT_NO_EXIT -DALT_USE_DIRECT_DRIVERS -DALT_NO_INSTRUCTION_EMULATION -DALT_USE_SMALL_DRIVERS -DSMALL_C_LIB -DALT_SINGLE_THREADED    '-Os' -g -Wall  -mno-hw-div -mhw-mul -mno-hw-mulx -mgpopt=global   -o obj/HAL/src/alt_gmon.o HAL/src/alt_gmon.c
Compiling alt_icache_flush.c...
nios2-elf-gcc -xc -MP -MMD -c  -I./HAL/inc -I. -I./drivers/inc -pipe -D__hal__ -DALT_NO_C_PLUS_PLUS -DALT_NO_CLEAN_EXIT -D'exit(a)=_exit(a)' -DALT_NO_EXIT -DALT_USE_DIRECT_DRIVERS -DALT_NO_INSTRUCTION_EMULATION -DALT_USE_SMALL_DRIVERS -DSMALL_C_LIB -DALT_SINGLE_THREADED    '-Os' -g -Wall  -mno-hw-div -mhw-mul -mno-hw-mulx -mgpopt=global   -o obj/HAL/src/alt_icache_flush.o HAL/src/alt_icache_flush.c
Compiling alt_icache_flush_all.c...
nios2-elf-gcc -xc -MP -MMD -c  -I./HAL/inc -I. -I./drivers/inc -pipe -D__hal__ -DALT_NO_C_PLUS_PLUS -DALT_NO_CLEAN_EXIT -D'exit(a)=_exit(a)' -DALT_NO_EXIT -DALT_USE_DIRECT_DRIVERS -DALT_NO_INSTRUCTION_EMULATION -DALT_USE_SMALL_DRIVERS -DSMALL_C_LIB -DALT_SINGLE_THREADED    '-Os' -g -Wall  -mno-hw-div -mhw-mul -mno-hw-mulx -mgpopt=global   -o obj/HAL/src/alt_icache_flush_all.o HAL/src/alt_icache_flush_all.c
Compiling alt_iic.c...
nios2-elf-gcc -xc -MP -MMD -c  -I./HAL/inc -I. -I./drivers/inc -pipe -D__hal__ -DALT_NO_C_PLUS_PLUS -DALT_NO_CLEAN_EXIT -D'exit(a)=_exit(a)' -DALT_NO_EXIT -DALT_USE_DIRECT_DRIVERS -DALT_NO_INSTRUCTION_EMULATION -DALT_USE_SMALL_DRIVERS -DSMALL_C_LIB -DALT_SINGLE_THREADED    '-Os' -g -Wall  -mno-hw-div -mhw-mul -mno-hw-mulx -mgpopt=global   -o obj/HAL/src/alt_iic.o HAL/src/alt_iic.c
Compiling alt_iic_isr_register.c...
nios2-elf-gcc -xc -MP -MMD -c  -I./HAL/inc -I. -I./drivers/inc -pipe -D__hal__ -DALT_NO_C_PLUS_PLUS -DALT_NO_CLEAN_EXIT -D'exit(a)=_exit(a)' -DALT_NO_EXIT -DALT_USE_DIRECT_DRIVERS -DALT_NO_INSTRUCTION_EMULATION -DALT_USE_SMALL_DRIVERS -DSMALL_C_LIB -DALT_SINGLE_THREADED    '-Os' -g -Wall  -mno-hw-div -mhw-mul -mno-hw-mulx -mgpopt=global   -o obj/HAL/src/alt_iic_isr_register.o HAL/src/alt_iic_isr_register.c
Compiling alt_instruction_exception_entry.c...
nios2-elf-gcc -xc -MP -MMD -c  -I./HAL/inc -I. -I./drivers/inc -pipe -D__hal__ -DALT_NO_C_PLUS_PLUS -DALT_NO_CLEAN_EXIT -D'exit(a)=_exit(a)' -DALT_NO_EXIT -DALT_USE_DIRECT_DRIVERS -DALT_NO_INSTRUCTION_EMULATION -DALT_USE_SMALL_DRIVERS -DSMALL_C_LIB -DALT_SINGLE_THREADED    '-Os' -g -Wall  -mno-hw-div -mhw-mul -mno-hw-mulx -mgpopt=global   -o obj/HAL/src/alt_instruction_exception_entry.o HAL/src/alt_instruction_exception_entry.c
Compiling alt_instruction_exception_register.c...
nios2-elf-gcc -xc -MP -MMD -c  -I./HAL/inc -I. -I./drivers/inc -pipe -D__hal__ -DALT_NO_C_PLUS_PLUS -DALT_NO_CLEAN_EXIT -D'exit(a)=_exit(a)' -DALT_NO_EXIT -DALT_USE_DIRECT_DRIVERS -DALT_NO_INSTRUCTION_EMULATION -DALT_USE_SMALL_DRIVERS -DSMALL_C_LIB -DALT_SINGLE_THREADED    '-Os' -g -Wall  -mno-hw-div -mhw-mul -mno-hw-mulx -mgpopt=global   -o obj/HAL/src/alt_instruction_exception_register.o HAL/src/alt_instruction_exception_register.c
Compiling alt_io_redirect.c...
nios2-elf-gcc -xc -MP -MMD -c  -I./HAL/inc -I. -I./drivers/inc -pipe -D__hal__ -DALT_NO_C_PLUS_PLUS -DALT_NO_CLEAN_EXIT -D'exit(a)=_exit(a)' -DALT_NO_EXIT -DALT_USE_DIRECT_DRIVERS -DALT_NO_INSTRUCTION_EMULATION -DALT_USE_SMALL_DRIVERS -DSMALL_C_LIB -DALT_SINGLE_THREADED    '-Os' -g -Wall  -mno-hw-div -mhw-mul -mno-hw-mulx -mgpopt=global   -o obj/HAL/src/alt_io_redirect.o HAL/src/alt_io_redirect.c
Compiling alt_ioctl.c...
nios2-elf-gcc -xc -MP -MMD -c  -I./HAL/inc -I. -I./drivers/inc -pipe -D__hal__ -DALT_NO_C_PLUS_PLUS -DALT_NO_CLEAN_EXIT -D'exit(a)=_exit(a)' -DALT_NO_EXIT -DALT_USE_DIRECT_DRIVERS -DALT_NO_INSTRUCTION_EMULATION -DALT_USE_SMALL_DRIVERS -DSMALL_C_LIB -DALT_SINGLE_THREADED    '-Os' -g -Wall  -mno-hw-div -mhw-mul -mno-hw-mulx -mgpopt=global   -o obj/HAL/src/alt_ioctl.o HAL/src/alt_ioctl.c
Compiling alt_irq_entry.S...
nios2-elf-gcc -MP -MMD -c   '-Os' -g -Wall  -mno-hw-div -mhw-mul -mno-hw-mulx -mgpopt=global    -I./HAL/inc -I. -I./drivers/inc -pipe -D__hal__ -DALT_NO_C_PLUS_PLUS -DALT_NO_CLEAN_EXIT -D'exit(a)=_exit(a)' -DALT_NO_EXIT -DALT_USE_DIRECT_DRIVERS -DALT_NO_INSTRUCTION_EMULATION -DALT_USE_SMALL_DRIVERS -DSMALL_C_LIB -DALT_SINGLE_THREADED  -Wa,-gdwarf2  -o obj/HAL/src/alt_irq_entry.o HAL/src/alt_irq_entry.S
Compiling alt_irq_handler.c...
nios2-elf-gcc -xc -MP -MMD -c  -I./HAL/inc -I. -I./drivers/inc -pipe -D__hal__ -DALT_NO_C_PLUS_PLUS -DALT_NO_CLEAN_EXIT -D'exit(a)=_exit(a)' -DALT_NO_EXIT -DALT_USE_DIRECT_DRIVERS -DALT_NO_INSTRUCTION_EMULATION -DALT_USE_SMALL_DRIVERS -DSMALL_C_LIB -DALT_SINGLE_THREADED    '-Os' -g -Wall  -mno-hw-div -mhw-mul -mno-hw-mulx -mgpopt=global   -o obj/HAL/src/alt_irq_handler.o HAL/src/alt_irq_handler.c
Compiling alt_irq_register.c...
nios2-elf-gcc -xc -MP -MMD -c  -I./HAL/inc -I. -I./drivers/inc -pipe -D__hal__ -DALT_NO_C_PLUS_PLUS -DALT_NO_CLEAN_EXIT -D'exit(a)=_exit(a)' -DALT_NO_EXIT -DALT_USE_DIRECT_DRIVERS -DALT_NO_INSTRUCTION_EMULATION -DALT_USE_SMALL_DRIVERS -DSMALL_C_LIB -DALT_SINGLE_THREADED    '-Os' -g -Wall  -mno-hw-div -mhw-mul -mno-hw-mulx -mgpopt=global   -o obj/HAL/src/alt_irq_register.o HAL/src/alt_irq_register.c
Compiling alt_irq_vars.c...
nios2-elf-gcc -xc -MP -MMD -c  -I./HAL/inc -I. -I./drivers/inc -pipe -D__hal__ -DALT_NO_C_PLUS_PLUS -DALT_NO_CLEAN_EXIT -D'exit(a)=_exit(a)' -DALT_NO_EXIT -DALT_USE_DIRECT_DRIVERS -DALT_NO_INSTRUCTION_EMULATION -DALT_USE_SMALL_DRIVERS -DSMALL_C_LIB -DALT_SINGLE_THREADED    '-Os' -g -Wall  -mno-hw-div -mhw-mul -mno-hw-mulx -mgpopt=global   -o obj/HAL/src/alt_irq_vars.o HAL/src/alt_irq_vars.c
Compiling alt_isatty.c...
nios2-elf-gcc -xc -MP -MMD -c  -I./HAL/inc -I. -I./drivers/inc -pipe -D__hal__ -DALT_NO_C_PLUS_PLUS -DALT_NO_CLEAN_EXIT -D'exit(a)=_exit(a)' -DALT_NO_EXIT -DALT_USE_DIRECT_DRIVERS -DALT_NO_INSTRUCTION_EMULATION -DALT_USE_SMALL_DRIVERS -DSMALL_C_LIB -DALT_SINGLE_THREADED    '-Os' -g -Wall  -mno-hw-div -mhw-mul -mno-hw-mulx -mgpopt=global   -o obj/HAL/src/alt_isatty.o HAL/src/alt_isatty.c
Compiling alt_lseek.c...
nios2-elf-gcc -xc -MP -MMD -c  -I./HAL/inc -I. -I./drivers/inc -pipe -D__hal__ -DALT_NO_C_PLUS_PLUS -DALT_NO_CLEAN_EXIT -D'exit(a)=_exit(a)' -DALT_NO_EXIT -DALT_USE_DIRECT_DRIVERS -DALT_NO_INSTRUCTION_EMULATION -DALT_USE_SMALL_DRIVERS -DSMALL_C_LIB -DALT_SINGLE_THREADED    '-Os' -g -Wall  -mno-hw-div -mhw-mul -mno-hw-mulx -mgpopt=global   -o obj/HAL/src/alt_lseek.o HAL/src/alt_lseek.c
Compiling alt_main.c...
nios2-elf-gcc -xc -MP -MMD -c  -I./HAL/inc -I. -I./drivers/inc -pipe -D__hal__ -DALT_NO_C_PLUS_PLUS -DALT_NO_CLEAN_EXIT -D'exit(a)=_exit(a)' -DALT_NO_EXIT -DALT_USE_DIRECT_DRIVERS -DALT_NO_INSTRUCTION_EMULATION -DALT_USE_SMALL_DRIVERS -DSMALL_C_LIB -DALT_SINGLE_THREADED    '-Os' -g -Wall  -mno-hw-div -mhw-mul -mno-hw-mulx -mgpopt=global   -o obj/HAL/src/alt_main.o HAL/src/alt_main.c
Compiling alt_open.c...
nios2-elf-gcc -xc -MP -MMD -c  -I./HAL/inc -I. -I./drivers/inc -pipe -D__hal__ -DALT_NO_C_PLUS_PLUS -DALT_NO_CLEAN_EXIT -D'exit(a)=_exit(a)' -DALT_NO_EXIT -DALT_USE_DIRECT_DRIVERS -DALT_NO_INSTRUCTION_EMULATION -DALT_USE_SMALL_DRIVERS -DSMALL_C_LIB -DALT_SINGLE_THREADED    '-Os' -g -Wall  -mno-hw-div -mhw-mul -mno-hw-mulx -mgpopt=global   -o obj/HAL/src/alt_open.o HAL/src/alt_open.c
Compiling alt_putchar.c...
nios2-elf-gcc -xc -MP -MMD -c  -I./HAL/inc -I. -I./drivers/inc -pipe -D__hal__ -DALT_NO_C_PLUS_PLUS -DALT_NO_CLEAN_EXIT -D'exit(a)=_exit(a)' -DALT_NO_EXIT -DALT_USE_DIRECT_DRIVERS -DALT_NO_INSTRUCTION_EMULATION -DALT_USE_SMALL_DRIVERS -DSMALL_C_LIB -DALT_SINGLE_THREADED    '-Os' -g -Wall  -mno-hw-div -mhw-mul -mno-hw-mulx -mgpopt=global   -o obj/HAL/src/alt_putchar.o HAL/src/alt_putchar.c
Compiling alt_putstr.c...
nios2-elf-gcc -xc -MP -MMD -c  -I./HAL/inc -I. -I./drivers/inc -pipe -D__hal__ -DALT_NO_C_PLUS_PLUS -DALT_NO_CLEAN_EXIT -D'exit(a)=_exit(a)' -DALT_NO_EXIT -DALT_USE_DIRECT_DRIVERS -DALT_NO_INSTRUCTION_EMULATION -DALT_USE_SMALL_DRIVERS -DSMALL_C_LIB -DALT_SINGLE_THREADED    '-Os' -g -Wall  -mno-hw-div -mhw-mul -mno-hw-mulx -mgpopt=global   -o obj/HAL/src/alt_putstr.o HAL/src/alt_putstr.c
Compiling alt_read.c...
nios2-elf-gcc -xc -MP -MMD -c  -I./HAL/inc -I. -I./drivers/inc -pipe -D__hal__ -DALT_NO_C_PLUS_PLUS -DALT_NO_CLEAN_EXIT -D'exit(a)=_exit(a)' -DALT_NO_EXIT -DALT_USE_DIRECT_DRIVERS -DALT_NO_INSTRUCTION_EMULATION -DALT_USE_SMALL_DRIVERS -DSMALL_C_LIB -DALT_SINGLE_THREADED    '-Os' -g -Wall  -mno-hw-div -mhw-mul -mno-hw-mulx -mgpopt=global   -o obj/HAL/src/alt_read.o HAL/src/alt_read.c
Compiling alt_release_fd.c...
nios2-elf-gcc -xc -MP -MMD -c  -I./HAL/inc -I. -I./drivers/inc -pipe -D__hal__ -DALT_NO_C_PLUS_PLUS -DALT_NO_CLEAN_EXIT -D'exit(a)=_exit(a)' -DALT_NO_EXIT -DALT_USE_DIRECT_DRIVERS -DALT_NO_INSTRUCTION_EMULATION -DALT_USE_SMALL_DRIVERS -DSMALL_C_LIB -DALT_SINGLE_THREADED    '-Os' -g -Wall  -mno-hw-div -mhw-mul -mno-hw-mulx -mgpopt=global   -o obj/HAL/src/alt_release_fd.o HAL/src/alt_release_fd.c
Compiling alt_remap_cached.c...
nios2-elf-gcc -xc -MP -MMD -c  -I./HAL/inc -I. -I./drivers/inc -pipe -D__hal__ -DALT_NO_C_PLUS_PLUS -DALT_NO_CLEAN_EXIT -D'exit(a)=_exit(a)' -DALT_NO_EXIT -DALT_USE_DIRECT_DRIVERS -DALT_NO_INSTRUCTION_EMULATION -DALT_USE_SMALL_DRIVERS -DSMALL_C_LIB -DALT_SINGLE_THREADED    '-Os' -g -Wall  -mno-hw-div -mhw-mul -mno-hw-mulx -mgpopt=global   -o obj/HAL/src/alt_remap_cached.o HAL/src/alt_remap_cached.c
Compiling alt_remap_uncached.c...
nios2-elf-gcc -xc -MP -MMD -c  -I./HAL/inc -I. -I./drivers/inc -pipe -D__hal__ -DALT_NO_C_PLUS_PLUS -DALT_NO_CLEAN_EXIT -D'exit(a)=_exit(a)' -DALT_NO_EXIT -DALT_USE_DIRECT_DRIVERS -DALT_NO_INSTRUCTION_EMULATION -DALT_USE_SMALL_DRIVERS -DSMALL_C_LIB -DALT_SINGLE_THREADED    '-Os' -g -Wall  -mno-hw-div -mhw-mul -mno-hw-mulx -mgpopt=global   -o obj/HAL/src/alt_remap_uncached.o HAL/src/alt_remap_uncached.c
Compiling alt_sbrk.c...
nios2-elf-gcc -xc -MP -MMD -c  -I./HAL/inc -I. -I./drivers/inc -pipe -D__hal__ -DALT_NO_C_PLUS_PLUS -DALT_NO_CLEAN_EXIT -D'exit(a)=_exit(a)' -DALT_NO_EXIT -DALT_USE_DIRECT_DRIVERS -DALT_NO_INSTRUCTION_EMULATION -DALT_USE_SMALL_DRIVERS -DSMALL_C_LIB -DALT_SINGLE_THREADED    '-Os' -g -Wall  -mno-hw-div -mhw-mul -mno-hw-mulx -mgpopt=global   -o obj/HAL/src/alt_sbrk.o HAL/src/alt_sbrk.c
Compiling alt_software_exception.S...
nios2-elf-gcc -MP -MMD -c   '-Os' -g -Wall  -mno-hw-div -mhw-mul -mno-hw-mulx -mgpopt=global    -I./HAL/inc -I. -I./drivers/inc -pipe -D__hal__ -DALT_NO_C_PLUS_PLUS -DALT_NO_CLEAN_EXIT -D'exit(a)=_exit(a)' -DALT_NO_EXIT -DALT_USE_DIRECT_DRIVERS -DALT_NO_INSTRUCTION_EMULATION -DALT_USE_SMALL_DRIVERS -DSMALL_C_LIB -DALT_SINGLE_THREADED  -Wa,-gdwarf2  -o obj/HAL/src/alt_software_exception.o HAL/src/alt_software_exception.S
Compiling alt_tick.c...
nios2-elf-gcc -xc -MP -MMD -c  -I./HAL/inc -I. -I./drivers/inc -pipe -D__hal__ -DALT_NO_C_PLUS_PLUS -DALT_NO_CLEAN_EXIT -D'exit(a)=_exit(a)' -DALT_NO_EXIT -DALT_USE_DIRECT_DRIVERS -DALT_NO_INSTRUCTION_EMULATION -DALT_USE_SMALL_DRIVERS -DSMALL_C_LIB -DALT_SINGLE_THREADED    '-Os' -g -Wall  -mno-hw-div -mhw-mul -mno-hw-mulx -mgpopt=global   -o obj/HAL/src/alt_tick.o HAL/src/alt_tick.c
Compiling alt_uncached_free.c...
nios2-elf-gcc -xc -MP -MMD -c  -I./HAL/inc -I. -I./drivers/inc -pipe -D__hal__ -DALT_NO_C_PLUS_PLUS -DALT_NO_CLEAN_EXIT -D'exit(a)=_exit(a)' -DALT_NO_EXIT -DALT_USE_DIRECT_DRIVERS -DALT_NO_INSTRUCTION_EMULATION -DALT_USE_SMALL_DRIVERS -DSMALL_C_LIB -DALT_SINGLE_THREADED    '-Os' -g -Wall  -mno-hw-div -mhw-mul -mno-hw-mulx -mgpopt=global   -o obj/HAL/src/alt_uncached_free.o HAL/src/alt_uncached_free.c
Compiling alt_uncached_malloc.c...
nios2-elf-gcc -xc -MP -MMD -c  -I./HAL/inc -I. -I./drivers/inc -pipe -D__hal__ -DALT_NO_C_PLUS_PLUS -DALT_NO_CLEAN_EXIT -D'exit(a)=_exit(a)' -DALT_NO_EXIT -DALT_USE_DIRECT_DRIVERS -DALT_NO_INSTRUCTION_EMULATION -DALT_USE_SMALL_DRIVERS -DSMALL_C_LIB -DALT_SINGLE_THREADED    '-Os' -g -Wall  -mno-hw-div -mhw-mul -mno-hw-mulx -mgpopt=global   -o obj/HAL/src/alt_uncached_malloc.o HAL/src/alt_uncached_malloc.c
Compiling alt_write.c...
nios2-elf-gcc -xc -MP -MMD -c  -I./HAL/inc -I. -I./drivers/inc -pipe -D__hal__ -DALT_NO_C_PLUS_PLUS -DALT_NO_CLEAN_EXIT -D'exit(a)=_exit(a)' -DALT_NO_EXIT -DALT_USE_DIRECT_DRIVERS -DALT_NO_INSTRUCTION_EMULATION -DALT_USE_SMALL_DRIVERS -DSMALL_C_LIB -DALT_SINGLE_THREADED    '-Os' -g -Wall  -mno-hw-div -mhw-mul -mno-hw-mulx -mgpopt=global   -o obj/HAL/src/alt_write.o HAL/src/alt_write.c
Compiling altera_nios2_gen2_irq.c...
nios2-elf-gcc -xc -MP -MMD -c  -I./HAL/inc -I. -I./drivers/inc -pipe -D__hal__ -DALT_NO_C_PLUS_PLUS -DALT_NO_CLEAN_EXIT -D'exit(a)=_exit(a)' -DALT_NO_EXIT -DALT_USE_DIRECT_DRIVERS -DALT_NO_INSTRUCTION_EMULATION -DALT_USE_SMALL_DRIVERS -DSMALL_C_LIB -DALT_SINGLE_THREADED    '-Os' -g -Wall  -mno-hw-div -mhw-mul -mno-hw-mulx -mgpopt=global   -o obj/HAL/src/altera_nios2_gen2_irq.o HAL/src/altera_nios2_gen2_irq.c
Compiling crt0.S...
nios2-elf-gcc -MP -MMD -c   '-Os' -g -Wall  -mno-hw-div -mhw-mul -mno-hw-mulx -mgpopt=global    -I./HAL/inc -I. -I./drivers/inc -pipe -D__hal__ -DALT_NO_C_PLUS_PLUS -DALT_NO_CLEAN_EXIT -D'exit(a)=_exit(a)' -DALT_NO_EXIT -DALT_USE_DIRECT_DRIVERS -DALT_NO_INSTRUCTION_EMULATION -DALT_USE_SMALL_DRIVERS -DSMALL_C_LIB -DALT_SINGLE_THREADED  -Wa,-gdwarf2  -o obj/HAL/src/crt0.o HAL/src/crt0.S
Compiling alt_sys_init.c...
nios2-elf-gcc -xc -MP -MMD -c  -I./HAL/inc -I. -I./drivers/inc -pipe -D__hal__ -DALT_NO_C_PLUS_PLUS -DALT_NO_CLEAN_EXIT -D'exit(a)=_exit(a)' -DALT_NO_EXIT -DALT_USE_DIRECT_DRIVERS -DALT_NO_INSTRUCTION_EMULATION -DALT_USE_SMALL_DRIVERS -DSMALL_C_LIB -DALT_SINGLE_THREADED    '-Os' -g -Wall  -mno-hw-div -mhw-mul -mno-hw-mulx -mgpopt=global   -o obj/alt_sys_init.o alt_sys_init.c
Compiling Altera_UP_SD_Card_Avalon_Interface.c...
nios2-elf-gcc -xc -MP -MMD -c  -I./HAL/inc -I. -I./drivers/inc -pipe -D__hal__ -DALT_NO_C_PLUS_PLUS -DALT_NO_CLEAN_EXIT -D'exit(a)=_exit(a)' -DALT_NO_EXIT -DALT_USE_DIRECT_DRIVERS -DALT_NO_INSTRUCTION_EMULATION -DALT_USE_SMALL_DRIVERS -DSMALL_C_LIB -DALT_SINGLE_THREADED    '-Os' -g -Wall  -mno-hw-div -mhw-mul -mno-hw-mulx -mgpopt=global   -o obj/drivers/src/Altera_UP_SD_Card_Avalon_Interface.o drivers/src/Altera_UP_SD_Card_Avalon_Interface.c
Compiling altera_avalon_jtag_uart_fd.c...
nios2-elf-gcc -xc -MP -MMD -c  -I./HAL/inc -I. -I./drivers/inc -pipe -D__hal__ -DALT_NO_C_PLUS_PLUS -DALT_NO_CLEAN_EXIT -D'exit(a)=_exit(a)' -DALT_NO_EXIT -DALT_USE_DIRECT_DRIVERS -DALT_NO_INSTRUCTION_EMULATION -DALT_USE_SMALL_DRIVERS -DSMALL_C_LIB -DALT_SINGLE_THREADED    '-Os' -g -Wall  -mno-hw-div -mhw-mul -mno-hw-mulx -mgpopt=global   -o obj/drivers/src/altera_avalon_jtag_uart_fd.o drivers/src/altera_avalon_jtag_uart_fd.c
Compiling altera_avalon_jtag_uart_init.c...
nios2-elf-gcc -xc -MP -MMD -c  -I./HAL/inc -I. -I./drivers/inc -pipe -D__hal__ -DALT_NO_C_PLUS_PLUS -DALT_NO_CLEAN_EXIT -D'exit(a)=_exit(a)' -DALT_NO_EXIT -DALT_USE_DIRECT_DRIVERS -DALT_NO_INSTRUCTION_EMULATION -DALT_USE_SMALL_DRIVERS -DSMALL_C_LIB -DALT_SINGLE_THREADED    '-Os' -g -Wall  -mno-hw-div -mhw-mul -mno-hw-mulx -mgpopt=global   -o obj/drivers/src/altera_avalon_jtag_uart_init.o drivers/src/altera_avalon_jtag_uart_init.c
Compiling altera_avalon_jtag_uart_ioctl.c...
nios2-elf-gcc -xc -MP -MMD -c  -I./HAL/inc -I. -I./drivers/inc -pipe -D__hal__ -DALT_NO_C_PLUS_PLUS -DALT_NO_CLEAN_EXIT -D'exit(a)=_exit(a)' -DALT_NO_EXIT -DALT_USE_DIRECT_DRIVERS -DALT_NO_INSTRUCTION_EMULATION -DALT_USE_SMALL_DRIVERS -DSMALL_C_LIB -DALT_SINGLE_THREADED    '-Os' -g -Wall  -mno-hw-div -mhw-mul -mno-hw-mulx -mgpopt=global   -o obj/drivers/src/altera_avalon_jtag_uart_ioctl.o drivers/src/altera_avalon_jtag_uart_ioctl.c
Compiling altera_avalon_jtag_uart_read.c...
nios2-elf-gcc -xc -MP -MMD -c  -I./HAL/inc -I. -I./drivers/inc -pipe -D__hal__ -DALT_NO_C_PLUS_PLUS -DALT_NO_CLEAN_EXIT -D'exit(a)=_exit(a)' -DALT_NO_EXIT -DALT_USE_DIRECT_DRIVERS -DALT_NO_INSTRUCTION_EMULATION -DALT_USE_SMALL_DRIVERS -DSMALL_C_LIB -DALT_SINGLE_THREADED    '-Os' -g -Wall  -mno-hw-div -mhw-mul -mno-hw-mulx -mgpopt=global   -o obj/drivers/src/altera_avalon_jtag_uart_read.o drivers/src/altera_avalon_jtag_uart_read.c
Compiling altera_avalon_jtag_uart_write.c...
nios2-elf-gcc -xc -MP -MMD -c  -I./HAL/inc -I. -I./drivers/inc -pipe -D__hal__ -DALT_NO_C_PLUS_PLUS -DALT_NO_CLEAN_EXIT -D'exit(a)=_exit(a)' -DALT_NO_EXIT -DALT_USE_DIRECT_DRIVERS -DALT_NO_INSTRUCTION_EMULATION -DALT_USE_SMALL_DRIVERS -DSMALL_C_LIB -DALT_SINGLE_THREADED    '-Os' -g -Wall  -mno-hw-div -mhw-mul -mno-hw-mulx -mgpopt=global   -o obj/drivers/src/altera_avalon_jtag_uart_write.o drivers/src/altera_avalon_jtag_uart_write.c
Compiling altera_avalon_sysid_qsys.c...
nios2-elf-gcc -xc -MP -MMD -c  -I./HAL/inc -I. -I./drivers/inc -pipe -D__hal__ -DALT_NO_C_PLUS_PLUS -DALT_NO_CLEAN_EXIT -D'exit(a)=_exit(a)' -DALT_NO_EXIT -DALT_USE_DIRECT_DRIVERS -DALT_NO_INSTRUCTION_EMULATION -DALT_USE_SMALL_DRIVERS -DSMALL_C_LIB -DALT_SINGLE_THREADED    '-Os' -g -Wall  -mno-hw-div -mhw-mul -mno-hw-mulx -mgpopt=global   -o obj/drivers/src/altera_avalon_sysid_qsys.o drivers/src/altera_avalon_sysid_qsys.c
Compiling altera_avalon_timer_sc.c...
nios2-elf-gcc -xc -MP -MMD -c  -I./HAL/inc -I. -I./drivers/inc -pipe -D__hal__ -DALT_NO_C_PLUS_PLUS -DALT_NO_CLEAN_EXIT -D'exit(a)=_exit(a)' -DALT_NO_EXIT -DALT_USE_DIRECT_DRIVERS -DALT_NO_INSTRUCTION_EMULATION -DALT_USE_SMALL_DRIVERS -DSMALL_C_LIB -DALT_SINGLE_THREADED    '-Os' -g -Wall  -mno-hw-div -mhw-mul -mno-hw-mulx -mgpopt=global   -o obj/drivers/src/altera_avalon_timer_sc.o drivers/src/altera_avalon_timer_sc.c
Compiling altera_avalon_timer_ts.c...
nios2-elf-gcc -xc -MP -MMD -c  -I./HAL/inc -I. -I./drivers/inc -pipe -D__hal__ -DALT_NO_C_PLUS_PLUS -DALT_NO_CLEAN_EXIT -D'exit(a)=_exit(a)' -DALT_NO_EXIT -DALT_USE_DIRECT_DRIVERS -DALT_NO_INSTRUCTION_EMULATION -DALT_USE_SMALL_DRIVERS -DSMALL_C_LIB -DALT_SINGLE_THREADED    '-Os' -g -Wall  -mno-hw-div -mhw-mul -mno-hw-mulx -mgpopt=global   -o obj/drivers/src/altera_avalon_timer_ts.o drivers/src/altera_avalon_timer_ts.c
Compiling altera_avalon_timer_vars.c...
nios2-elf-gcc -xc -MP -MMD -c  -I./HAL/inc -I. -I./drivers/inc -pipe -D__hal__ -DALT_NO_C_PLUS_PLUS -DALT_NO_CLEAN_EXIT -D'exit(a)=_exit(a)' -DALT_NO_EXIT -DALT_USE_DIRECT_DRIVERS -DALT_NO_INSTRUCTION_EMULATION -DALT_USE_SMALL_DRIVERS -DSMALL_C_LIB -DALT_SINGLE_THREADED    '-Os' -g -Wall  -mno-hw-div -mhw-mul -mno-hw-mulx -mgpopt=global   -o obj/drivers/src/altera_avalon_timer_vars.o drivers/src/altera_avalon_timer_vars.c
Compiling altera_up_avalon_character_lcd.c...
nios2-elf-gcc -xc -MP -MMD -c  -I./HAL/inc -I. -I./drivers/inc -pipe -D__hal__ -DALT_NO_C_PLUS_PLUS -DALT_NO_CLEAN_EXIT -D'exit(a)=_exit(a)' -DALT_NO_EXIT -DALT_USE_DIRECT_DRIVERS -DALT_NO_INSTRUCTION_EMULATION -DALT_USE_SMALL_DRIVERS -DSMALL_C_LIB -DALT_SINGLE_THREADED    '-Os' -g -Wall  -mno-hw-div -mhw-mul -mno-hw-mulx -mgpopt=global   -o obj/drivers/src/altera_up_avalon_character_lcd.o drivers/src/altera_up_avalon_character_lcd.c
Creating libhal_bsp.a...
rm -f -f libhal_bsp.a
nios2-elf-ar -src libhal_bsp.a obj/HAL/src/alt_alarm_start.o obj/HAL/src/alt_busy_sleep.o obj/HAL/src/alt_close.o obj/HAL/src/alt_dcache_flush.o obj/HAL/src/alt_dcache_flush_all.o obj/HAL/src/alt_dcache_flush_no_writeback.o obj/HAL/src/alt_dev.o obj/HAL/src/alt_dev_llist_insert.o obj/HAL/src/alt_dma_rxchan_open.o obj/HAL/src/alt_dma_txchan_open.o obj/HAL/src/alt_do_ctors.o obj/HAL/src/alt_do_dtors.o obj/HAL/src/alt_ecc_fatal_entry.o obj/HAL/src/alt_ecc_fatal_exception.o obj/HAL/src/alt_env_lock.o obj/HAL/src/alt_environ.o obj/HAL/src/alt_errno.o obj/HAL/src/alt_exception_entry.o obj/HAL/src/alt_exception_muldiv.o obj/HAL/src/alt_exception_trap.o obj/HAL/src/alt_execve.o obj/HAL/src/alt_exit.o obj/HAL/src/alt_fcntl.o obj/HAL/src/alt_fd_lock.o obj/HAL/src/alt_fd_unlock.o obj/HAL/src/alt_find_dev.o obj/HAL/src/alt_find_file.o obj/HAL/src/alt_flash_dev.o obj/HAL/src/alt_fork.o obj/HAL/src/alt_fs_reg.o obj/HAL/src/alt_fstat.o obj/HAL/src/alt_get_fd.o obj/HAL/src/alt_getchar.o obj/HAL/src/alt_getpid.o obj/HAL/src/alt_gettod.o obj/HAL/src/alt_gmon.o obj/HAL/src/alt_icache_flush.o obj/HAL/src/alt_icache_flush_all.o obj/HAL/src/alt_iic.o obj/HAL/src/alt_iic_isr_register.o obj/HAL/src/alt_instruction_exception_entry.o obj/HAL/src/alt_instruction_exception_register.o obj/HAL/src/alt_io_redirect.o obj/HAL/src/alt_ioctl.o obj/HAL/src/alt_irq_entry.o obj/HAL/src/alt_irq_handler.o obj/HAL/src/alt_irq_register.o obj/HAL/src/alt_irq_vars.o obj/HAL/src/alt_isatty.o obj/HAL/src/alt_kill.o obj/HAL/src/alt_link.o obj/HAL/src/alt_load.o obj/HAL/src/alt_log_macro.o obj/HAL/src/alt_log_printf.o obj/HAL/src/alt_lseek.o obj/HAL/src/alt_main.o obj/HAL/src/alt_malloc_lock.o obj/HAL/src/alt_mcount.o obj/HAL/src/alt_open.o obj/HAL/src/alt_printf.o obj/HAL/src/alt_putchar.o obj/HAL/src/alt_putcharbuf.o obj/HAL/src/alt_putstr.o obj/HAL/src/alt_read.o obj/HAL/src/alt_release_fd.o obj/HAL/src/alt_remap_cached.o obj/HAL/src/alt_remap_uncached.o obj/HAL/src/alt_rename.o obj/HAL/src/alt_sbrk.o obj/HAL/src/alt_settod.o obj/HAL/src/alt_software_exception.o obj/HAL/src/alt_stat.o obj/HAL/src/alt_tick.o obj/HAL/src/alt_times.o obj/HAL/src/alt_uncached_free.o obj/HAL/src/alt_uncached_malloc.o obj/HAL/src/alt_unlink.o obj/HAL/src/alt_usleep.o obj/HAL/src/alt_wait.o obj/HAL/src/alt_write.o obj/HAL/src/altera_nios2_gen2_irq.o obj/HAL/src/crt0.o obj/alt_sys_init.o obj/drivers/src/Altera_UP_SD_Card_Avalon_Interface.o obj/drivers/src/altera_avalon_jtag_uart_fd.o obj/drivers/src/altera_avalon_jtag_uart_init.o obj/drivers/src/altera_avalon_jtag_uart_ioctl.o obj/drivers/src/altera_avalon_jtag_uart_read.o obj/drivers/src/altera_avalon_jtag_uart_write.o obj/drivers/src/altera_avalon_sysid_qsys.o obj/drivers/src/altera_avalon_timer_sc.o obj/drivers/src/altera_avalon_timer_ts.o obj/drivers/src/altera_avalon_timer_vars.o obj/drivers/src/altera_up_avalon_character_lcd.o
[BSP build complete]
Info: Compiling hello_world_small.c to obj/default/hello_world_small.o
nios2-elf-gcc -xc -MP -MMD -c -I../PasswordCheckerV2_bsp//HAL/inc -I../PasswordCheckerV2_bsp/ -I../PasswordCheckerV2_bsp//drivers/inc  -pipe -D__hal__ -DALT_NO_C_PLUS_PLUS -DALT_NO_CLEAN_EXIT -D'exit(a)=_exit(a)' -DALT_NO_EXIT -DALT_USE_DIRECT_DRIVERS -DALT_NO_INSTRUCTION_EMULATION -DALT_USE_SMALL_DRIVERS -DSMALL_C_LIB -DALT_SINGLE_THREADED    -Os -g -Wall   -mno-hw-div -mhw-mul -mno-hw-mulx -mgpopt=global  -o obj/default/hello_world_small.o hello_world_small.c
Info: Linking PasswordCheckerV2.elf
nios2-elf-g++  -T'../PasswordCheckerV2_bsp//linker.x' -msys-crt0='../PasswordCheckerV2_bsp//obj/HAL/src/crt0.o' -msys-lib=hal_bsp -L../PasswordCheckerV2_bsp/  -msmallc  -Wl,-Map=PasswordCheckerV2.map   -Os -g -Wall   -mno-hw-div -mhw-mul -mno-hw-mulx -mgpopt=global  -o PasswordCheckerV2.elf obj/default/hello_world_small.o -lm -msys-lib=m
nios2-elf-insert PasswordCheckerV2.elf --thread_model hal --cpu_name myCPU --qsys true --simulation_enabled false --id 305419896 --sidp 0x1900 --timestamp 1587683138 --stderr_dev jtag_uart_0 --stdin_dev jtag_uart_0 --stdout_dev jtag_uart_0 --sopc_system_name niosSys --quartus_project_dir "C:/Users/Public/PasswordCheckersys" --jdi ../..//output_files/lab2_1.jdi --sopcinfo C:/Users/Public/PasswordCheckersys/software/PasswordCheckerV2_bsp/../../niosSys.sopcinfo
Info: (PasswordCheckerV2.elf) 4344 Bytes program size (code + initialized data).
Info:                         131066 KBytes free for stack + heap.
Info: Creating PasswordCheckerV2.objdump
nios2-elf-objdump --disassemble --syms --all-header --source PasswordCheckerV2.elf >PasswordCheckerV2.objdump
[PasswordCheckerV2 build complete]
16:30:15 **** Build of configuration Nios II for project PasswordCheckerV2 ****
make all 
Info: Building ../PasswordCheckerV2_bsp/
C:/intelFPGA_lite/16.1/nios2eds/bin/gnu/H-x86_64-mingw32/bin/make --no-print-directory -C ../PasswordCheckerV2_bsp/
[BSP build complete]
[PasswordCheckerV2 build complete]
16:30:16 **** Incremental Build of configuration Nios II for project PasswordCheckerV2 ****
make all 
Info: Building ../PasswordCheckerV2_bsp/
C:/intelFPGA_lite/16.1/nios2eds/bin/gnu/H-x86_64-mingw32/bin/make --no-print-directory -C ../PasswordCheckerV2_bsp/
[BSP build complete]
[PasswordCheckerV2 build complete]
16:31:01 **** Incremental Build of configuration Nios II for project PasswordCheckerV2 ****
make all 
Info: Building ../PasswordCheckerV2_bsp/
C:/intelFPGA_lite/16.1/nios2eds/bin/gnu/H-x86_64-mingw32/bin/make --no-print-directory -C ../PasswordCheckerV2_bsp/
[BSP build complete]
[PasswordCheckerV2 build complete]
16:36:31 **** Build of configuration Nios II for project PasswordCheckerV2 ****
make all 
Info: Building ../PasswordCheckerV2_bsp/
C:/intelFPGA_lite/16.1/nios2eds/bin/gnu/H-x86_64-mingw32/bin/make --no-print-directory -C ../PasswordCheckerV2_bsp/
[BSP build complete]
Info: Compiling hello_world_small.c to obj/default/hello_world_small.o
nios2-elf-gcc -xc -MP -MMD -c -I../PasswordCheckerV2_bsp//HAL/inc -I../PasswordCheckerV2_bsp/ -I../PasswordCheckerV2_bsp//drivers/inc  -pipe -D__hal__ -DALT_NO_C_PLUS_PLUS -DALT_NO_CLEAN_EXIT -D'exit(a)=_exit(a)' -DALT_NO_EXIT -DALT_USE_DIRECT_DRIVERS -DALT_NO_INSTRUCTION_EMULATION -DALT_USE_SMALL_DRIVERS -DSMALL_C_LIB -DALT_SINGLE_THREADED    -Os -g -Wall   -mno-hw-div -mhw-mul -mno-hw-mulx -mgpopt=global  -o obj/default/hello_world_small.o hello_world_small.c
hello_world_small.c: In function 'main':
hello_world_small.c:28:2: warning: implicit declaration of function 'alt_printf' [-Wimplicit-function-declaration]
  alt_printf ("Error: could not open character LCD device\n");
  ^
Info: Linking PasswordCheckerV2.elf
nios2-elf-g++  -T'../PasswordCheckerV2_bsp//linker.x' -msys-crt0='../PasswordCheckerV2_bsp//obj/HAL/src/crt0.o' -msys-lib=hal_bsp -L../PasswordCheckerV2_bsp/  -msmallc  -Wl,-Map=PasswordCheckerV2.map   -Os -g -Wall   -mno-hw-div -mhw-mul -mno-hw-mulx -mgpopt=global  -o PasswordCheckerV2.elf obj/default/hello_world_small.o -lm -msys-lib=m
nios2-elf-insert PasswordCheckerV2.elf --thread_model hal --cpu_name myCPU --qsys true --simulation_enabled false --id 305419896 --sidp 0x1900 --timestamp 1587683138 --stderr_dev jtag_uart_0 --stdin_dev jtag_uart_0 --stdout_dev jtag_uart_0 --sopc_system_name niosSys --quartus_project_dir "C:/Users/Public/PasswordCheckersys" --jdi ../..//output_files/lab2_1.jdi --sopcinfo C:/Users/Public/PasswordCheckersys/software/PasswordCheckerV2_bsp/../../niosSys.sopcinfo
Info: (PasswordCheckerV2.elf) 2408 Bytes program size (code + initialized data).
Info:                         131068 KBytes free for stack + heap.
Info: Creating PasswordCheckerV2.objdump
nios2-elf-objdump --disassemble --syms --all-header --source PasswordCheckerV2.elf >PasswordCheckerV2.objdump
[PasswordCheckerV2 build complete]
16:36:32 **** Incremental Build of configuration Nios II for project PasswordCheckerV2 ****
make all 
Info: Building ../PasswordCheckerV2_bsp/
C:/intelFPGA_lite/16.1/nios2eds/bin/gnu/H-x86_64-mingw32/bin/make --no-print-directory -C ../PasswordCheckerV2_bsp/
[BSP build complete]
[PasswordCheckerV2 build complete]
16:40:17 **** Build of configuration Nios II for project PasswordCheckerV2 ****
make all 
Info: Building ../PasswordCheckerV2_bsp/
C:/intelFPGA_lite/16.1/nios2eds/bin/gnu/H-x86_64-mingw32/bin/make --no-print-directory -C ../PasswordCheckerV2_bsp/
[BSP build complete]
Info: Compiling hello_world_small.c to obj/default/hello_world_small.o
nios2-elf-gcc -xc -MP -MMD -c -I../PasswordCheckerV2_bsp//HAL/inc -I../PasswordCheckerV2_bsp/ -I../PasswordCheckerV2_bsp//drivers/inc  -pipe -D__hal__ -DALT_NO_C_PLUS_PLUS -DALT_NO_CLEAN_EXIT -D'exit(a)=_exit(a)' -DALT_NO_EXIT -DALT_USE_DIRECT_DRIVERS -DALT_NO_INSTRUCTION_EMULATION -DALT_USE_SMALL_DRIVERS -DSMALL_C_LIB -DALT_SINGLE_THREADED    -Os -g -Wall   -mno-hw-div -mhw-mul -mno-hw-mulx -mgpopt=global  -o obj/default/hello_world_small.o hello_world_small.c
hello_world_small.c: In function 'main':
hello_world_small.c:29:3: warning: implicit declaration of function 'alt_printf' [-Wimplicit-function-declaration]
   alt_printf ("Error: could not open character LCD device\n");
   ^
Info: Linking PasswordCheckerV2.elf
nios2-elf-g++  -T'../PasswordCheckerV2_bsp//linker.x' -msys-crt0='../PasswordCheckerV2_bsp//obj/HAL/src/crt0.o' -msys-lib=hal_bsp -L../PasswordCheckerV2_bsp/  -msmallc  -Wl,-Map=PasswordCheckerV2.map   -Os -g -Wall   -mno-hw-div -mhw-mul -mno-hw-mulx -mgpopt=global  -o PasswordCheckerV2.elf obj/default/hello_world_small.o -lm -msys-lib=m
nios2-elf-insert PasswordCheckerV2.elf --thread_model hal --cpu_name myCPU --qsys true --simulation_enabled false --id 305419896 --sidp 0x1900 --timestamp 1587683138 --stderr_dev jtag_uart_0 --stdin_dev jtag_uart_0 --stdout_dev jtag_uart_0 --sopc_system_name niosSys --quartus_project_dir "C:/Users/Public/PasswordCheckersys" --jdi ../..//output_files/lab2_1.jdi --sopcinfo C:/Users/Public/PasswordCheckersys/software/PasswordCheckerV2_bsp/../../niosSys.sopcinfo
Info: (PasswordCheckerV2.elf) 2432 Bytes program size (code + initialized data).
Info:                         131068 KBytes free for stack + heap.
Info: Creating PasswordCheckerV2.objdump
nios2-elf-objdump --disassemble --syms --all-header --source PasswordCheckerV2.elf >PasswordCheckerV2.objdump
[PasswordCheckerV2 build complete]
16:40:18 **** Incremental Build of configuration Nios II for project PasswordCheckerV2 ****
make all 
Info: Building ../PasswordCheckerV2_bsp/
C:/intelFPGA_lite/16.1/nios2eds/bin/gnu/H-x86_64-mingw32/bin/make --no-print-directory -C ../PasswordCheckerV2_bsp/
[BSP build complete]
[PasswordCheckerV2 build complete]
16:40:42 **** Build of configuration Nios II for project PasswordCheckerV2 ****
make all 
Info: Building ../PasswordCheckerV2_bsp/
C:/intelFPGA_lite/16.1/nios2eds/bin/gnu/H-x86_64-mingw32/bin/make --no-print-directory -C ../PasswordCheckerV2_bsp/
[BSP build complete]
Info: Compiling hello_world_small.c to obj/default/hello_world_small.o
nios2-elf-gcc -xc -MP -MMD -c -I../PasswordCheckerV2_bsp//HAL/inc -I../PasswordCheckerV2_bsp/ -I../PasswordCheckerV2_bsp//drivers/inc  -pipe -D__hal__ -DALT_NO_C_PLUS_PLUS -DALT_NO_CLEAN_EXIT -D'exit(a)=_exit(a)' -DALT_NO_EXIT -DALT_USE_DIRECT_DRIVERS -DALT_NO_INSTRUCTION_EMULATION -DALT_USE_SMALL_DRIVERS -DSMALL_C_LIB -DALT_SINGLE_THREADED    -Os -g -Wall   -mno-hw-div -mhw-mul -mno-hw-mulx -mgpopt=global  -o obj/default/hello_world_small.o hello_world_small.c
hello_world_small.c: In function 'main':
hello_world_small.c:29:3: warning: implicit declaration of function 'alt_printf' [-Wimplicit-function-declaration]
   alt_printf ("Error: could not open character LCD device\n");
   ^
Info: Linking PasswordCheckerV2.elf
nios2-elf-g++  -T'../PasswordCheckerV2_bsp//linker.x' -msys-crt0='../PasswordCheckerV2_bsp//obj/HAL/src/crt0.o' -msys-lib=hal_bsp -L../PasswordCheckerV2_bsp/  -msmallc  -Wl,-Map=PasswordCheckerV2.map   -Os -g -Wall   -mno-hw-div -mhw-mul -mno-hw-mulx -mgpopt=global  -o PasswordCheckerV2.elf obj/default/hello_world_small.o -lm -msys-lib=m
nios2-elf-insert PasswordCheckerV2.elf --thread_model hal --cpu_name myCPU --qsys true --simulation_enabled false --id 305419896 --sidp 0x1900 --timestamp 1587683138 --stderr_dev jtag_uart_0 --stdin_dev jtag_uart_0 --stdout_dev jtag_uart_0 --sopc_system_name niosSys --quartus_project_dir "C:/Users/Public/PasswordCheckersys" --jdi ../..//output_files/lab2_1.jdi --sopcinfo C:/Users/Public/PasswordCheckersys/software/PasswordCheckerV2_bsp/../../niosSys.sopcinfo
Info: (PasswordCheckerV2.elf) 2428 Bytes program size (code + initialized data).
Info:                         131068 KBytes free for stack + heap.
Info: Creating PasswordCheckerV2.objdump
nios2-elf-objdump --disassemble --syms --all-header --source PasswordCheckerV2.elf >PasswordCheckerV2.objdump
[PasswordCheckerV2 build complete]
16:40:43 **** Incremental Build of configuration Nios II for project PasswordCheckerV2 ****
make all 
Info: Building ../PasswordCheckerV2_bsp/
C:/intelFPGA_lite/16.1/nios2eds/bin/gnu/H-x86_64-mingw32/bin/make --no-print-directory -C ../PasswordCheckerV2_bsp/
[BSP build complete]
[PasswordCheckerV2 build complete]
16:58:30 **** Build of configuration Nios II for project PasswordCheckerV2 ****
make all 
Info: Building ../PasswordCheckerV2_bsp/
C:/intelFPGA_lite/16.1/nios2eds/bin/gnu/H-x86_64-mingw32/bin/make --no-print-directory -C ../PasswordCheckerV2_bsp/
[BSP build complete]
Info: Compiling hello_world_small.c to obj/default/hello_world_small.o
nios2-elf-gcc -xc -MP -MMD -c -I../PasswordCheckerV2_bsp//HAL/inc -I../PasswordCheckerV2_bsp/ -I../PasswordCheckerV2_bsp//drivers/inc  -pipe -D__hal__ -DALT_NO_C_PLUS_PLUS -DALT_NO_CLEAN_EXIT -D'exit(a)=_exit(a)' -DALT_NO_EXIT -DALT_USE_DIRECT_DRIVERS -DALT_NO_INSTRUCTION_EMULATION -DALT_USE_SMALL_DRIVERS -DSMALL_C_LIB -DALT_SINGLE_THREADED    -Os -g -Wall   -mno-hw-div -mhw-mul -mno-hw-mulx -mgpopt=global  -o obj/default/hello_world_small.o hello_world_small.c
Info: Linking PasswordCheckerV2.elf
nios2-elf-g++  -T'../PasswordCheckerV2_bsp//linker.x' -msys-crt0='../PasswordCheckerV2_bsp//obj/HAL/src/crt0.o' -msys-lib=hal_bsp -L../PasswordCheckerV2_bsp/  -msmallc  -Wl,-Map=PasswordCheckerV2.map   -Os -g -Wall   -mno-hw-div -mhw-mul -mno-hw-mulx -mgpopt=global  -o PasswordCheckerV2.elf obj/default/hello_world_small.o -lm -msys-lib=m
nios2-elf-insert PasswordCheckerV2.elf --thread_model hal --cpu_name myCPU --qsys true --simulation_enabled false --id 305419896 --sidp 0x1900 --timestamp 1587683138 --stderr_dev jtag_uart_0 --stdin_dev jtag_uart_0 --stdout_dev jtag_uart_0 --sopc_system_name niosSys --quartus_project_dir "C:/Users/Public/PasswordCheckersys" --jdi ../..//output_files/lab2_1.jdi --sopcinfo C:/Users/Public/PasswordCheckersys/software/PasswordCheckerV2_bsp/../../niosSys.sopcinfo
Info: (PasswordCheckerV2.elf) 2724 Bytes program size (code + initialized data).
Info:                         131068 KBytes free for stack + heap.
Info: Creating PasswordCheckerV2.objdump
nios2-elf-objdump --disassemble --syms --all-header --source PasswordCheckerV2.elf >PasswordCheckerV2.objdump
[PasswordCheckerV2 build complete]
16:58:31 **** Incremental Build of configuration Nios II for project PasswordCheckerV2 ****
make all 
Info: Building ../PasswordCheckerV2_bsp/
C:/intelFPGA_lite/16.1/nios2eds/bin/gnu/H-x86_64-mingw32/bin/make --no-print-directory -C ../PasswordCheckerV2_bsp/
[BSP build complete]
[PasswordCheckerV2 build complete]
16:59:13 **** Build of configuration Nios II for project PasswordCheckerV2 ****
make all 
Info: Building ../PasswordCheckerV2_bsp/
C:/intelFPGA_lite/16.1/nios2eds/bin/gnu/H-x86_64-mingw32/bin/make --no-print-directory -C ../PasswordCheckerV2_bsp/
[BSP build complete]
Info: Compiling hello_world_small.c to obj/default/hello_world_small.o
nios2-elf-gcc -xc -MP -MMD -c -I../PasswordCheckerV2_bsp//HAL/inc -I../PasswordCheckerV2_bsp/ -I../PasswordCheckerV2_bsp//drivers/inc  -pipe -D__hal__ -DALT_NO_C_PLUS_PLUS -DALT_NO_CLEAN_EXIT -D'exit(a)=_exit(a)' -DALT_NO_EXIT -DALT_USE_DIRECT_DRIVERS -DALT_NO_INSTRUCTION_EMULATION -DALT_USE_SMALL_DRIVERS -DSMALL_C_LIB -DALT_SINGLE_THREADED    -Os -g -Wall   -mno-hw-div -mhw-mul -mno-hw-mulx -mgpopt=global  -o obj/default/hello_world_small.o hello_world_small.c
Info: Linking PasswordCheckerV2.elf
nios2-elf-g++  -T'../PasswordCheckerV2_bsp//linker.x' -msys-crt0='../PasswordCheckerV2_bsp//obj/HAL/src/crt0.o' -msys-lib=hal_bsp -L../PasswordCheckerV2_bsp/  -msmallc  -Wl,-Map=PasswordCheckerV2.map   -Os -g -Wall   -mno-hw-div -mhw-mul -mno-hw-mulx -mgpopt=global  -o PasswordCheckerV2.elf obj/default/hello_world_small.o -lm -msys-lib=m
nios2-elf-insert PasswordCheckerV2.elf --thread_model hal --cpu_name myCPU --qsys true --simulation_enabled false --id 305419896 --sidp 0x1900 --timestamp 1587683138 --stderr_dev jtag_uart_0 --stdin_dev jtag_uart_0 --stdout_dev jtag_uart_0 --sopc_system_name niosSys --quartus_project_dir "C:/Users/Public/PasswordCheckersys" --jdi ../..//output_files/lab2_1.jdi --sopcinfo C:/Users/Public/PasswordCheckersys/software/PasswordCheckerV2_bsp/../../niosSys.sopcinfo
Info: (PasswordCheckerV2.elf) 2724 Bytes program size (code + initialized data).
Info:                         131068 KBytes free for stack + heap.
Info: Creating PasswordCheckerV2.objdump
nios2-elf-objdump --disassemble --syms --all-header --source PasswordCheckerV2.elf >PasswordCheckerV2.objdump
[PasswordCheckerV2 build complete]
16:59:15 **** Incremental Build of configuration Nios II for project PasswordCheckerV2 ****
make all 
Info: Building ../PasswordCheckerV2_bsp/
C:/intelFPGA_lite/16.1/nios2eds/bin/gnu/H-x86_64-mingw32/bin/make --no-print-directory -C ../PasswordCheckerV2_bsp/
[BSP build complete]
[PasswordCheckerV2 build complete]
17:00:00 **** Build of configuration Nios II for project PasswordCheckerV2 ****
make all 
Info: Building ../PasswordCheckerV2_bsp/
C:/intelFPGA_lite/16.1/nios2eds/bin/gnu/H-x86_64-mingw32/bin/make --no-print-directory -C ../PasswordCheckerV2_bsp/
[BSP build complete]
Info: Compiling hello_world_small.c to obj/default/hello_world_small.o
nios2-elf-gcc -xc -MP -MMD -c -I../PasswordCheckerV2_bsp//HAL/inc -I../PasswordCheckerV2_bsp/ -I../PasswordCheckerV2_bsp//drivers/inc  -pipe -D__hal__ -DALT_NO_C_PLUS_PLUS -DALT_NO_CLEAN_EXIT -D'exit(a)=_exit(a)' -DALT_NO_EXIT -DALT_USE_DIRECT_DRIVERS -DALT_NO_INSTRUCTION_EMULATION -DALT_USE_SMALL_DRIVERS -DSMALL_C_LIB -DALT_SINGLE_THREADED    -Os -g -Wall   -mno-hw-div -mhw-mul -mno-hw-mulx -mgpopt=global  -o obj/default/hello_world_small.o hello_world_small.c
Info: Linking PasswordCheckerV2.elf
nios2-elf-g++  -T'../PasswordCheckerV2_bsp//linker.x' -msys-crt0='../PasswordCheckerV2_bsp//obj/HAL/src/crt0.o' -msys-lib=hal_bsp -L../PasswordCheckerV2_bsp/  -msmallc  -Wl,-Map=PasswordCheckerV2.map   -Os -g -Wall   -mno-hw-div -mhw-mul -mno-hw-mulx -mgpopt=global  -o PasswordCheckerV2.elf obj/default/hello_world_small.o -lm -msys-lib=m
nios2-elf-insert PasswordCheckerV2.elf --thread_model hal --cpu_name myCPU --qsys true --simulation_enabled false --id 305419896 --sidp 0x1900 --timestamp 1587683138 --stderr_dev jtag_uart_0 --stdin_dev jtag_uart_0 --stdout_dev jtag_uart_0 --sopc_system_name niosSys --quartus_project_dir "C:/Users/Public/PasswordCheckersys" --jdi ../..//output_files/lab2_1.jdi --sopcinfo C:/Users/Public/PasswordCheckersys/software/PasswordCheckerV2_bsp/../../niosSys.sopcinfo
Info: (PasswordCheckerV2.elf) 2724 Bytes program size (code + initialized data).
Info:                         131068 KBytes free for stack + heap.
Info: Creating PasswordCheckerV2.objdump
nios2-elf-objdump --disassemble --syms --all-header --source PasswordCheckerV2.elf >PasswordCheckerV2.objdump
[PasswordCheckerV2 build complete]
17:00:01 **** Incremental Build of configuration Nios II for project PasswordCheckerV2 ****
make all 
Info: Building ../PasswordCheckerV2_bsp/
C:/intelFPGA_lite/16.1/nios2eds/bin/gnu/H-x86_64-mingw32/bin/make --no-print-directory -C ../PasswordCheckerV2_bsp/
[BSP build complete]
[PasswordCheckerV2 build complete]
08:46:08 **** Build of configuration Nios II for project PasswordCheckerV2 ****
make all 
Info: Building ../PasswordCheckerV2_bsp/
C:/intelFPGA_lite/16.1/nios2eds/bin/gnu/H-x86_64-mingw32/bin/make --no-print-directory -C ../PasswordCheckerV2_bsp/
[BSP build complete]
Info: Compiling hello_world_small.c to obj/default/hello_world_small.o
nios2-elf-gcc -xc -MP -MMD -c -I../PasswordCheckerV2_bsp//HAL/inc -I../PasswordCheckerV2_bsp/ -I../PasswordCheckerV2_bsp//drivers/inc  -pipe -D__hal__ -DALT_NO_C_PLUS_PLUS -DALT_NO_CLEAN_EXIT -D'exit(a)=_exit(a)' -DALT_NO_EXIT -DALT_USE_DIRECT_DRIVERS -DALT_NO_INSTRUCTION_EMULATION -DALT_USE_SMALL_DRIVERS -DSMALL_C_LIB -DALT_SINGLE_THREADED    -Os -g -Wall   -mno-hw-div -mhw-mul -mno-hw-mulx -mgpopt=global  -o obj/default/hello_world_small.o hello_world_small.c
hello_world_small.c: In function 'main':
hello_world_small.c:64:12: error: switch quantity not an integer
     switch(state)
            ^
hello_world_small.c: In function 'scheduler':
hello_world_small.c:183:2: error: expected ';' before '}' token
  }
  ^
make: *** [obj/default/hello_world_small.o] Error 1
08:46:43 **** Build of configuration Nios II for project PasswordCheckerV2 ****
make all 
Info: Building ../PasswordCheckerV2_bsp/
C:/intelFPGA_lite/16.1/nios2eds/bin/gnu/H-x86_64-mingw32/bin/make --no-print-directory -C ../PasswordCheckerV2_bsp/
[BSP build complete]
Info: Compiling hello_world_small.c to obj/default/hello_world_small.o
nios2-elf-gcc -xc -MP -MMD -c -I../PasswordCheckerV2_bsp//HAL/inc -I../PasswordCheckerV2_bsp/ -I../PasswordCheckerV2_bsp//drivers/inc  -pipe -D__hal__ -DALT_NO_C_PLUS_PLUS -DALT_NO_CLEAN_EXIT -D'exit(a)=_exit(a)' -DALT_NO_EXIT -DALT_USE_DIRECT_DRIVERS -DALT_NO_INSTRUCTION_EMULATION -DALT_USE_SMALL_DRIVERS -DSMALL_C_LIB -DALT_SINGLE_THREADED    -Os -g -Wall   -mno-hw-div -mhw-mul -mno-hw-mulx -mgpopt=global  -o obj/default/hello_world_small.o hello_world_small.c
hello_world_small.c: In function 'scheduler':
hello_world_small.c:183:2: error: expected ';' before '}' token
  }
  ^
make: *** [obj/default/hello_world_small.o] Error 1
08:47:12 **** Incremental Build of configuration Nios II for project PasswordCheckerV2 ****
make all 
Info: Building ../PasswordCheckerV2_bsp/
C:/intelFPGA_lite/16.1/nios2eds/bin/gnu/H-x86_64-mingw32/bin/make --no-print-directory -C ../PasswordCheckerV2_bsp/
[BSP build complete]
Info: Compiling hello_world_small.c to obj/default/hello_world_small.o
nios2-elf-gcc -xc -MP -MMD -c -I../PasswordCheckerV2_bsp//HAL/inc -I../PasswordCheckerV2_bsp/ -I../PasswordCheckerV2_bsp//drivers/inc  -pipe -D__hal__ -DALT_NO_C_PLUS_PLUS -DALT_NO_CLEAN_EXIT -D'exit(a)=_exit(a)' -DALT_NO_EXIT -DALT_USE_DIRECT_DRIVERS -DALT_NO_INSTRUCTION_EMULATION -DALT_USE_SMALL_DRIVERS -DSMALL_C_LIB -DALT_SINGLE_THREADED    -Os -g -Wall   -mno-hw-div -mhw-mul -mno-hw-mulx -mgpopt=global  -o obj/default/hello_world_small.o hello_world_small.c
hello_world_small.c: In function 'scheduler':
hello_world_small.c:183:2: error: expected ';' before '}' token
  }
  ^
make: *** [obj/default/hello_world_small.o] Error 1
08:47:30 **** Build of configuration Nios II for project PasswordCheckerV2 ****
make all 
Info: Building ../PasswordCheckerV2_bsp/
C:/intelFPGA_lite/16.1/nios2eds/bin/gnu/H-x86_64-mingw32/bin/make --no-print-directory -C ../PasswordCheckerV2_bsp/
[BSP build complete]
Info: Compiling hello_world_small.c to obj/default/hello_world_small.o
nios2-elf-gcc -xc -MP -MMD -c -I../PasswordCheckerV2_bsp//HAL/inc -I../PasswordCheckerV2_bsp/ -I../PasswordCheckerV2_bsp//drivers/inc  -pipe -D__hal__ -DALT_NO_C_PLUS_PLUS -DALT_NO_CLEAN_EXIT -D'exit(a)=_exit(a)' -DALT_NO_EXIT -DALT_USE_DIRECT_DRIVERS -DALT_NO_INSTRUCTION_EMULATION -DALT_USE_SMALL_DRIVERS -DSMALL_C_LIB -DALT_SINGLE_THREADED    -Os -g -Wall   -mno-hw-div -mhw-mul -mno-hw-mulx -mgpopt=global  -o obj/default/hello_world_small.o hello_world_small.c
Info: Linking PasswordCheckerV2.elf
nios2-elf-g++  -T'../PasswordCheckerV2_bsp//linker.x' -msys-crt0='../PasswordCheckerV2_bsp//obj/HAL/src/crt0.o' -msys-lib=hal_bsp -L../PasswordCheckerV2_bsp/  -msmallc  -Wl,-Map=PasswordCheckerV2.map   -Os -g -Wall   -mno-hw-div -mhw-mul -mno-hw-mulx -mgpopt=global  -o PasswordCheckerV2.elf obj/default/hello_world_small.o -lm -msys-lib=m
nios2-elf-insert PasswordCheckerV2.elf --thread_model hal --cpu_name myCPU --qsys true --simulation_enabled false --id 305419896 --sidp 0x1900 --timestamp 1587683138 --stderr_dev jtag_uart_0 --stdin_dev jtag_uart_0 --stdout_dev jtag_uart_0 --sopc_system_name niosSys --quartus_project_dir "C:/Users/Public/PasswordCheckersys" --jdi ../..//output_files/lab2_1.jdi --sopcinfo C:/Users/Public/PasswordCheckersys/software/PasswordCheckerV2_bsp/../../niosSys.sopcinfo
Info: (PasswordCheckerV2.elf) 3924 Bytes program size (code + initialized data).
Info:                         131066 KBytes free for stack + heap.
Info: Creating PasswordCheckerV2.objdump
nios2-elf-objdump --disassemble --syms --all-header --source PasswordCheckerV2.elf >PasswordCheckerV2.objdump
[PasswordCheckerV2 build complete]
08:47:33 **** Incremental Build of configuration Nios II for project PasswordCheckerV2 ****
make all 
Info: Building ../PasswordCheckerV2_bsp/
C:/intelFPGA_lite/16.1/nios2eds/bin/gnu/H-x86_64-mingw32/bin/make --no-print-directory -C ../PasswordCheckerV2_bsp/
[BSP build complete]
[PasswordCheckerV2 build complete]
08:52:27 **** Build of configuration Nios II for project PasswordCheckerV2 ****
make all 
Info: Building ../PasswordCheckerV2_bsp/
C:/intelFPGA_lite/16.1/nios2eds/bin/gnu/H-x86_64-mingw32/bin/make --no-print-directory -C ../PasswordCheckerV2_bsp/
[BSP build complete]
Info: Compiling hello_world_small.c to obj/default/hello_world_small.o
nios2-elf-gcc -xc -MP -MMD -c -I../PasswordCheckerV2_bsp//HAL/inc -I../PasswordCheckerV2_bsp/ -I../PasswordCheckerV2_bsp//drivers/inc  -pipe -D__hal__ -DALT_NO_C_PLUS_PLUS -DALT_NO_CLEAN_EXIT -D'exit(a)=_exit(a)' -DALT_NO_EXIT -DALT_USE_DIRECT_DRIVERS -DALT_NO_INSTRUCTION_EMULATION -DALT_USE_SMALL_DRIVERS -DSMALL_C_LIB -DALT_SINGLE_THREADED    -Os -g -Wall   -mno-hw-div -mhw-mul -mno-hw-mulx -mgpopt=global  -o obj/default/hello_world_small.o hello_world_small.c
Info: Linking PasswordCheckerV2.elf
nios2-elf-g++  -T'../PasswordCheckerV2_bsp//linker.x' -msys-crt0='../PasswordCheckerV2_bsp//obj/HAL/src/crt0.o' -msys-lib=hal_bsp -L../PasswordCheckerV2_bsp/  -msmallc  -Wl,-Map=PasswordCheckerV2.map   -Os -g -Wall   -mno-hw-div -mhw-mul -mno-hw-mulx -mgpopt=global  -o PasswordCheckerV2.elf obj/default/hello_world_small.o -lm -msys-lib=m
nios2-elf-insert PasswordCheckerV2.elf --thread_model hal --cpu_name myCPU --qsys true --simulation_enabled false --id 305419896 --sidp 0x1900 --timestamp 1587683138 --stderr_dev jtag_uart_0 --stdin_dev jtag_uart_0 --stdout_dev jtag_uart_0 --sopc_system_name niosSys --quartus_project_dir "C:/Users/Public/PasswordCheckersys" --jdi ../..//output_files/lab2_1.jdi --sopcinfo C:/Users/Public/PasswordCheckersys/software/PasswordCheckerV2_bsp/../../niosSys.sopcinfo
Info: (PasswordCheckerV2.elf) 3932 Bytes program size (code + initialized data).
Info:                         131066 KBytes free for stack + heap.
Info: Creating PasswordCheckerV2.objdump
nios2-elf-objdump --disassemble --syms --all-header --source PasswordCheckerV2.elf >PasswordCheckerV2.objdump
[PasswordCheckerV2 build complete]
08:52:28 **** Incremental Build of configuration Nios II for project PasswordCheckerV2 ****
make all 
Info: Building ../PasswordCheckerV2_bsp/
C:/intelFPGA_lite/16.1/nios2eds/bin/gnu/H-x86_64-mingw32/bin/make --no-print-directory -C ../PasswordCheckerV2_bsp/
[BSP build complete]
[PasswordCheckerV2 build complete]
08:53:35 **** Build of configuration Nios II for project PasswordCheckerV2 ****
make all 
Info: Building ../PasswordCheckerV2_bsp/
C:/intelFPGA_lite/16.1/nios2eds/bin/gnu/H-x86_64-mingw32/bin/make --no-print-directory -C ../PasswordCheckerV2_bsp/
[BSP build complete]
Info: Compiling hello_world_small.c to obj/default/hello_world_small.o
nios2-elf-gcc -xc -MP -MMD -c -I../PasswordCheckerV2_bsp//HAL/inc -I../PasswordCheckerV2_bsp/ -I../PasswordCheckerV2_bsp//drivers/inc  -pipe -D__hal__ -DALT_NO_C_PLUS_PLUS -DALT_NO_CLEAN_EXIT -D'exit(a)=_exit(a)' -DALT_NO_EXIT -DALT_USE_DIRECT_DRIVERS -DALT_NO_INSTRUCTION_EMULATION -DALT_USE_SMALL_DRIVERS -DSMALL_C_LIB -DALT_SINGLE_THREADED    -Os -g -Wall   -mno-hw-div -mhw-mul -mno-hw-mulx -mgpopt=global  -o obj/default/hello_world_small.o hello_world_small.c
Info: Linking PasswordCheckerV2.elf
nios2-elf-g++  -T'../PasswordCheckerV2_bsp//linker.x' -msys-crt0='../PasswordCheckerV2_bsp//obj/HAL/src/crt0.o' -msys-lib=hal_bsp -L../PasswordCheckerV2_bsp/  -msmallc  -Wl,-Map=PasswordCheckerV2.map   -Os -g -Wall   -mno-hw-div -mhw-mul -mno-hw-mulx -mgpopt=global  -o PasswordCheckerV2.elf obj/default/hello_world_small.o -lm -msys-lib=m
nios2-elf-insert PasswordCheckerV2.elf --thread_model hal --cpu_name myCPU --qsys true --simulation_enabled false --id 305419896 --sidp 0x1900 --timestamp 1587683138 --stderr_dev jtag_uart_0 --stdin_dev jtag_uart_0 --stdout_dev jtag_uart_0 --sopc_system_name niosSys --quartus_project_dir "C:/Users/Public/PasswordCheckersys" --jdi ../..//output_files/lab2_1.jdi --sopcinfo C:/Users/Public/PasswordCheckersys/software/PasswordCheckerV2_bsp/../../niosSys.sopcinfo
Info: (PasswordCheckerV2.elf) 3920 Bytes program size (code + initialized data).
Info:                         131066 KBytes free for stack + heap.
Info: Creating PasswordCheckerV2.objdump
nios2-elf-objdump --disassemble --syms --all-header --source PasswordCheckerV2.elf >PasswordCheckerV2.objdump
[PasswordCheckerV2 build complete]
08:53:36 **** Incremental Build of configuration Nios II for project PasswordCheckerV2 ****
make all 
Info: Building ../PasswordCheckerV2_bsp/
C:/intelFPGA_lite/16.1/nios2eds/bin/gnu/H-x86_64-mingw32/bin/make --no-print-directory -C ../PasswordCheckerV2_bsp/
[BSP build complete]
[PasswordCheckerV2 build complete]
08:58:03 **** Build of configuration Nios II for project PasswordCheckerV2 ****
make all 
Info: Building ../PasswordCheckerV2_bsp/
C:/intelFPGA_lite/16.1/nios2eds/bin/gnu/H-x86_64-mingw32/bin/make --no-print-directory -C ../PasswordCheckerV2_bsp/
[BSP build complete]
Info: Compiling hello_world_small.c to obj/default/hello_world_small.o
nios2-elf-gcc -xc -MP -MMD -c -I../PasswordCheckerV2_bsp//HAL/inc -I../PasswordCheckerV2_bsp/ -I../PasswordCheckerV2_bsp//drivers/inc  -pipe -D__hal__ -DALT_NO_C_PLUS_PLUS -DALT_NO_CLEAN_EXIT -D'exit(a)=_exit(a)' -DALT_NO_EXIT -DALT_USE_DIRECT_DRIVERS -DALT_NO_INSTRUCTION_EMULATION -DALT_USE_SMALL_DRIVERS -DSMALL_C_LIB -DALT_SINGLE_THREADED    -Os -g -Wall   -mno-hw-div -mhw-mul -mno-hw-mulx -mgpopt=global  -o obj/default/hello_world_small.o hello_world_small.c
Info: Linking PasswordCheckerV2.elf
nios2-elf-g++  -T'../PasswordCheckerV2_bsp//linker.x' -msys-crt0='../PasswordCheckerV2_bsp//obj/HAL/src/crt0.o' -msys-lib=hal_bsp -L../PasswordCheckerV2_bsp/  -msmallc  -Wl,-Map=PasswordCheckerV2.map   -Os -g -Wall   -mno-hw-div -mhw-mul -mno-hw-mulx -mgpopt=global  -o PasswordCheckerV2.elf obj/default/hello_world_small.o -lm -msys-lib=m
nios2-elf-insert PasswordCheckerV2.elf --thread_model hal --cpu_name myCPU --qsys true --simulation_enabled false --id 305419896 --sidp 0x1900 --timestamp 1587683138 --stderr_dev jtag_uart_0 --stdin_dev jtag_uart_0 --stdout_dev jtag_uart_0 --sopc_system_name niosSys --quartus_project_dir "C:/Users/Public/PasswordCheckersys" --jdi ../..//output_files/lab2_1.jdi --sopcinfo C:/Users/Public/PasswordCheckersys/software/PasswordCheckerV2_bsp/../../niosSys.sopcinfo
Info: (PasswordCheckerV2.elf) 3924 Bytes program size (code + initialized data).
Info:                         131066 KBytes free for stack + heap.
Info: Creating PasswordCheckerV2.objdump
nios2-elf-objdump --disassemble --syms --all-header --source PasswordCheckerV2.elf >PasswordCheckerV2.objdump
[PasswordCheckerV2 build complete]
08:58:04 **** Incremental Build of configuration Nios II for project PasswordCheckerV2 ****
make all 
Info: Building ../PasswordCheckerV2_bsp/
C:/intelFPGA_lite/16.1/nios2eds/bin/gnu/H-x86_64-mingw32/bin/make --no-print-directory -C ../PasswordCheckerV2_bsp/
[BSP build complete]
[PasswordCheckerV2 build complete]
09:01:13 **** Build of configuration Nios II for project PasswordCheckerV2 ****
make all 
Info: Building ../PasswordCheckerV2_bsp/
C:/intelFPGA_lite/16.1/nios2eds/bin/gnu/H-x86_64-mingw32/bin/make --no-print-directory -C ../PasswordCheckerV2_bsp/
[BSP build complete]
Info: Compiling hello_world_small.c to obj/default/hello_world_small.o
nios2-elf-gcc -xc -MP -MMD -c -I../PasswordCheckerV2_bsp//HAL/inc -I../PasswordCheckerV2_bsp/ -I../PasswordCheckerV2_bsp//drivers/inc  -pipe -D__hal__ -DALT_NO_C_PLUS_PLUS -DALT_NO_CLEAN_EXIT -D'exit(a)=_exit(a)' -DALT_NO_EXIT -DALT_USE_DIRECT_DRIVERS -DALT_NO_INSTRUCTION_EMULATION -DALT_USE_SMALL_DRIVERS -DSMALL_C_LIB -DALT_SINGLE_THREADED    -Os -g -Wall   -mno-hw-div -mhw-mul -mno-hw-mulx -mgpopt=global  -o obj/default/hello_world_small.o hello_world_small.c
Info: Linking PasswordCheckerV2.elf
nios2-elf-g++  -T'../PasswordCheckerV2_bsp//linker.x' -msys-crt0='../PasswordCheckerV2_bsp//obj/HAL/src/crt0.o' -msys-lib=hal_bsp -L../PasswordCheckerV2_bsp/  -msmallc  -Wl,-Map=PasswordCheckerV2.map   -Os -g -Wall   -mno-hw-div -mhw-mul -mno-hw-mulx -mgpopt=global  -o PasswordCheckerV2.elf obj/default/hello_world_small.o -lm -msys-lib=m
nios2-elf-insert PasswordCheckerV2.elf --thread_model hal --cpu_name myCPU --qsys true --simulation_enabled false --id 305419896 --sidp 0x1900 --timestamp 1587683138 --stderr_dev jtag_uart_0 --stdin_dev jtag_uart_0 --stdout_dev jtag_uart_0 --sopc_system_name niosSys --quartus_project_dir "C:/Users/Public/PasswordCheckersys" --jdi ../..//output_files/lab2_1.jdi --sopcinfo C:/Users/Public/PasswordCheckersys/software/PasswordCheckerV2_bsp/../../niosSys.sopcinfo
Info: (PasswordCheckerV2.elf) 5700 Bytes program size (code + initialized data).
Info:                         131065 KBytes free for stack + heap.
Info: Creating PasswordCheckerV2.objdump
nios2-elf-objdump --disassemble --syms --all-header --source PasswordCheckerV2.elf >PasswordCheckerV2.objdump
[PasswordCheckerV2 build complete]
09:01:14 **** Incremental Build of configuration Nios II for project PasswordCheckerV2 ****
make all 
Info: Building ../PasswordCheckerV2_bsp/
C:/intelFPGA_lite/16.1/nios2eds/bin/gnu/H-x86_64-mingw32/bin/make --no-print-directory -C ../PasswordCheckerV2_bsp/
[BSP build complete]
[PasswordCheckerV2 build complete]
09:10:46 **** Build of configuration Nios II for project PasswordCheckerV2 ****
make all 
Info: Building ../PasswordCheckerV2_bsp/
C:/intelFPGA_lite/16.1/nios2eds/bin/gnu/H-x86_64-mingw32/bin/make --no-print-directory -C ../PasswordCheckerV2_bsp/
[BSP build complete]
Info: Compiling hello_world_small.c to obj/default/hello_world_small.o
nios2-elf-gcc -xc -MP -MMD -c -I../PasswordCheckerV2_bsp//HAL/inc -I../PasswordCheckerV2_bsp/ -I../PasswordCheckerV2_bsp//drivers/inc  -pipe -D__hal__ -DALT_NO_C_PLUS_PLUS -DALT_NO_CLEAN_EXIT -D'exit(a)=_exit(a)' -DALT_NO_EXIT -DALT_USE_DIRECT_DRIVERS -DALT_NO_INSTRUCTION_EMULATION -DALT_USE_SMALL_DRIVERS -DSMALL_C_LIB -DALT_SINGLE_THREADED    -Os -g -Wall   -mno-hw-div -mhw-mul -mno-hw-mulx -mgpopt=global  -o obj/default/hello_world_small.o hello_world_small.c
hello_world_small.c: In function 'scheduler':
hello_world_small.c:23:20: error: expected expression before '=' token
 #define NUM_STATES = 4
                    ^
hello_world_small.c:155:16: note: in expansion of macro 'NUM_STATES'
   if(*state <= NUM_STATES)
                ^
make: *** [obj/default/hello_world_small.o] Error 1
09:10:47 **** Incremental Build of configuration Nios II for project PasswordCheckerV2 ****
make all 
Info: Building ../PasswordCheckerV2_bsp/
C:/intelFPGA_lite/16.1/nios2eds/bin/gnu/H-x86_64-mingw32/bin/make --no-print-directory -C ../PasswordCheckerV2_bsp/
[BSP build complete]
Info: Compiling hello_world_small.c to obj/default/hello_world_small.o
nios2-elf-gcc -xc -MP -MMD -c -I../PasswordCheckerV2_bsp//HAL/inc -I../PasswordCheckerV2_bsp/ -I../PasswordCheckerV2_bsp//drivers/inc  -pipe -D__hal__ -DALT_NO_C_PLUS_PLUS -DALT_NO_CLEAN_EXIT -D'exit(a)=_exit(a)' -DALT_NO_EXIT -DALT_USE_DIRECT_DRIVERS -DALT_NO_INSTRUCTION_EMULATION -DALT_USE_SMALL_DRIVERS -DSMALL_C_LIB -DALT_SINGLE_THREADED    -Os -g -Wall   -mno-hw-div -mhw-mul -mno-hw-mulx -mgpopt=global  -o obj/default/hello_world_small.o hello_world_small.c
hello_world_small.c: In function 'scheduler':
hello_world_small.c:23:20: error: expected expression before '=' token
 #define NUM_STATES = 4
                    ^
hello_world_small.c:155:16: note: in expansion of macro 'NUM_STATES'
   if(*state <= NUM_STATES)
                ^
make: *** [obj/default/hello_world_small.o] Error 1
09:11:11 **** Build of configuration Nios II for project PasswordCheckerV2 ****
make all 
Info: Building ../PasswordCheckerV2_bsp/
C:/intelFPGA_lite/16.1/nios2eds/bin/gnu/H-x86_64-mingw32/bin/make --no-print-directory -C ../PasswordCheckerV2_bsp/
[BSP build complete]
Info: Compiling hello_world_small.c to obj/default/hello_world_small.o
nios2-elf-gcc -xc -MP -MMD -c -I../PasswordCheckerV2_bsp//HAL/inc -I../PasswordCheckerV2_bsp/ -I../PasswordCheckerV2_bsp//drivers/inc  -pipe -D__hal__ -DALT_NO_C_PLUS_PLUS -DALT_NO_CLEAN_EXIT -D'exit(a)=_exit(a)' -DALT_NO_EXIT -DALT_USE_DIRECT_DRIVERS -DALT_NO_INSTRUCTION_EMULATION -DALT_USE_SMALL_DRIVERS -DSMALL_C_LIB -DALT_SINGLE_THREADED    -Os -g -Wall   -mno-hw-div -mhw-mul -mno-hw-mulx -mgpopt=global  -o obj/default/hello_world_small.o hello_world_small.c
Info: Linking PasswordCheckerV2.elf
nios2-elf-g++  -T'../PasswordCheckerV2_bsp//linker.x' -msys-crt0='../PasswordCheckerV2_bsp//obj/HAL/src/crt0.o' -msys-lib=hal_bsp -L../PasswordCheckerV2_bsp/  -msmallc  -Wl,-Map=PasswordCheckerV2.map   -Os -g -Wall   -mno-hw-div -mhw-mul -mno-hw-mulx -mgpopt=global  -o PasswordCheckerV2.elf obj/default/hello_world_small.o -lm -msys-lib=m
nios2-elf-insert PasswordCheckerV2.elf --thread_model hal --cpu_name myCPU --qsys true --simulation_enabled false --id 305419896 --sidp 0x1900 --timestamp 1587683138 --stderr_dev jtag_uart_0 --stdin_dev jtag_uart_0 --stdout_dev jtag_uart_0 --sopc_system_name niosSys --quartus_project_dir "C:/Users/Public/PasswordCheckersys" --jdi ../..//output_files/lab2_1.jdi --sopcinfo C:/Users/Public/PasswordCheckersys/software/PasswordCheckerV2_bsp/../../niosSys.sopcinfo
Info: (PasswordCheckerV2.elf) 5720 Bytes program size (code + initialized data).
Info:                         131064 KBytes free for stack + heap.
Info: Creating PasswordCheckerV2.objdump
nios2-elf-objdump --disassemble --syms --all-header --source PasswordCheckerV2.elf >PasswordCheckerV2.objdump
[PasswordCheckerV2 build complete]
09:11:13 **** Incremental Build of configuration Nios II for project PasswordCheckerV2 ****
make all 
Info: Building ../PasswordCheckerV2_bsp/
C:/intelFPGA_lite/16.1/nios2eds/bin/gnu/H-x86_64-mingw32/bin/make --no-print-directory -C ../PasswordCheckerV2_bsp/
[BSP build complete]
[PasswordCheckerV2 build complete]
09:15:24 **** Build of configuration Nios II for project PasswordCheckerV2 ****
make all 
Info: Building ../PasswordCheckerV2_bsp/
C:/intelFPGA_lite/16.1/nios2eds/bin/gnu/H-x86_64-mingw32/bin/make --no-print-directory -C ../PasswordCheckerV2_bsp/
[BSP build complete]
Info: Compiling hello_world_small.c to obj/default/hello_world_small.o
nios2-elf-gcc -xc -MP -MMD -c -I../PasswordCheckerV2_bsp//HAL/inc -I../PasswordCheckerV2_bsp/ -I../PasswordCheckerV2_bsp//drivers/inc  -pipe -D__hal__ -DALT_NO_C_PLUS_PLUS -DALT_NO_CLEAN_EXIT -D'exit(a)=_exit(a)' -DALT_NO_EXIT -DALT_USE_DIRECT_DRIVERS -DALT_NO_INSTRUCTION_EMULATION -DALT_USE_SMALL_DRIVERS -DSMALL_C_LIB -DALT_SINGLE_THREADED    -Os -g -Wall   -mno-hw-div -mhw-mul -mno-hw-mulx -mgpopt=global  -o obj/default/hello_world_small.o hello_world_small.c
Info: Linking PasswordCheckerV2.elf
nios2-elf-g++  -T'../PasswordCheckerV2_bsp//linker.x' -msys-crt0='../PasswordCheckerV2_bsp//obj/HAL/src/crt0.o' -msys-lib=hal_bsp -L../PasswordCheckerV2_bsp/  -msmallc  -Wl,-Map=PasswordCheckerV2.map   -Os -g -Wall   -mno-hw-div -mhw-mul -mno-hw-mulx -mgpopt=global  -o PasswordCheckerV2.elf obj/default/hello_world_small.o -lm -msys-lib=m
nios2-elf-insert PasswordCheckerV2.elf --thread_model hal --cpu_name myCPU --qsys true --simulation_enabled false --id 305419896 --sidp 0x1900 --timestamp 1587683138 --stderr_dev jtag_uart_0 --stdin_dev jtag_uart_0 --stdout_dev jtag_uart_0 --sopc_system_name niosSys --quartus_project_dir "C:/Users/Public/PasswordCheckersys" --jdi ../..//output_files/lab2_1.jdi --sopcinfo C:/Users/Public/PasswordCheckersys/software/PasswordCheckerV2_bsp/../../niosSys.sopcinfo
Info: (PasswordCheckerV2.elf) 5996 Bytes program size (code + initialized data).
Info:                         131064 KBytes free for stack + heap.
Info: Creating PasswordCheckerV2.objdump
nios2-elf-objdump --disassemble --syms --all-header --source PasswordCheckerV2.elf >PasswordCheckerV2.objdump
[PasswordCheckerV2 build complete]
09:15:25 **** Incremental Build of configuration Nios II for project PasswordCheckerV2 ****
make all 
Info: Building ../PasswordCheckerV2_bsp/
C:/intelFPGA_lite/16.1/nios2eds/bin/gnu/H-x86_64-mingw32/bin/make --no-print-directory -C ../PasswordCheckerV2_bsp/
[BSP build complete]
[PasswordCheckerV2 build complete]
09:16:16 **** Build of configuration Nios II for project PasswordCheckerV2 ****
make all 
Info: Building ../PasswordCheckerV2_bsp/
C:/intelFPGA_lite/16.1/nios2eds/bin/gnu/H-x86_64-mingw32/bin/make --no-print-directory -C ../PasswordCheckerV2_bsp/
[BSP build complete]
Info: Compiling hello_world_small.c to obj/default/hello_world_small.o
nios2-elf-gcc -xc -MP -MMD -c -I../PasswordCheckerV2_bsp//HAL/inc -I../PasswordCheckerV2_bsp/ -I../PasswordCheckerV2_bsp//drivers/inc  -pipe -D__hal__ -DALT_NO_C_PLUS_PLUS -DALT_NO_CLEAN_EXIT -D'exit(a)=_exit(a)' -DALT_NO_EXIT -DALT_USE_DIRECT_DRIVERS -DALT_NO_INSTRUCTION_EMULATION -DALT_USE_SMALL_DRIVERS -DSMALL_C_LIB -DALT_SINGLE_THREADED    -Os -g -Wall   -mno-hw-div -mhw-mul -mno-hw-mulx -mgpopt=global  -o obj/default/hello_world_small.o hello_world_small.c
Info: Linking PasswordCheckerV2.elf
nios2-elf-g++  -T'../PasswordCheckerV2_bsp//linker.x' -msys-crt0='../PasswordCheckerV2_bsp//obj/HAL/src/crt0.o' -msys-lib=hal_bsp -L../PasswordCheckerV2_bsp/  -msmallc  -Wl,-Map=PasswordCheckerV2.map   -Os -g -Wall   -mno-hw-div -mhw-mul -mno-hw-mulx -mgpopt=global  -o PasswordCheckerV2.elf obj/default/hello_world_small.o -lm -msys-lib=m
nios2-elf-insert PasswordCheckerV2.elf --thread_model hal --cpu_name myCPU --qsys true --simulation_enabled false --id 305419896 --sidp 0x1900 --timestamp 1587683138 --stderr_dev jtag_uart_0 --stdin_dev jtag_uart_0 --stdout_dev jtag_uart_0 --sopc_system_name niosSys --quartus_project_dir "C:/Users/Public/PasswordCheckersys" --jdi ../..//output_files/lab2_1.jdi --sopcinfo C:/Users/Public/PasswordCheckersys/software/PasswordCheckerV2_bsp/../../niosSys.sopcinfo
Info: (PasswordCheckerV2.elf) 6004 Bytes program size (code + initialized data).
Info:                         131064 KBytes free for stack + heap.
Info: Creating PasswordCheckerV2.objdump
nios2-elf-objdump --disassemble --syms --all-header --source PasswordCheckerV2.elf >PasswordCheckerV2.objdump
[PasswordCheckerV2 build complete]
09:16:17 **** Incremental Build of configuration Nios II for project PasswordCheckerV2 ****
make all 
Info: Building ../PasswordCheckerV2_bsp/
C:/intelFPGA_lite/16.1/nios2eds/bin/gnu/H-x86_64-mingw32/bin/make --no-print-directory -C ../PasswordCheckerV2_bsp/
[BSP build complete]
[PasswordCheckerV2 build complete]
09:16:54 **** Build of configuration Nios II for project PasswordCheckerV2 ****
make all 
Info: Building ../PasswordCheckerV2_bsp/
C:/intelFPGA_lite/16.1/nios2eds/bin/gnu/H-x86_64-mingw32/bin/make --no-print-directory -C ../PasswordCheckerV2_bsp/
[BSP build complete]
Info: Compiling hello_world_small.c to obj/default/hello_world_small.o
nios2-elf-gcc -xc -MP -MMD -c -I../PasswordCheckerV2_bsp//HAL/inc -I../PasswordCheckerV2_bsp/ -I../PasswordCheckerV2_bsp//drivers/inc  -pipe -D__hal__ -DALT_NO_C_PLUS_PLUS -DALT_NO_CLEAN_EXIT -D'exit(a)=_exit(a)' -DALT_NO_EXIT -DALT_USE_DIRECT_DRIVERS -DALT_NO_INSTRUCTION_EMULATION -DALT_USE_SMALL_DRIVERS -DSMALL_C_LIB -DALT_SINGLE_THREADED    -Os -g -Wall   -mno-hw-div -mhw-mul -mno-hw-mulx -mgpopt=global  -o obj/default/hello_world_small.o hello_world_small.c
Info: Linking PasswordCheckerV2.elf
nios2-elf-g++  -T'../PasswordCheckerV2_bsp//linker.x' -msys-crt0='../PasswordCheckerV2_bsp//obj/HAL/src/crt0.o' -msys-lib=hal_bsp -L../PasswordCheckerV2_bsp/  -msmallc  -Wl,-Map=PasswordCheckerV2.map   -Os -g -Wall   -mno-hw-div -mhw-mul -mno-hw-mulx -mgpopt=global  -o PasswordCheckerV2.elf obj/default/hello_world_small.o -lm -msys-lib=m
nios2-elf-insert PasswordCheckerV2.elf --thread_model hal --cpu_name myCPU --qsys true --simulation_enabled false --id 305419896 --sidp 0x1900 --timestamp 1587683138 --stderr_dev jtag_uart_0 --stdin_dev jtag_uart_0 --stdout_dev jtag_uart_0 --sopc_system_name niosSys --quartus_project_dir "C:/Users/Public/PasswordCheckersys" --jdi ../..//output_files/lab2_1.jdi --sopcinfo C:/Users/Public/PasswordCheckersys/software/PasswordCheckerV2_bsp/../../niosSys.sopcinfo
Info: (PasswordCheckerV2.elf) 6004 Bytes program size (code + initialized data).
Info:                         131064 KBytes free for stack + heap.
Info: Creating PasswordCheckerV2.objdump
nios2-elf-objdump --disassemble --syms --all-header --source PasswordCheckerV2.elf >PasswordCheckerV2.objdump
[PasswordCheckerV2 build complete]
09:16:55 **** Incremental Build of configuration Nios II for project PasswordCheckerV2 ****
make all 
Info: Building ../PasswordCheckerV2_bsp/
C:/intelFPGA_lite/16.1/nios2eds/bin/gnu/H-x86_64-mingw32/bin/make --no-print-directory -C ../PasswordCheckerV2_bsp/
[BSP build complete]
[PasswordCheckerV2 build complete]
09:17:41 **** Build of configuration Nios II for project PasswordCheckerV2 ****
make all 
Info: Building ../PasswordCheckerV2_bsp/
C:/intelFPGA_lite/16.1/nios2eds/bin/gnu/H-x86_64-mingw32/bin/make --no-print-directory -C ../PasswordCheckerV2_bsp/
[BSP build complete]
Info: Compiling hello_world_small.c to obj/default/hello_world_small.o
nios2-elf-gcc -xc -MP -MMD -c -I../PasswordCheckerV2_bsp//HAL/inc -I../PasswordCheckerV2_bsp/ -I../PasswordCheckerV2_bsp//drivers/inc  -pipe -D__hal__ -DALT_NO_C_PLUS_PLUS -DALT_NO_CLEAN_EXIT -D'exit(a)=_exit(a)' -DALT_NO_EXIT -DALT_USE_DIRECT_DRIVERS -DALT_NO_INSTRUCTION_EMULATION -DALT_USE_SMALL_DRIVERS -DSMALL_C_LIB -DALT_SINGLE_THREADED    -Os -g -Wall   -mno-hw-div -mhw-mul -mno-hw-mulx -mgpopt=global  -o obj/default/hello_world_small.o hello_world_small.c
Info: Linking PasswordCheckerV2.elf
nios2-elf-g++  -T'../PasswordCheckerV2_bsp//linker.x' -msys-crt0='../PasswordCheckerV2_bsp//obj/HAL/src/crt0.o' -msys-lib=hal_bsp -L../PasswordCheckerV2_bsp/  -msmallc  -Wl,-Map=PasswordCheckerV2.map   -Os -g -Wall   -mno-hw-div -mhw-mul -mno-hw-mulx -mgpopt=global  -o PasswordCheckerV2.elf obj/default/hello_world_small.o -lm -msys-lib=m
nios2-elf-insert PasswordCheckerV2.elf --thread_model hal --cpu_name myCPU --qsys true --simulation_enabled false --id 305419896 --sidp 0x1900 --timestamp 1587683138 --stderr_dev jtag_uart_0 --stdin_dev jtag_uart_0 --stdout_dev jtag_uart_0 --sopc_system_name niosSys --quartus_project_dir "C:/Users/Public/PasswordCheckersys" --jdi ../..//output_files/lab2_1.jdi --sopcinfo C:/Users/Public/PasswordCheckersys/software/PasswordCheckerV2_bsp/../../niosSys.sopcinfo
Info: (PasswordCheckerV2.elf) 6008 Bytes program size (code + initialized data).
Info:                         131064 KBytes free for stack + heap.
Info: Creating PasswordCheckerV2.objdump
nios2-elf-objdump --disassemble --syms --all-header --source PasswordCheckerV2.elf >PasswordCheckerV2.objdump
[PasswordCheckerV2 build complete]
09:17:42 **** Incremental Build of configuration Nios II for project PasswordCheckerV2 ****
make all 
Info: Building ../PasswordCheckerV2_bsp/
C:/intelFPGA_lite/16.1/nios2eds/bin/gnu/H-x86_64-mingw32/bin/make --no-print-directory -C ../PasswordCheckerV2_bsp/
[BSP build complete]
[PasswordCheckerV2 build complete]
09:18:07 **** Build of configuration Nios II for project PasswordCheckerV2 ****
make all 
Info: Building ../PasswordCheckerV2_bsp/
C:/intelFPGA_lite/16.1/nios2eds/bin/gnu/H-x86_64-mingw32/bin/make --no-print-directory -C ../PasswordCheckerV2_bsp/
[BSP build complete]
Info: Compiling hello_world_small.c to obj/default/hello_world_small.o
nios2-elf-gcc -xc -MP -MMD -c -I../PasswordCheckerV2_bsp//HAL/inc -I../PasswordCheckerV2_bsp/ -I../PasswordCheckerV2_bsp//drivers/inc  -pipe -D__hal__ -DALT_NO_C_PLUS_PLUS -DALT_NO_CLEAN_EXIT -D'exit(a)=_exit(a)' -DALT_NO_EXIT -DALT_USE_DIRECT_DRIVERS -DALT_NO_INSTRUCTION_EMULATION -DALT_USE_SMALL_DRIVERS -DSMALL_C_LIB -DALT_SINGLE_THREADED    -Os -g -Wall   -mno-hw-div -mhw-mul -mno-hw-mulx -mgpopt=global  -o obj/default/hello_world_small.o hello_world_small.c
Info: Linking PasswordCheckerV2.elf
nios2-elf-g++  -T'../PasswordCheckerV2_bsp//linker.x' -msys-crt0='../PasswordCheckerV2_bsp//obj/HAL/src/crt0.o' -msys-lib=hal_bsp -L../PasswordCheckerV2_bsp/  -msmallc  -Wl,-Map=PasswordCheckerV2.map   -Os -g -Wall   -mno-hw-div -mhw-mul -mno-hw-mulx -mgpopt=global  -o PasswordCheckerV2.elf obj/default/hello_world_small.o -lm -msys-lib=m
nios2-elf-insert PasswordCheckerV2.elf --thread_model hal --cpu_name myCPU --qsys true --simulation_enabled false --id 305419896 --sidp 0x1900 --timestamp 1587683138 --stderr_dev jtag_uart_0 --stdin_dev jtag_uart_0 --stdout_dev jtag_uart_0 --sopc_system_name niosSys --quartus_project_dir "C:/Users/Public/PasswordCheckersys" --jdi ../..//output_files/lab2_1.jdi --sopcinfo C:/Users/Public/PasswordCheckersys/software/PasswordCheckerV2_bsp/../../niosSys.sopcinfo
Info: (PasswordCheckerV2.elf) 6008 Bytes program size (code + initialized data).
Info:                         131064 KBytes free for stack + heap.
Info: Creating PasswordCheckerV2.objdump
nios2-elf-objdump --disassemble --syms --all-header --source PasswordCheckerV2.elf >PasswordCheckerV2.objdump
[PasswordCheckerV2 build complete]
09:18:08 **** Incremental Build of configuration Nios II for project PasswordCheckerV2 ****
make all 
Info: Building ../PasswordCheckerV2_bsp/
C:/intelFPGA_lite/16.1/nios2eds/bin/gnu/H-x86_64-mingw32/bin/make --no-print-directory -C ../PasswordCheckerV2_bsp/
[BSP build complete]
[PasswordCheckerV2 build complete]
09:19:43 **** Build of configuration Nios II for project PasswordCheckerV2 ****
make all 
Info: Building ../PasswordCheckerV2_bsp/
C:/intelFPGA_lite/16.1/nios2eds/bin/gnu/H-x86_64-mingw32/bin/make --no-print-directory -C ../PasswordCheckerV2_bsp/
[BSP build complete]
Info: Compiling hello_world_small.c to obj/default/hello_world_small.o
nios2-elf-gcc -xc -MP -MMD -c -I../PasswordCheckerV2_bsp//HAL/inc -I../PasswordCheckerV2_bsp/ -I../PasswordCheckerV2_bsp//drivers/inc  -pipe -D__hal__ -DALT_NO_C_PLUS_PLUS -DALT_NO_CLEAN_EXIT -D'exit(a)=_exit(a)' -DALT_NO_EXIT -DALT_USE_DIRECT_DRIVERS -DALT_NO_INSTRUCTION_EMULATION -DALT_USE_SMALL_DRIVERS -DSMALL_C_LIB -DALT_SINGLE_THREADED    -Os -g -Wall   -mno-hw-div -mhw-mul -mno-hw-mulx -mgpopt=global  -o obj/default/hello_world_small.o hello_world_small.c
Info: Linking PasswordCheckerV2.elf
nios2-elf-g++  -T'../PasswordCheckerV2_bsp//linker.x' -msys-crt0='../PasswordCheckerV2_bsp//obj/HAL/src/crt0.o' -msys-lib=hal_bsp -L../PasswordCheckerV2_bsp/  -msmallc  -Wl,-Map=PasswordCheckerV2.map   -Os -g -Wall   -mno-hw-div -mhw-mul -mno-hw-mulx -mgpopt=global  -o PasswordCheckerV2.elf obj/default/hello_world_small.o -lm -msys-lib=m
nios2-elf-insert PasswordCheckerV2.elf --thread_model hal --cpu_name myCPU --qsys true --simulation_enabled false --id 305419896 --sidp 0x1900 --timestamp 1587683138 --stderr_dev jtag_uart_0 --stdin_dev jtag_uart_0 --stdout_dev jtag_uart_0 --sopc_system_name niosSys --quartus_project_dir "C:/Users/Public/PasswordCheckersys" --jdi ../..//output_files/lab2_1.jdi --sopcinfo C:/Users/Public/PasswordCheckersys/software/PasswordCheckerV2_bsp/../../niosSys.sopcinfo
Info: (PasswordCheckerV2.elf) 6008 Bytes program size (code + initialized data).
Info:                         131064 KBytes free for stack + heap.
Info: Creating PasswordCheckerV2.objdump
nios2-elf-objdump --disassemble --syms --all-header --source PasswordCheckerV2.elf >PasswordCheckerV2.objdump
[PasswordCheckerV2 build complete]
09:19:44 **** Incremental Build of configuration Nios II for project PasswordCheckerV2 ****
make all 
Info: Building ../PasswordCheckerV2_bsp/
C:/intelFPGA_lite/16.1/nios2eds/bin/gnu/H-x86_64-mingw32/bin/make --no-print-directory -C ../PasswordCheckerV2_bsp/
[BSP build complete]
[PasswordCheckerV2 build complete]
09:21:43 **** Build of configuration Nios II for project PasswordCheckerV2 ****
make all 
Info: Building ../PasswordCheckerV2_bsp/
C:/intelFPGA_lite/16.1/nios2eds/bin/gnu/H-x86_64-mingw32/bin/make --no-print-directory -C ../PasswordCheckerV2_bsp/
[BSP build complete]
Info: Compiling hello_world_small.c to obj/default/hello_world_small.o
nios2-elf-gcc -xc -MP -MMD -c -I../PasswordCheckerV2_bsp//HAL/inc -I../PasswordCheckerV2_bsp/ -I../PasswordCheckerV2_bsp//drivers/inc  -pipe -D__hal__ -DALT_NO_C_PLUS_PLUS -DALT_NO_CLEAN_EXIT -D'exit(a)=_exit(a)' -DALT_NO_EXIT -DALT_USE_DIRECT_DRIVERS -DALT_NO_INSTRUCTION_EMULATION -DALT_USE_SMALL_DRIVERS -DSMALL_C_LIB -DALT_SINGLE_THREADED    -Os -g -Wall   -mno-hw-div -mhw-mul -mno-hw-mulx -mgpopt=global  -o obj/default/hello_world_small.o hello_world_small.c
Info: Linking PasswordCheckerV2.elf
nios2-elf-g++  -T'../PasswordCheckerV2_bsp//linker.x' -msys-crt0='../PasswordCheckerV2_bsp//obj/HAL/src/crt0.o' -msys-lib=hal_bsp -L../PasswordCheckerV2_bsp/  -msmallc  -Wl,-Map=PasswordCheckerV2.map   -Os -g -Wall   -mno-hw-div -mhw-mul -mno-hw-mulx -mgpopt=global  -o PasswordCheckerV2.elf obj/default/hello_world_small.o -lm -msys-lib=m
nios2-elf-insert PasswordCheckerV2.elf --thread_model hal --cpu_name myCPU --qsys true --simulation_enabled false --id 305419896 --sidp 0x1900 --timestamp 1587683138 --stderr_dev jtag_uart_0 --stdin_dev jtag_uart_0 --stdout_dev jtag_uart_0 --sopc_system_name niosSys --quartus_project_dir "C:/Users/Public/PasswordCheckersys" --jdi ../..//output_files/lab2_1.jdi --sopcinfo C:/Users/Public/PasswordCheckersys/software/PasswordCheckerV2_bsp/../../niosSys.sopcinfo
Info: (PasswordCheckerV2.elf) 6008 Bytes program size (code + initialized data).
Info:                         131064 KBytes free for stack + heap.
Info: Creating PasswordCheckerV2.objdump
nios2-elf-objdump --disassemble --syms --all-header --source PasswordCheckerV2.elf >PasswordCheckerV2.objdump
[PasswordCheckerV2 build complete]
09:21:44 **** Incremental Build of configuration Nios II for project PasswordCheckerV2 ****
make all 
Info: Building ../PasswordCheckerV2_bsp/
C:/intelFPGA_lite/16.1/nios2eds/bin/gnu/H-x86_64-mingw32/bin/make --no-print-directory -C ../PasswordCheckerV2_bsp/
[BSP build complete]
[PasswordCheckerV2 build complete]
09:22:28 **** Build of configuration Nios II for project PasswordCheckerV2 ****
make all 
Info: Building ../PasswordCheckerV2_bsp/
C:/intelFPGA_lite/16.1/nios2eds/bin/gnu/H-x86_64-mingw32/bin/make --no-print-directory -C ../PasswordCheckerV2_bsp/
[BSP build complete]
Info: Compiling hello_world_small.c to obj/default/hello_world_small.o
nios2-elf-gcc -xc -MP -MMD -c -I../PasswordCheckerV2_bsp//HAL/inc -I../PasswordCheckerV2_bsp/ -I../PasswordCheckerV2_bsp//drivers/inc  -pipe -D__hal__ -DALT_NO_C_PLUS_PLUS -DALT_NO_CLEAN_EXIT -D'exit(a)=_exit(a)' -DALT_NO_EXIT -DALT_USE_DIRECT_DRIVERS -DALT_NO_INSTRUCTION_EMULATION -DALT_USE_SMALL_DRIVERS -DSMALL_C_LIB -DALT_SINGLE_THREADED    -Os -g -Wall   -mno-hw-div -mhw-mul -mno-hw-mulx -mgpopt=global  -o obj/default/hello_world_small.o hello_world_small.c
Info: Linking PasswordCheckerV2.elf
nios2-elf-g++  -T'../PasswordCheckerV2_bsp//linker.x' -msys-crt0='../PasswordCheckerV2_bsp//obj/HAL/src/crt0.o' -msys-lib=hal_bsp -L../PasswordCheckerV2_bsp/  -msmallc  -Wl,-Map=PasswordCheckerV2.map   -Os -g -Wall   -mno-hw-div -mhw-mul -mno-hw-mulx -mgpopt=global  -o PasswordCheckerV2.elf obj/default/hello_world_small.o -lm -msys-lib=m
nios2-elf-insert PasswordCheckerV2.elf --thread_model hal --cpu_name myCPU --qsys true --simulation_enabled false --id 305419896 --sidp 0x1900 --timestamp 1587683138 --stderr_dev jtag_uart_0 --stdin_dev jtag_uart_0 --stdout_dev jtag_uart_0 --sopc_system_name niosSys --quartus_project_dir "C:/Users/Public/PasswordCheckersys" --jdi ../..//output_files/lab2_1.jdi --sopcinfo C:/Users/Public/PasswordCheckersys/software/PasswordCheckerV2_bsp/../../niosSys.sopcinfo
Info: (PasswordCheckerV2.elf) 6004 Bytes program size (code + initialized data).
Info:                         131064 KBytes free for stack + heap.
Info: Creating PasswordCheckerV2.objdump
nios2-elf-objdump --disassemble --syms --all-header --source PasswordCheckerV2.elf >PasswordCheckerV2.objdump
[PasswordCheckerV2 build complete]
09:22:29 **** Incremental Build of configuration Nios II for project PasswordCheckerV2 ****
make all 
Info: Building ../PasswordCheckerV2_bsp/
C:/intelFPGA_lite/16.1/nios2eds/bin/gnu/H-x86_64-mingw32/bin/make --no-print-directory -C ../PasswordCheckerV2_bsp/
[BSP build complete]
[PasswordCheckerV2 build complete]
